Log file open, 08/05/21 04:21:08
LogWindows: Failed to load 'aqProf.dll' (GetLastError=126)
LogWindows: File 'aqProf.dll' does not exist
LogWindows: Failed to load 'VtuneApi.dll' (GetLastError=126)
LogWindows: File 'VtuneApi.dll' does not exist
LogWindows: Failed to load 'VtuneApi32e.dll' (GetLastError=126)
LogWindows: File 'VtuneApi32e.dll' does not exist
LogConsoleResponse: Display: Failed to find resolution value strings in scalability ini. Falling back to default.
LogInit: Display: Running engine for game: HW_02_UI
LogPlatformFile: Not using cached read wrapper
LogTaskGraph: Started task graph with 5 named threads and 35 total threads with 3 sets of task threads.
LogStats: Stats thread started at 0.063861
LogD3D11RHI: Loaded GFSDK_Aftermath_Lib.x64.dll
LogICUInternationalization: ICU TimeZone Detection - Raw Offset: +8:00, Platform Override: ''
LogPluginManager: Mounting plugin Paper2D
LogPluginManager: Mounting plugin AISupport
LogPluginManager: Mounting plugin LightPropagationVolume
LogPluginManager: Mounting plugin ActorLayerUtilities
LogPluginManager: Mounting plugin AnimationSharing
LogPluginManager: Mounting plugin CLionSourceCodeAccess
LogPluginManager: Mounting plugin CodeLiteSourceCodeAccess
LogPluginManager: Mounting plugin GitSourceControl
LogPluginManager: Mounting plugin KDevelopSourceCodeAccess
LogPluginManager: Mounting plugin NullSourceCodeAccess
LogPluginManager: Mounting plugin PerforceSourceControl
LogPluginManager: Mounting plugin SubversionSourceControl
LogPluginManager: Mounting plugin UObjectPlugin
LogPluginManager: Mounting plugin VisualStudioCodeSourceCodeAccess
LogPluginManager: Mounting plugin VisualStudioSourceCodeAccess
LogPluginManager: Mounting plugin XCodeSourceCodeAccess
LogPluginManager: Mounting plugin AssetManagerEditor
LogPluginManager: Mounting plugin CryptoKeys
LogPluginManager: Mounting plugin CurveEditorTools
LogPluginManager: Mounting plugin DataValidation
LogPluginManager: Mounting plugin FacialAnimation
LogPluginManager: Mounting plugin GameplayTagsEditor
LogPluginManager: Mounting plugin MacGraphicsSwitching
LogPluginManager: Mounting plugin MaterialAnalyzer
LogPluginManager: Mounting plugin MobileLauncherProfileWizard
LogPluginManager: Mounting plugin PluginBrowser
LogPluginManager: Mounting plugin SpeedTreeImporter
LogPluginManager: Mounting plugin DatasmithContent
LogPluginManager: Mounting plugin VariantManagerContent
LogPluginManager: Mounting plugin AlembicImporter
LogPluginManager: Mounting plugin AutomationUtils
LogPluginManager: Mounting plugin BackChannel
LogPluginManager: Mounting plugin CharacterAI
LogPluginManager: Mounting plugin GeometryCache
LogPluginManager: Mounting plugin HTML5Networking
LogPluginManager: Mounting plugin PlatformCrypto
LogPluginManager: Mounting plugin ProxyLODPlugin
LogPluginManager: Mounting plugin SkeletalReduction
LogPluginManager: Mounting plugin MagicLeap
LogPluginManager: Mounting plugin MagicLeapMedia
LogPluginManager: Mounting plugin AndroidMedia
LogPluginManager: Mounting plugin AvfMedia
LogPluginManager: Mounting plugin ImgMedia
LogPluginManager: Mounting plugin MediaCompositing
LogPluginManager: Mounting plugin MediaPlayerEditor
LogPluginManager: Mounting plugin WebMMedia
LogPluginManager: Mounting plugin WmfMedia
LogPluginManager: Mounting plugin TcpMessaging
LogPluginManager: Mounting plugin UdpMessaging
LogPluginManager: Mounting plugin ActorSequence
LogPluginManager: Mounting plugin LevelSequenceEditor
LogPluginManager: Mounting plugin MatineeToLevelSequence
LogPluginManager: Mounting plugin NetcodeUnitTest
LogPluginManager: Mounting plugin NUTUnrealEngine4
LogPluginManager: Mounting plugin OnlineSubsystemGooglePlay
LogPluginManager: Mounting plugin OnlineSubsystemIOS
LogPluginManager: Mounting plugin OnlineSubsystem
LogPluginManager: Mounting plugin OnlineSubsystemNull
LogPluginManager: Mounting plugin OnlineSubsystemUtils
LogPluginManager: Mounting plugin LauncherChunkInstaller
LogPluginManager: Mounting plugin AndroidDeviceProfileSelector
LogPluginManager: Mounting plugin AndroidMoviePlayer
LogPluginManager: Mounting plugin AndroidPermission
LogPluginManager: Mounting plugin AppleImageUtils
LogPluginManager: Mounting plugin AppleMoviePlayer
LogPluginManager: Mounting plugin ArchVisCharacter
LogPluginManager: Mounting plugin AudioCapture
LogPluginManager: Mounting plugin CableComponent
LogPluginManager: Mounting plugin CustomMeshComponent
LogPluginManager: Mounting plugin EditableMesh
LogPluginManager: Mounting plugin ExampleDeviceProfileSelector
LogPluginManager: Mounting plugin GoogleCloudMessaging
LogPluginManager: Mounting plugin IOSDeviceProfileSelector
LogPluginManager: Mounting plugin LinuxDeviceProfileSelector
LogPluginManager: Mounting plugin LocationServicesBPLibrary
LogPluginManager: Mounting plugin MobilePatchingUtils
LogPluginManager: Mounting plugin OculusVR
LogPluginManager: Mounting plugin PhysXVehicles
LogPluginManager: Mounting plugin ProceduralMeshComponent
LogPluginManager: Mounting plugin RuntimePhysXCooking
LogPluginManager: Mounting plugin SignificanceManager
LogPluginManager: Mounting plugin SteamVR
LogPluginManager: Mounting plugin WebMMoviePlayer
LogPluginManager: Mounting plugin WindowsMoviePlayer
LogPluginManager: Mounting plugin ScreenshotTools
LogInit: Using libcurl 7.55.1-DEV
LogInit:  - built for x86_64-pc-win32
LogInit:  - supports SSL with OpenSSL/1.1.1
LogInit:  - supports HTTP deflate (compression) using libz 1.2.8
LogInit:  - other features:
LogInit:      CURL_VERSION_SSL
LogInit:      CURL_VERSION_LIBZ
LogInit:      CURL_VERSION_IPV6
LogInit:      CURL_VERSION_ASYNCHDNS
LogInit:      CURL_VERSION_LARGEFILE
LogInit:      CURL_VERSION_IDN
LogInit:  CurlRequestOptions (configurable via config and command line):
LogInit:  - bVerifyPeer = true  - Libcurl will verify peer certificate
LogInit:  - bUseHttpProxy = false  - Libcurl will NOT use HTTP proxy
LogInit:  - bDontReuseConnections = false  - Libcurl will reuse connections
LogInit:  - MaxHostConnections = 16  - Libcurl will limit the number of connections to a host
LogInit:  - LocalHostAddr = Default
LogInit:  - BufferSize = 65536
LogOnline: OSS: Creating online subsystem instance for: NULL
LogInit: WinSock: version 1.1 (2.2), MaxSocks=32767, MaxUdp=65467
LogHMD: Failed initializing OVRPlugin 1.37.0
LogInit: Build: ++UE4+Release-4.23-CL-9631420
LogInit: Engine Version: 4.23.1-9631420+++UE4+Release-4.23
LogInit: Compatible Engine Version: 4.23.0-8386587+++UE4+Release-4.23
LogInit: Net CL: 8386587
LogInit: OS: Windows 10 (Release 2009) (), CPU: Intel(R) Core(TM) i7-8750H CPU @ 2.20GHz, GPU: Intel(R) UHD Graphics 630
LogInit: Compiled (64-bit): Oct 18 2019 02:07:44
LogInit: Compiled with Visual C++: 19.16.27030.01
LogInit: Build Configuration: Development
LogInit: Branch Name: ++UE4+Release-4.23
LogInit: Command Line: 
LogInit: Base Directory: D:/UE_4.23/Engine/Binaries/Win64/
LogInit: Installed Engine Build: 1
LogDevObjectVersion: Number of dev versions registered: 23
LogDevObjectVersion:   Dev-Blueprints (B0D832E4-1F89-4F0D-ACCF-7EB736FD4AA2): 10
LogDevObjectVersion:   Dev-Build (E1C64328-A22C-4D53-A36C-8E866417BD8C): 0
LogDevObjectVersion:   Dev-Core (375EC13C-06E4-48FB-B500-84F0262A717E): 3
LogDevObjectVersion:   Dev-Editor (E4B068ED-F494-42E9-A231-DA0B2E46BB41): 34
LogDevObjectVersion:   Dev-Framework (CFFC743F-43B0-4480-9391-14DF171D2073): 35
LogDevObjectVersion:   Dev-Mobile (B02B49B5-BB20-44E9-A304-32B752E40360): 2
LogDevObjectVersion:   Dev-Networking (A4E4105C-59A1-49B5-A7C5-40C4547EDFEE): 0
LogDevObjectVersion:   Dev-Online (39C831C9-5AE6-47DC-9A44-9C173E1C8E7C): 0
LogDevObjectVersion:   Dev-Physics (78F01B33-EBEA-4F98-B9B4-84EACCB95AA2): 0
LogDevObjectVersion:   Dev-Platform (6631380F-2D4D-43E0-8009-CF276956A95A): 0
LogDevObjectVersion:   Dev-Rendering (12F88B9F-8875-4AFC-A67C-D90C383ABD29): 31
LogDevObjectVersion:   Dev-Sequencer (7B5AE74C-D270-4C10-A958-57980B212A5A): 11
LogDevObjectVersion:   Dev-VR (D7296918-1DD6-4BDD-9DE2-64A83CC13884): 2
LogDevObjectVersion:   Dev-LoadTimes (C2A15278-BFE7-4AFE-6C17-90FF531DF755): 1
LogDevObjectVersion:   Private-Geometry (6EACA3D4-40EC-4CC1-B786-8BED09428FC5): 3
LogDevObjectVersion:   Dev-AnimPhys (29E575DD-E0A3-4627-9D10-D276232CDCEA): 17
LogDevObjectVersion:   Dev-Anim (AF43A65D-7FD3-4947-9873-3E8ED9C1BB05): 2
LogDevObjectVersion:   Dev-ReflectionCapture (6B266CEC-1EC7-4B8F-A30B-E4D90942FC07): 1
LogDevObjectVersion:   Dev-Automation (0DF73D61-A23F-47EA-B727-89E90C41499A): 1
LogDevObjectVersion:   FortniteMain (601D1886-AC64-4F84-AA16-D3DE0DEAC7D6): 27
LogDevObjectVersion:   Dev-Enterprise (9DFFBCD6-494F-0158-E221-12823C92A888): 6
LogDevObjectVersion:   Dev-Niagara (F2AED0AC-9AFE-416F-8664-AA7FFA26D6FC): 1
LogDevObjectVersion:   Dev-Destruction (174F1F0B-B4C6-45A5-B13F-2EE8D0FB917D): 9
LogInit: Presizing for max 16777216 objects, including 0 objects not considered by GC, pre-allocating 0 bytes for permanent pool.
LogInit: Object subsystem initialized
LogConfig: Setting CVar [[con.DebugEarlyDefault:1]]
LogConfig: Setting CVar [[r.setres:1280x720]]
[2021.08.04-20.21.09:681][  0]LogConfig: Setting CVar [[r.VSync:0]]
[2021.08.04-20.21.09:681][  0]LogConfig: Setting CVar [[r.RHICmdBypass:0]]
[2021.08.04-20.21.09:681][  0]LogConfig: Applying CVar settings from Section [/Script/Engine.RendererSettings] File [C:/Users/CYUT-IM/Documents/Unreal Projects/Unreal_HW_02_UI/HW_02_UI/Saved/Config/Windows/Engine.ini]
[2021.08.04-20.21.09:681][  0]LogConfig: Setting CVar [[r.GPUCrashDebugging:0]]
[2021.08.04-20.21.09:681][  0]LogConfig: Applying CVar settings from Section [/Script/Engine.RendererOverrideSettings] File [C:/Users/CYUT-IM/Documents/Unreal Projects/Unreal_HW_02_UI/HW_02_UI/Saved/Config/Windows/Engine.ini]
[2021.08.04-20.21.09:681][  0]LogConfig: Applying CVar settings from Section [/Script/Engine.StreamingSettings] File [C:/Users/CYUT-IM/Documents/Unreal Projects/Unreal_HW_02_UI/HW_02_UI/Saved/Config/Windows/Engine.ini]
[2021.08.04-20.21.09:681][  0]LogConfig: Setting CVar [[s.MinBulkDataSizeForAsyncLoading:131072]]
[2021.08.04-20.21.09:681][  0]LogConfig: Setting CVar [[s.AsyncLoadingThreadEnabled:0]]
[2021.08.04-20.21.09:681][  0]LogConfig: Setting CVar [[s.EventDrivenLoaderEnabled:1]]
[2021.08.04-20.21.09:681][  0]LogConfig: Setting CVar [[s.WarnIfTimeLimitExceeded:0]]
[2021.08.04-20.21.09:681][  0]LogConfig: Setting CVar [[s.TimeLimitExceededMultiplier:1.5]]
[2021.08.04-20.21.09:681][  0]LogConfig: Setting CVar [[s.TimeLimitExceededMinTime:0.005]]
[2021.08.04-20.21.09:681][  0]LogConfig: Setting CVar [[s.UseBackgroundLevelStreaming:1]]
[2021.08.04-20.21.09:681][  0]LogConfig: Setting CVar [[s.PriorityAsyncLoadingExtraTime:15.0]]
[2021.08.04-20.21.09:681][  0]LogConfig: Setting CVar [[s.LevelStreamingActorsUpdateTimeLimit:5.0]]
[2021.08.04-20.21.09:681][  0]LogConfig: Setting CVar [[s.PriorityLevelStreamingActorsUpdateExtraTime:5.0]]
[2021.08.04-20.21.09:681][  0]LogConfig: Setting CVar [[s.LevelStreamingComponentsRegistrationGranularity:10]]
[2021.08.04-20.21.09:681][  0]LogConfig: Setting CVar [[s.UnregisterComponentsTimeLimit:1.0]]
[2021.08.04-20.21.09:681][  0]LogConfig: Setting CVar [[s.LevelStreamingComponentsUnregistrationGranularity:5]]
[2021.08.04-20.21.09:681][  0]LogConfig: Applying CVar settings from Section [/Script/Engine.GarbageCollectionSettings] File [C:/Users/CYUT-IM/Documents/Unreal Projects/Unreal_HW_02_UI/HW_02_UI/Saved/Config/Windows/Engine.ini]
[2021.08.04-20.21.09:681][  0]LogConfig: Setting CVar [[gc.MaxObjectsNotConsideredByGC:1]]
[2021.08.04-20.21.09:681][  0]LogConfig: Setting CVar [[gc.SizeOfPermanentObjectPool:0]]
[2021.08.04-20.21.09:681][  0]LogConfig: Setting CVar [[gc.FlushStreamingOnGC:0]]
[2021.08.04-20.21.09:681][  0]LogConfig: Setting CVar [[gc.NumRetriesBeforeForcingGC:10]]
[2021.08.04-20.21.09:681][  0]LogConfig: Setting CVar [[gc.AllowParallelGC:1]]
[2021.08.04-20.21.09:681][  0]LogConfig: Setting CVar [[gc.TimeBetweenPurgingPendingKillObjects:61.1]]
[2021.08.04-20.21.09:681][  0]LogConfig: Setting CVar [[gc.MaxObjectsInEditor:16777216]]
[2021.08.04-20.21.09:681][  0]LogConfig: Setting CVar [[gc.IncrementalBeginDestroyEnabled:1]]
[2021.08.04-20.21.09:681][  0]LogConfig: Setting CVar [[gc.CreateGCClusters:1]]
[2021.08.04-20.21.09:681][  0]LogConfig: Setting CVar [[gc.MinGCClusterSize:5]]
[2021.08.04-20.21.09:681][  0]LogConfig: Setting CVar [[gc.ActorClusteringEnabled:0]]
[2021.08.04-20.21.09:681][  0]LogConfig: Setting CVar [[gc.BlueprintClusteringEnabled:0]]
[2021.08.04-20.21.09:681][  0]LogConfig: Setting CVar [[gc.UseDisregardForGCOnDedicatedServers:0]]
[2021.08.04-20.21.09:681][  0]LogConfig: Applying CVar settings from Section [/Script/Engine.NetworkSettings] File [C:/Users/CYUT-IM/Documents/Unreal Projects/Unreal_HW_02_UI/HW_02_UI/Saved/Config/Windows/Engine.ini]
[2021.08.04-20.21.09:681][  0]LogConfig: Applying CVar settings from Section [/Script/UnrealEd.CookerSettings] File [C:/Users/CYUT-IM/Documents/Unreal Projects/Unreal_HW_02_UI/HW_02_UI/Saved/Config/Windows/Engine.ini]
[2021.08.04-20.21.09:683][  0]LogConfig: Applying CVar settings from Section [ViewDistanceQuality@3] File [C:/Users/CYUT-IM/Documents/Unreal Projects/Unreal_HW_02_UI/HW_02_UI/Saved/Config/Windows/Scalability.ini]
[2021.08.04-20.21.09:683][  0]LogConfig: Setting CVar [[r.SkeletalMeshLODBias:0]]
[2021.08.04-20.21.09:683][  0]LogConfig: Setting CVar [[r.ViewDistanceScale:1.0]]
[2021.08.04-20.21.09:683][  0]LogConfig: Applying CVar settings from Section [AntiAliasingQuality@3] File [C:/Users/CYUT-IM/Documents/Unreal Projects/Unreal_HW_02_UI/HW_02_UI/Saved/Config/Windows/Scalability.ini]
[2021.08.04-20.21.09:683][  0]LogConfig: Setting CVar [[r.PostProcessAAQuality:4]]
[2021.08.04-20.21.09:683][  0]LogConfig: Applying CVar settings from Section [ShadowQuality@3] File [C:/Users/CYUT-IM/Documents/Unreal Projects/Unreal_HW_02_UI/HW_02_UI/Saved/Config/Windows/Scalability.ini]
[2021.08.04-20.21.09:683][  0]LogConfig: Setting CVar [[r.LightFunctionQuality:1]]
[2021.08.04-20.21.09:683][  0]LogConfig: Setting CVar [[r.ShadowQuality:5]]
[2021.08.04-20.21.09:683][  0]LogConfig: Setting CVar [[r.Shadow.CSM.MaxCascades:10]]
[2021.08.04-20.21.09:683][  0]LogConfig: Setting CVar [[r.Shadow.MaxResolution:2048]]
[2021.08.04-20.21.09:683][  0]LogConfig: Setting CVar [[r.Shadow.MaxCSMResolution:2048]]
[2021.08.04-20.21.09:683][  0]LogConfig: Setting CVar [[r.Shadow.RadiusThreshold:0.01]]
[2021.08.04-20.21.09:683][  0]LogConfig: Setting CVar [[r.Shadow.DistanceScale:1.0]]
[2021.08.04-20.21.09:683][  0]LogConfig: Setting CVar [[r.Shadow.CSM.TransitionScale:1.0]]
[2021.08.04-20.21.09:683][  0]LogConfig: Setting CVar [[r.Shadow.PreShadowResolutionFactor:1.0]]
[2021.08.04-20.21.09:683][  0]LogConfig: Setting CVar [[r.DistanceFieldShadowing:1]]
[2021.08.04-20.21.09:683][  0]LogConfig: Setting CVar [[r.DistanceFieldAO:1]]
[2021.08.04-20.21.09:684][  0]LogConfig: Setting CVar [[r.AOQuality:2]]
[2021.08.04-20.21.09:684][  0]LogConfig: Setting CVar [[r.VolumetricFog:1]]
[2021.08.04-20.21.09:684][  0]LogConfig: Setting CVar [[r.VolumetricFog.GridPixelSize:8]]
[2021.08.04-20.21.09:684][  0]LogConfig: Setting CVar [[r.VolumetricFog.GridSizeZ:128]]
[2021.08.04-20.21.09:684][  0]LogConfig: Setting CVar [[r.VolumetricFog.HistoryMissSupersampleCount:4]]
[2021.08.04-20.21.09:684][  0]LogConfig: Setting CVar [[r.LightMaxDrawDistanceScale:1]]
[2021.08.04-20.21.09:684][  0]LogConfig: Setting CVar [[r.CapsuleShadows:1]]
[2021.08.04-20.21.09:684][  0]LogConfig: Applying CVar settings from Section [PostProcessQuality@3] File [C:/Users/CYUT-IM/Documents/Unreal Projects/Unreal_HW_02_UI/HW_02_UI/Saved/Config/Windows/Scalability.ini]
[2021.08.04-20.21.09:684][  0]LogConfig: Setting CVar [[r.MotionBlurQuality:4]]
[2021.08.04-20.21.09:684][  0]LogConfig: Setting CVar [[r.AmbientOcclusionMipLevelFactor:0.4]]
[2021.08.04-20.21.09:684][  0]LogConfig: Setting CVar [[r.AmbientOcclusionMaxQuality:100]]
[2021.08.04-20.21.09:684][  0]LogConfig: Setting CVar [[r.AmbientOcclusionLevels:-1]]
[2021.08.04-20.21.09:684][  0]LogConfig: Setting CVar [[r.AmbientOcclusionRadiusScale:1.0]]
[2021.08.04-20.21.09:684][  0]LogConfig: Setting CVar [[r.DepthOfFieldQuality:2]]
[2021.08.04-20.21.09:684][  0]LogConfig: Setting CVar [[r.RenderTargetPoolMin:400]]
[2021.08.04-20.21.09:684][  0]LogConfig: Setting CVar [[r.LensFlareQuality:2]]
[2021.08.04-20.21.09:684][  0]LogConfig: Setting CVar [[r.SceneColorFringeQuality:1]]
[2021.08.04-20.21.09:684][  0]LogConfig: Setting CVar [[r.EyeAdaptationQuality:2]]
[2021.08.04-20.21.09:684][  0]LogConfig: Setting CVar [[r.BloomQuality:5]]
[2021.08.04-20.21.09:684][  0]LogConfig: Setting CVar [[r.FastBlurThreshold:100]]
[2021.08.04-20.21.09:684][  0]LogConfig: Setting CVar [[r.Upscale.Quality:3]]
[2021.08.04-20.21.09:684][  0]LogConfig: Setting CVar [[r.Tonemapper.GrainQuantization:1]]
[2021.08.04-20.21.09:684][  0]LogConfig: Setting CVar [[r.LightShaftQuality:1]]
[2021.08.04-20.21.09:684][  0]LogConfig: Setting CVar [[r.Filter.SizeScale:1]]
[2021.08.04-20.21.09:684][  0]LogConfig: Setting CVar [[r.Tonemapper.Quality:5]]
[2021.08.04-20.21.09:684][  0]LogConfig: Setting CVar [[r.DOF.Gather.AccumulatorQuality:1        ; higher gathering accumulator quality]]
[2021.08.04-20.21.09:684][  0]LogConfig: Setting CVar [[r.DOF.Gather.PostfilterMethod:1          ; Median3x3 postfilering method]]
[2021.08.04-20.21.09:684][  0]LogConfig: Setting CVar [[r.DOF.Gather.EnableBokehSettings:0       ; no bokeh simulation when gathering]]
[2021.08.04-20.21.09:684][  0]LogConfig: Setting CVar [[r.DOF.Gather.RingCount:4                 ; medium number of samples when gathering]]
[2021.08.04-20.21.09:684][  0]LogConfig: Setting CVar [[r.DOF.Scatter.ForegroundCompositing:1    ; additive foreground scattering]]
[2021.08.04-20.21.09:684][  0]LogConfig: Setting CVar [[r.DOF.Scatter.BackgroundCompositing:2    ; additive background scattering]]
[2021.08.04-20.21.09:684][  0]LogConfig: Setting CVar [[r.DOF.Scatter.EnableBokehSettings:1      ; bokeh simulation when scattering]]
[2021.08.04-20.21.09:684][  0]LogConfig: Setting CVar [[r.DOF.Scatter.MaxSpriteRatio:0.1         ; only a maximum of 10% of scattered bokeh]]
[2021.08.04-20.21.09:684][  0]LogConfig: Setting CVar [[r.DOF.Recombine.Quality:1                ; cheap slight out of focus]]
[2021.08.04-20.21.09:684][  0]LogConfig: Setting CVar [[r.DOF.Recombine.EnableBokehSettings:0    ; no bokeh simulation on slight out of focus]]
[2021.08.04-20.21.09:684][  0]LogConfig: Setting CVar [[r.DOF.TemporalAAQuality:1                ; more stable temporal accumulation]]
[2021.08.04-20.21.09:684][  0]LogConfig: Setting CVar [[r.DOF.Kernel.MaxForegroundRadius:0.025]]
[2021.08.04-20.21.09:684][  0]LogConfig: Setting CVar [[r.DOF.Kernel.MaxBackgroundRadius:0.025]]
[2021.08.04-20.21.09:684][  0]LogConfig: Applying CVar settings from Section [TextureQuality@3] File [C:/Users/CYUT-IM/Documents/Unreal Projects/Unreal_HW_02_UI/HW_02_UI/Saved/Config/Windows/Scalability.ini]
[2021.08.04-20.21.09:684][  0]LogConfig: Setting CVar [[r.Streaming.MipBias:0]]
[2021.08.04-20.21.09:684][  0]LogConfig: Setting CVar [[r.Streaming.AmortizeCPUToGPUCopy:0]]
[2021.08.04-20.21.09:684][  0]LogConfig: Setting CVar [[r.Streaming.MaxNumTexturesToStreamPerFrame:0]]
[2021.08.04-20.21.09:684][  0]LogConfig: Setting CVar [[r.Streaming.Boost:1]]
[2021.08.04-20.21.09:684][  0]LogConfig: Setting CVar [[r.MaxAnisotropy:8]]
[2021.08.04-20.21.09:684][  0]LogConfig: Setting CVar [[r.Streaming.LimitPoolSizeToVRAM:0]]
[2021.08.04-20.21.09:684][  0]LogConfig: Setting CVar [[r.Streaming.PoolSize:1000]]
[2021.08.04-20.21.09:684][  0]LogConfig: Setting CVar [[r.Streaming.MaxEffectiveScreenSize:0]]
[2021.08.04-20.21.09:684][  0]LogConfig: Applying CVar settings from Section [EffectsQuality@3] File [C:/Users/CYUT-IM/Documents/Unreal Projects/Unreal_HW_02_UI/HW_02_UI/Saved/Config/Windows/Scalability.ini]
[2021.08.04-20.21.09:684][  0]LogConfig: Setting CVar [[r.TranslucencyLightingVolumeDim:64]]
[2021.08.04-20.21.09:684][  0]LogConfig: Setting CVar [[r.RefractionQuality:2]]
[2021.08.04-20.21.09:684][  0]LogConfig: Setting CVar [[r.SSR.Quality:3]]
[2021.08.04-20.21.09:684][  0]LogConfig: Setting CVar [[r.SceneColorFormat:4]]
[2021.08.04-20.21.09:684][  0]LogConfig: Setting CVar [[r.DetailMode:2]]
[2021.08.04-20.21.09:684][  0]LogConfig: Setting CVar [[r.TranslucencyVolumeBlur:1]]
[2021.08.04-20.21.09:684][  0]LogConfig: Setting CVar [[r.MaterialQualityLevel:1 ; High quality]]
[2021.08.04-20.21.09:684][  0]LogConfig: Setting CVar [[r.SSS.Scale:1]]
[2021.08.04-20.21.09:684][  0]LogConfig: Setting CVar [[r.SSS.SampleSet:2]]
[2021.08.04-20.21.09:684][  0]LogConfig: Setting CVar [[r.SSS.Quality:1]]
[2021.08.04-20.21.09:684][  0]LogConfig: Setting CVar [[r.SSS.HalfRes:1]]
[2021.08.04-20.21.09:684][  0]LogConfig: Setting CVar [[r.EmitterSpawnRateScale:1.0]]
[2021.08.04-20.21.09:684][  0]LogConfig: Setting CVar [[r.ParticleLightQuality:2]]
[2021.08.04-20.21.09:684][  0]LogConfig: Applying CVar settings from Section [FoliageQuality@3] File [C:/Users/CYUT-IM/Documents/Unreal Projects/Unreal_HW_02_UI/HW_02_UI/Saved/Config/Windows/Scalability.ini]
[2021.08.04-20.21.09:684][  0]LogConfig: Setting CVar [[foliage.DensityScale:1.0]]
[2021.08.04-20.21.09:684][  0]LogConfig: Setting CVar [[grass.DensityScale:1.0]]
[2021.08.04-20.21.09:684][  0]LogInit: Selected Device Profile: [Windows]
[2021.08.04-20.21.09:684][  0]LogInit: Applying CVar settings loaded from the selected device profile: [Windows]
[2021.08.04-20.21.09:707][  0]LogHAL: Display: Platform has ~ 16 GB [17018568704 / 17179869184 / 16], which maps to Larger [LargestMinGB=32, LargerMinGB=12, DefaultMinGB=8, SmallerMinGB=6, SmallestMinGB=0)
[2021.08.04-20.21.09:707][  0]LogInit: Going up to parent DeviceProfile []
[2021.08.04-20.21.09:707][  0]LogConfig: Applying CVar settings from Section [ViewDistanceQuality@3] File [C:/Users/CYUT-IM/Documents/Unreal Projects/Unreal_HW_02_UI/HW_02_UI/Saved/Config/Windows/Scalability.ini]
[2021.08.04-20.21.09:707][  0]LogConfig: Setting CVar [[r.SkeletalMeshLODBias:0]]
[2021.08.04-20.21.09:707][  0]LogConfig: Setting CVar [[r.ViewDistanceScale:1.0]]
[2021.08.04-20.21.09:707][  0]LogConfig: Applying CVar settings from Section [AntiAliasingQuality@3] File [C:/Users/CYUT-IM/Documents/Unreal Projects/Unreal_HW_02_UI/HW_02_UI/Saved/Config/Windows/Scalability.ini]
[2021.08.04-20.21.09:707][  0]LogConfig: Setting CVar [[r.PostProcessAAQuality:4]]
[2021.08.04-20.21.09:707][  0]LogConfig: Applying CVar settings from Section [ShadowQuality@3] File [C:/Users/CYUT-IM/Documents/Unreal Projects/Unreal_HW_02_UI/HW_02_UI/Saved/Config/Windows/Scalability.ini]
[2021.08.04-20.21.09:707][  0]LogConfig: Setting CVar [[r.LightFunctionQuality:1]]
[2021.08.04-20.21.09:707][  0]LogConfig: Setting CVar [[r.ShadowQuality:5]]
[2021.08.04-20.21.09:707][  0]LogConfig: Setting CVar [[r.Shadow.CSM.MaxCascades:10]]
[2021.08.04-20.21.09:707][  0]LogConfig: Setting CVar [[r.Shadow.MaxResolution:2048]]
[2021.08.04-20.21.09:707][  0]LogConfig: Setting CVar [[r.Shadow.MaxCSMResolution:2048]]
[2021.08.04-20.21.09:707][  0]LogConfig: Setting CVar [[r.Shadow.RadiusThreshold:0.01]]
[2021.08.04-20.21.09:707][  0]LogConfig: Setting CVar [[r.Shadow.DistanceScale:1.0]]
[2021.08.04-20.21.09:707][  0]LogConfig: Setting CVar [[r.Shadow.CSM.TransitionScale:1.0]]
[2021.08.04-20.21.09:707][  0]LogConfig: Setting CVar [[r.Shadow.PreShadowResolutionFactor:1.0]]
[2021.08.04-20.21.09:707][  0]LogConfig: Setting CVar [[r.DistanceFieldShadowing:1]]
[2021.08.04-20.21.09:707][  0]LogConfig: Setting CVar [[r.DistanceFieldAO:1]]
[2021.08.04-20.21.09:707][  0]LogConfig: Setting CVar [[r.AOQuality:2]]
[2021.08.04-20.21.09:707][  0]LogConfig: Setting CVar [[r.VolumetricFog:1]]
[2021.08.04-20.21.09:707][  0]LogConfig: Setting CVar [[r.VolumetricFog.GridPixelSize:8]]
[2021.08.04-20.21.09:707][  0]LogConfig: Setting CVar [[r.VolumetricFog.GridSizeZ:128]]
[2021.08.04-20.21.09:707][  0]LogConfig: Setting CVar [[r.VolumetricFog.HistoryMissSupersampleCount:4]]
[2021.08.04-20.21.09:707][  0]LogConfig: Setting CVar [[r.LightMaxDrawDistanceScale:1]]
[2021.08.04-20.21.09:707][  0]LogConfig: Setting CVar [[r.CapsuleShadows:1]]
[2021.08.04-20.21.09:708][  0]LogConfig: Applying CVar settings from Section [PostProcessQuality@3] File [C:/Users/CYUT-IM/Documents/Unreal Projects/Unreal_HW_02_UI/HW_02_UI/Saved/Config/Windows/Scalability.ini]
[2021.08.04-20.21.09:708][  0]LogConfig: Setting CVar [[r.MotionBlurQuality:4]]
[2021.08.04-20.21.09:708][  0]LogConfig: Setting CVar [[r.AmbientOcclusionMipLevelFactor:0.4]]
[2021.08.04-20.21.09:708][  0]LogConfig: Setting CVar [[r.AmbientOcclusionMaxQuality:100]]
[2021.08.04-20.21.09:708][  0]LogConfig: Setting CVar [[r.AmbientOcclusionLevels:-1]]
[2021.08.04-20.21.09:708][  0]LogConfig: Setting CVar [[r.AmbientOcclusionRadiusScale:1.0]]
[2021.08.04-20.21.09:708][  0]LogConfig: Setting CVar [[r.DepthOfFieldQuality:2]]
[2021.08.04-20.21.09:708][  0]LogConfig: Setting CVar [[r.RenderTargetPoolMin:400]]
[2021.08.04-20.21.09:708][  0]LogConfig: Setting CVar [[r.LensFlareQuality:2]]
[2021.08.04-20.21.09:708][  0]LogConfig: Setting CVar [[r.SceneColorFringeQuality:1]]
[2021.08.04-20.21.09:708][  0]LogConfig: Setting CVar [[r.EyeAdaptationQuality:2]]
[2021.08.04-20.21.09:708][  0]LogConfig: Setting CVar [[r.BloomQuality:5]]
[2021.08.04-20.21.09:708][  0]LogConfig: Setting CVar [[r.FastBlurThreshold:100]]
[2021.08.04-20.21.09:708][  0]LogConfig: Setting CVar [[r.Upscale.Quality:3]]
[2021.08.04-20.21.09:708][  0]LogConfig: Setting CVar [[r.Tonemapper.GrainQuantization:1]]
[2021.08.04-20.21.09:708][  0]LogConfig: Setting CVar [[r.LightShaftQuality:1]]
[2021.08.04-20.21.09:708][  0]LogConfig: Setting CVar [[r.Filter.SizeScale:1]]
[2021.08.04-20.21.09:708][  0]LogConfig: Setting CVar [[r.Tonemapper.Quality:5]]
[2021.08.04-20.21.09:708][  0]LogConfig: Setting CVar [[r.DOF.Gather.AccumulatorQuality:1        ; higher gathering accumulator quality]]
[2021.08.04-20.21.09:708][  0]LogConfig: Setting CVar [[r.DOF.Gather.PostfilterMethod:1          ; Median3x3 postfilering method]]
[2021.08.04-20.21.09:708][  0]LogConfig: Setting CVar [[r.DOF.Gather.EnableBokehSettings:0       ; no bokeh simulation when gathering]]
[2021.08.04-20.21.09:708][  0]LogConfig: Setting CVar [[r.DOF.Gather.RingCount:4                 ; medium number of samples when gathering]]
[2021.08.04-20.21.09:708][  0]LogConfig: Setting CVar [[r.DOF.Scatter.ForegroundCompositing:1    ; additive foreground scattering]]
[2021.08.04-20.21.09:708][  0]LogConfig: Setting CVar [[r.DOF.Scatter.BackgroundCompositing:2    ; additive background scattering]]
[2021.08.04-20.21.09:708][  0]LogConfig: Setting CVar [[r.DOF.Scatter.EnableBokehSettings:1      ; bokeh simulation when scattering]]
[2021.08.04-20.21.09:708][  0]LogConfig: Setting CVar [[r.DOF.Scatter.MaxSpriteRatio:0.1         ; only a maximum of 10% of scattered bokeh]]
[2021.08.04-20.21.09:708][  0]LogConfig: Setting CVar [[r.DOF.Recombine.Quality:1                ; cheap slight out of focus]]
[2021.08.04-20.21.09:708][  0]LogConfig: Setting CVar [[r.DOF.Recombine.EnableBokehSettings:0    ; no bokeh simulation on slight out of focus]]
[2021.08.04-20.21.09:708][  0]LogConfig: Setting CVar [[r.DOF.TemporalAAQuality:1                ; more stable temporal accumulation]]
[2021.08.04-20.21.09:708][  0]LogConfig: Setting CVar [[r.DOF.Kernel.MaxForegroundRadius:0.025]]
[2021.08.04-20.21.09:708][  0]LogConfig: Setting CVar [[r.DOF.Kernel.MaxBackgroundRadius:0.025]]
[2021.08.04-20.21.09:708][  0]LogConfig: Applying CVar settings from Section [TextureQuality@3] File [C:/Users/CYUT-IM/Documents/Unreal Projects/Unreal_HW_02_UI/HW_02_UI/Saved/Config/Windows/Scalability.ini]
[2021.08.04-20.21.09:708][  0]LogConfig: Setting CVar [[r.Streaming.MipBias:0]]
[2021.08.04-20.21.09:708][  0]LogConfig: Setting CVar [[r.Streaming.AmortizeCPUToGPUCopy:0]]
[2021.08.04-20.21.09:708][  0]LogConfig: Setting CVar [[r.Streaming.MaxNumTexturesToStreamPerFrame:0]]
[2021.08.04-20.21.09:708][  0]LogConfig: Setting CVar [[r.Streaming.Boost:1]]
[2021.08.04-20.21.09:708][  0]LogConfig: Setting CVar [[r.MaxAnisotropy:8]]
[2021.08.04-20.21.09:708][  0]LogConfig: Setting CVar [[r.Streaming.LimitPoolSizeToVRAM:0]]
[2021.08.04-20.21.09:708][  0]LogConfig: Setting CVar [[r.Streaming.PoolSize:1000]]
[2021.08.04-20.21.09:708][  0]LogConfig: Setting CVar [[r.Streaming.MaxEffectiveScreenSize:0]]
[2021.08.04-20.21.09:708][  0]LogConfig: Applying CVar settings from Section [EffectsQuality@3] File [C:/Users/CYUT-IM/Documents/Unreal Projects/Unreal_HW_02_UI/HW_02_UI/Saved/Config/Windows/Scalability.ini]
[2021.08.04-20.21.09:708][  0]LogConfig: Setting CVar [[r.TranslucencyLightingVolumeDim:64]]
[2021.08.04-20.21.09:708][  0]LogConfig: Setting CVar [[r.RefractionQuality:2]]
[2021.08.04-20.21.09:708][  0]LogConfig: Setting CVar [[r.SSR.Quality:3]]
[2021.08.04-20.21.09:708][  0]LogConfig: Setting CVar [[r.SceneColorFormat:4]]
[2021.08.04-20.21.09:708][  0]LogConfig: Setting CVar [[r.DetailMode:2]]
[2021.08.04-20.21.09:708][  0]LogConfig: Setting CVar [[r.TranslucencyVolumeBlur:1]]
[2021.08.04-20.21.09:708][  0]LogConfig: Setting CVar [[r.MaterialQualityLevel:1 ; High quality]]
[2021.08.04-20.21.09:708][  0]LogConfig: Setting CVar [[r.SSS.Scale:1]]
[2021.08.04-20.21.09:708][  0]LogConfig: Setting CVar [[r.SSS.SampleSet:2]]
[2021.08.04-20.21.09:708][  0]LogConfig: Setting CVar [[r.SSS.Quality:1]]
[2021.08.04-20.21.09:708][  0]LogConfig: Setting CVar [[r.SSS.HalfRes:1]]
[2021.08.04-20.21.09:708][  0]LogConfig: Setting CVar [[r.EmitterSpawnRateScale:1.0]]
[2021.08.04-20.21.09:708][  0]LogConfig: Setting CVar [[r.ParticleLightQuality:2]]
[2021.08.04-20.21.09:708][  0]LogConfig: Applying CVar settings from Section [FoliageQuality@3] File [C:/Users/CYUT-IM/Documents/Unreal Projects/Unreal_HW_02_UI/HW_02_UI/Saved/Config/Windows/Scalability.ini]
[2021.08.04-20.21.09:708][  0]LogConfig: Setting CVar [[foliage.DensityScale:1.0]]
[2021.08.04-20.21.09:708][  0]LogConfig: Setting CVar [[grass.DensityScale:1.0]]
[2021.08.04-20.21.09:708][  0]LogConfig: Applying CVar settings from Section [Startup] File [../../../Engine/Config/ConsoleVariables.ini]
[2021.08.04-20.21.09:708][  0]LogConfig: Setting CVar [[net.UseAdaptiveNetUpdateFrequency:0]]
[2021.08.04-20.21.09:708][  0]LogConfig: Setting CVar [[p.chaos.AllowCreatePhysxBodies:1]]
[2021.08.04-20.21.09:708][  0]LogConfig: Applying CVar settings from Section [ConsoleVariables] File [C:/Users/CYUT-IM/Documents/Unreal Projects/Unreal_HW_02_UI/HW_02_UI/Saved/Config/Windows/Engine.ini]
[2021.08.04-20.21.09:708][  0]LogInit: Computer: MSI
[2021.08.04-20.21.09:708][  0]LogInit: User: CYUTIM
[2021.08.04-20.21.09:708][  0]LogInit: CPU Page size=4096, Cores=6
[2021.08.04-20.21.09:708][  0]LogInit: High frequency timer resolution =10.000000 MHz
[2021.08.04-20.21.09:709][  0]LogMemory: Memory total: Physical=15.8GB (16GB approx)
[2021.08.04-20.21.09:709][  0]LogMemory: Platform Memory Stats for Windows
[2021.08.04-20.21.09:709][  0]LogMemory: Process Physical Memory: 105.49 MB used, 105.49 MB peak
[2021.08.04-20.21.09:709][  0]LogMemory: Process Virtual Memory: 93.18 MB used, 93.18 MB peak
[2021.08.04-20.21.09:709][  0]LogMemory: Physical Memory: 9198.60 MB used,  7031.57 MB free, 16230.17 MB total
[2021.08.04-20.21.09:709][  0]LogMemory: Virtual Memory: 4698.04 MB used,  134213032.00 MB free, 134217728.00 MB total
[2021.08.04-20.21.09:711][  0]LogWindows: WindowsPlatformFeatures enabled
[2021.08.04-20.21.09:968][  0]LogInit: Using OS detected language (zh-TW).
[2021.08.04-20.21.09:968][  0]LogInit: Using OS detected locale (zh-TW).
[2021.08.04-20.21.09:968][  0]LogTextLocalizationManager: No localization for 'zh-TW' exists, so 'en' will be used for the language.
[2021.08.04-20.21.10:424][  0]LogInit: Setting process to per monitor DPI aware
[2021.08.04-20.21.10:589][  0]LogSlate: New Slate User Created.  User Index 0, Is Virtual User: 0
[2021.08.04-20.21.10:589][  0]LogSlate: Slate User Registered.  User Index 0, Is Virtual User: 0
[2021.08.04-20.21.11:477][  0]LogHMD: Failed to initialize OpenVR with code 103
[2021.08.04-20.21.11:477][  0]LogD3D11RHI: D3D11 adapters:
[2021.08.04-20.21.11:635][  0]LogD3D11RHI:    0. 'NVIDIA GeForce GTX 1070' (Feature Level 11_0)
[2021.08.04-20.21.11:635][  0]LogD3D11RHI:       8081/0/8115 MB DedicatedVideo/DedicatedSystem/SharedSystem, Outputs:1, VendorId:0x10de
[2021.08.04-20.21.11:663][  0]LogD3D11RHI:    1. 'Intel(R) UHD Graphics 630' (Feature Level 11_0)
[2021.08.04-20.21.11:663][  0]LogD3D11RHI:       128/0/8115 MB DedicatedVideo/DedicatedSystem/SharedSystem, Outputs:0, VendorId:0x8086
[2021.08.04-20.21.11:665][  0]LogD3D11RHI:    2. 'Microsoft Basic Render Driver' (Feature Level 11_0)
[2021.08.04-20.21.11:665][  0]LogD3D11RHI:       0/0/8115 MB DedicatedVideo/DedicatedSystem/SharedSystem, Outputs:0, VendorId:0x1414
[2021.08.04-20.21.11:665][  0]LogD3D11RHI: Chosen D3D11 Adapter: 0
[2021.08.04-20.21.11:701][  0]LogD3D11RHI: Creating new Direct3DDevice
[2021.08.04-20.21.11:701][  0]LogD3D11RHI:     GPU DeviceId: 0x1ba1 (for the marketing name, search the web for "GPU Device Id")
[2021.08.04-20.21.11:701][  0]LogWindows: EnumDisplayDevices:
[2021.08.04-20.21.11:701][  0]LogWindows:    0. 'Intel(R) UHD Graphics 630' (P:1 D:1)
[2021.08.04-20.21.11:702][  0]LogWindows:    1. 'Intel(R) UHD Graphics 630' (P:0 D:0)
[2021.08.04-20.21.11:702][  0]LogWindows:    2. 'Intel(R) UHD Graphics 630' (P:0 D:0)
[2021.08.04-20.21.11:702][  0]LogWindows:    3. 'NVIDIA GeForce GTX 1070' (P:0 D:0)
[2021.08.04-20.21.11:702][  0]LogWindows:    4. 'NVIDIA GeForce GTX 1070' (P:0 D:0)
[2021.08.04-20.21.11:703][  0]LogWindows:    5. 'NVIDIA GeForce GTX 1070' (P:0 D:0)
[2021.08.04-20.21.11:703][  0]LogWindows:    6. 'NVIDIA GeForce GTX 1070' (P:0 D:0)
[2021.08.04-20.21.11:703][  0]LogWindows: DebugString: PrimaryIsNotTheChoosenAdapter PrimaryIsNotTheChoosenAdapter PrimaryIsNotTheChoosenAdapter FoundDriverCount:4 
[2021.08.04-20.21.11:703][  0]LogD3D11RHI:     Adapter Name: NVIDIA GeForce GTX 1070
[2021.08.04-20.21.11:703][  0]LogD3D11RHI:   Driver Version: 452.06 (internal:27.21.14.5206, unified:452.06)
[2021.08.04-20.21.11:703][  0]LogD3D11RHI:      Driver Date: 8-12-2020
[2021.08.04-20.21.11:703][  0]LogRHI: Texture pool is 5656 MB (70% of 8081 MB)
[2021.08.04-20.21.11:762][  0]LogD3D11RHI: Async texture creation enabled
[2021.08.04-20.21.11:787][  0]LogD3D11RHI: GPU Timing Frequency: 1000.000000 (Debug: 2 1)
[2021.08.04-20.21.12:196][  0]LogTemp: Display: Module 'AllDesktopTargetPlatform' loaded TargetPlatform 'AllDesktop'
[2021.08.04-20.21.12:209][  0]LogTemp: Display: Module 'MacClientTargetPlatform' loaded TargetPlatform 'MacClient'
[2021.08.04-20.21.12:233][  0]LogTemp: Display: Module 'MacNoEditorTargetPlatform' loaded TargetPlatform 'MacNoEditor'
[2021.08.04-20.21.12:252][  0]LogTemp: Display: Module 'MacServerTargetPlatform' loaded TargetPlatform 'MacServer'
[2021.08.04-20.21.12:272][  0]LogTemp: Display: Module 'MacTargetPlatform' loaded TargetPlatform 'Mac'
[2021.08.04-20.21.12:289][  0]LogTemp: Display: Module 'WindowsClientTargetPlatform' loaded TargetPlatform 'WindowsClient'
[2021.08.04-20.21.12:302][  0]LogTemp: Display: Module 'WindowsNoEditorTargetPlatform' loaded TargetPlatform 'WindowsNoEditor'
[2021.08.04-20.21.12:315][  0]LogTemp: Display: Module 'WindowsServerTargetPlatform' loaded TargetPlatform 'WindowsServer'
[2021.08.04-20.21.12:331][  0]LogTemp: Display: Module 'WindowsTargetPlatform' loaded TargetPlatform 'Windows'
[2021.08.04-20.21.12:389][  0]LogTemp: Display: Module 'AndroidTargetPlatform' loaded TargetPlatform 'Android'
[2021.08.04-20.21.12:389][  0]LogTemp: Display: Module 'AndroidTargetPlatform' loaded TargetPlatform 'Android_ASTC'
[2021.08.04-20.21.12:389][  0]LogTemp: Display: Module 'AndroidTargetPlatform' loaded TargetPlatform 'Android_ATC'
[2021.08.04-20.21.12:389][  0]LogTemp: Display: Module 'AndroidTargetPlatform' loaded TargetPlatform 'Android_DXT'
[2021.08.04-20.21.12:389][  0]LogTemp: Display: Module 'AndroidTargetPlatform' loaded TargetPlatform 'Android_ETC1'
[2021.08.04-20.21.12:389][  0]LogTemp: Display: Module 'AndroidTargetPlatform' loaded TargetPlatform 'Android_ETC1a'
[2021.08.04-20.21.12:389][  0]LogTemp: Display: Module 'AndroidTargetPlatform' loaded TargetPlatform 'Android_ETC2'
[2021.08.04-20.21.12:389][  0]LogTemp: Display: Module 'AndroidTargetPlatform' loaded TargetPlatform 'Android_PVRTC'
[2021.08.04-20.21.12:389][  0]LogTemp: Display: Module 'AndroidTargetPlatform' loaded TargetPlatform 'AndroidClient'
[2021.08.04-20.21.12:389][  0]LogTemp: Display: Module 'AndroidTargetPlatform' loaded TargetPlatform 'Android_ASTCClient'
[2021.08.04-20.21.12:389][  0]LogTemp: Display: Module 'AndroidTargetPlatform' loaded TargetPlatform 'Android_ATCClient'
[2021.08.04-20.21.12:389][  0]LogTemp: Display: Module 'AndroidTargetPlatform' loaded TargetPlatform 'Android_DXTClient'
[2021.08.04-20.21.12:389][  0]LogTemp: Display: Module 'AndroidTargetPlatform' loaded TargetPlatform 'Android_ETC1Client'
[2021.08.04-20.21.12:389][  0]LogTemp: Display: Module 'AndroidTargetPlatform' loaded TargetPlatform 'Android_ETC1aClient'
[2021.08.04-20.21.12:389][  0]LogTemp: Display: Module 'AndroidTargetPlatform' loaded TargetPlatform 'Android_ETC2Client'
[2021.08.04-20.21.12:389][  0]LogTemp: Display: Module 'AndroidTargetPlatform' loaded TargetPlatform 'Android_PVRTCClient'
[2021.08.04-20.21.12:389][  0]LogTemp: Display: Module 'AndroidTargetPlatform' loaded TargetPlatform 'Android_Multi'
[2021.08.04-20.21.12:389][  0]LogTemp: Display: Module 'AndroidTargetPlatform' loaded TargetPlatform 'Android_MultiClient'
[2021.08.04-20.21.12:401][  0]LogTemp: Display: Module 'HTML5TargetPlatform' loaded TargetPlatform 'HTML5'
[2021.08.04-20.21.12:480][  0]LogTemp: Display: Module 'IOSTargetPlatform' loaded TargetPlatform 'IOSClient'
[2021.08.04-20.21.12:480][  0]LogTemp: Display: Module 'IOSTargetPlatform' loaded TargetPlatform 'IOS'
[2021.08.04-20.21.12:501][  0]LogTemp: Display: Module 'TVOSTargetPlatform' loaded TargetPlatform 'TVOSClient'
[2021.08.04-20.21.12:501][  0]LogTemp: Display: Module 'TVOSTargetPlatform' loaded TargetPlatform 'TVOS'
[2021.08.04-20.21.12:516][  0]LogTemp: Display: Module 'LinuxClientTargetPlatform' loaded TargetPlatform 'LinuxClient'
[2021.08.04-20.21.12:533][  0]LogTemp: Display: Module 'LinuxNoEditorTargetPlatform' loaded TargetPlatform 'LinuxNoEditor'
[2021.08.04-20.21.12:552][  0]LogTemp: Display: Module 'LinuxServerTargetPlatform' loaded TargetPlatform 'LinuxServer'
[2021.08.04-20.21.12:578][  0]LogTemp: Display: Module 'LinuxTargetPlatform' loaded TargetPlatform 'Linux'
[2021.08.04-20.21.12:611][  0]LogTemp: Display: Module 'LuminTargetPlatform' loaded TargetPlatform 'Lumin'
[2021.08.04-20.21.12:611][  0]LogTemp: Display: Module 'LuminTargetPlatform' loaded TargetPlatform 'LuminClient'
[2021.08.04-20.21.12:611][  0]LogTargetPlatformManager: Display: Building Assets For Windows
[2021.08.04-20.21.12:738][  0]LogAudioDebug: Display: Lib vorbis DLL was dynamically loaded.
[2021.08.04-20.21.13:115][  0]LogShaderCompilers: Guid format shader working directory is -19 characters bigger than the processId version (C:/Users/CYUT-IM/Documents/Unreal Projects/Unreal_HW_02_UI/HW_02_UI/Intermediate/Shaders/WorkingDirectory/9344/).
[2021.08.04-20.21.13:115][  0]LogShaderCompilers: Cleaned the shader compiler working directory 'C:/Users/CYUT-IM/AppData/Local/Temp/UnrealShaderWorkingDir/80F785294680DA5FE898118A0AD8215C/'.
[2021.08.04-20.21.13:127][  0]LogXGEController: Cleaning working directory: C:/Users/CYUT-IM/AppData/Local/Temp/UnrealXGEWorkingDir/
[2021.08.04-20.21.13:127][  0]LogXGEController: Cannot use XGE Controller as Incredibuild is not installed on this machine.
[2021.08.04-20.21.13:127][  0]LogShaderCompilers: Cannot use XGE Shader Compiler as Incredibuild is not installed on this machine.
[2021.08.04-20.21.13:127][  0]LogShaderCompilers: Display: Using Local Shader Compiler.
[2021.08.04-20.21.13:678][  0]LogDerivedDataCache: Display: Max Cache Size: 512 MB
[2021.08.04-20.21.13:750][  0]LogDerivedDataCache: Loaded boot cache 0.07s 76MB C:/Users/CYUT-IM/AppData/Local/UnrealEngine/4.23/DerivedDataCache/Boot.ddc.
[2021.08.04-20.21.13:751][  0]LogDerivedDataCache: Display: Loaded Boot cache: C:/Users/CYUT-IM/AppData/Local/UnrealEngine/4.23/DerivedDataCache/Boot.ddc
[2021.08.04-20.21.13:751][  0]LogDerivedDataCache: FDerivedDataBackendGraph:  Pak pak cache file C:/Users/CYUT-IM/Documents/Unreal Projects/Unreal_HW_02_UI/HW_02_UI/DerivedDataCache/DDC.ddp not found, will not use a pak cache.
[2021.08.04-20.21.13:751][  0]LogDerivedDataCache: Unable to find inner node Pak for hierarchical cache Hierarchy.
[2021.08.04-20.21.13:751][  0]LogDerivedDataCache: FDerivedDataBackendGraph:  CompressedPak pak cache file C:/Users/CYUT-IM/Documents/Unreal Projects/Unreal_HW_02_UI/HW_02_UI/DerivedDataCache/Compressed.ddp not found, will not use a pak cache.
[2021.08.04-20.21.13:751][  0]LogDerivedDataCache: Unable to find inner node CompressedPak for hierarchical cache Hierarchy.
[2021.08.04-20.21.13:771][  0]LogDerivedDataCache: Display: Pak cache opened for reading ../../../Engine/DerivedDataCache/Compressed.ddp.
[2021.08.04-20.21.13:771][  0]LogDerivedDataCache: FDerivedDataBackendGraph:  EnterprisePak pak cache file ../../../Enterprise/DerivedDataCache/Compressed.ddp not found, will not use a pak cache.
[2021.08.04-20.21.13:771][  0]LogDerivedDataCache: Unable to find inner node EnterprisePak for hierarchical cache Hierarchy.
[2021.08.04-20.21.13:772][  0]LogDerivedDataCache: Using Local data cache path C:/Users/CYUT-IM/AppData/Local/UnrealEngine/Common/DerivedDataCache: Writable
[2021.08.04-20.21.13:772][  0]LogDerivedDataCache: Shared data cache path not found in *engine.ini, will not use an Shared cache.
[2021.08.04-20.21.13:772][  0]LogDerivedDataCache: Unable to find inner node Shared for hierarchical cache Hierarchy.
[2021.08.04-20.21.13:792][  0]LogMaterial: Verifying Global Shaders for PCD3D_SM5
[2021.08.04-20.21.13:794][  0]LogSlate: Using FreeType 2.6.0
[2021.08.04-20.21.13:824][  0]LogSlate: SlateFontServices - WITH_FREETYPE: 1, WITH_HARFBUZZ: 1
[2021.08.04-20.21.14:805][  0]LogAssetRegistry: FAssetRegistry took 0.0022 seconds to start up
[2021.08.04-20.21.15:052][  0]LogPackageName: Warning: Asset path "FX_Meshes.UI.SM_SelectionMesh_01" is in short form, which is unsupported and -- even if valid -- resolving it will be really slow.
[2021.08.04-20.21.15:053][  0]LogPackageName: Warning: Please consider resaving package in order to speed-up loading.
[2021.08.04-20.21.15:053][  0]LogPackageName: SearchForPackageOnDisk took   0.103s, but failed to resolve FX_Meshes.
[2021.08.04-20.21.15:053][  0]LogPackageName: Warning: Asset path "FX_Meshes.UI.SM_SelectionMesh_01" could not be resolved.
[2021.08.04-20.21.15:053][  0]LogPackageName: Warning: Asset path "FX_Meshes.UI.SM_SelectionMesh_01" is in short form, which is unsupported and -- even if valid -- resolving it will be really slow.
[2021.08.04-20.21.15:053][  0]LogPackageName: Warning: Please consider resaving package in order to speed-up loading.
[2021.08.04-20.21.15:053][  0]LogInit: Selected Device Profile: [Windows]
[2021.08.04-20.21.15:406][  0]LogPackageName: SearchForPackageOnDisk took   0.104s, but failed to resolve FX_Meshes.
[2021.08.04-20.21.15:406][  0]LogPackageName: Warning: Asset path "FX_Meshes.UI.SM_SelectionMesh_01" could not be resolved.
[2021.08.04-20.21.15:406][  0]LogPackageName: Warning: Asset path "'FX_Ambient.Meshes.SM_Bats'" is in short form, which is unsupported and -- even if valid -- resolving it will be really slow.
[2021.08.04-20.21.15:406][  0]LogPackageName: Warning: Please consider resaving package in order to speed-up loading.
[2021.08.04-20.21.15:406][  0]LogPackageName: SearchForPackageOnDisk took   0.102s, but failed to resolve 'FX_Ambient.
[2021.08.04-20.21.15:406][  0]LogPackageName: Warning: Asset path "'FX_Ambient.Meshes.SM_Bats'" could not be resolved.
[2021.08.04-20.21.15:406][  0]LogPackageName: Warning: Asset path "CastleEffects.TouchToMoveArrow" is in short form, which is unsupported and -- even if valid -- resolving it will be really slow.
[2021.08.04-20.21.15:406][  0]LogPackageName: Warning: Please consider resaving package in order to speed-up loading.
[2021.08.04-20.21.15:406][  0]LogPackageName: SearchForPackageOnDisk took   0.097s, but failed to resolve CastleEffects.
[2021.08.04-20.21.15:406][  0]LogPackageName: Warning: Asset path "CastleEffects.TouchToMoveArrow" could not be resolved.
[2021.08.04-20.21.15:406][  0]LogPackageName: Warning: Asset path "StaticMesh'FX_Meshes.Fire.SM_Dungeon_Pipes_Lava01_Cool'" is in short form, which is unsupported and -- even if valid -- resolving it will be really slow.
[2021.08.04-20.21.15:406][  0]LogPackageName: Warning: Please consider resaving package in order to speed-up loading.
[2021.08.04-20.21.15:406][  0]LogPackageName: SearchForPackageOnDisk took   0.097s, but failed to resolve StaticMesh'FX_Meshes.
[2021.08.04-20.21.15:406][  0]LogPackageName: Warning: Asset path "StaticMesh'FX_Meshes.Fire.SM_Dungeon_Pipes_Lava01_Cool'" could not be resolved.
[2021.08.04-20.21.15:406][  0]LogPackageName: Warning: Asset path "m_FogSheet_02" is in short form, which is unsupported and -- even if valid -- resolving it will be really slow.
[2021.08.04-20.21.15:406][  0]LogPackageName: Warning: Please consider resaving package in order to speed-up loading.
[2021.08.04-20.21.15:406][  0]LogMeshReduction: Using QuadricMeshReduction for automatic static mesh reduction
[2021.08.04-20.21.15:406][  0]LogMeshReduction: Using SimplygonMeshReduction for automatic skeletal mesh reduction
[2021.08.04-20.21.15:406][  0]LogMeshReduction: Using ProxyLODMeshReduction for automatic mesh merging
[2021.08.04-20.21.15:406][  0]LogMeshReduction: No distributed automatic mesh merging module available
[2021.08.04-20.21.15:406][  0]LogMeshMerging: No distributed automatic mesh merging module available
[2021.08.04-20.21.15:415][  0]LogNetVersion: HW_02_UI 1.0.0, NetCL: 8386587, EngineNetVer: 11, GameNetVer: 0 (Checksum: 2007585535)
[2021.08.04-20.21.15:780][  0]LogPackageName: SearchForPackageOnDisk took   0.097s to resolve m_FogSheet_02.
[2021.08.04-20.21.15:780][  0]LogPackageName: Warning: Asset path "FX_Test_LAN.Meshes.SM_IceWall01" is in short form, which is unsupported and -- even if valid -- resolving it will be really slow.
[2021.08.04-20.21.15:780][  0]LogPackageName: Warning: Please consider resaving package in order to speed-up loading.
[2021.08.04-20.21.15:780][  0]LogPackageName: SearchForPackageOnDisk took   0.098s, but failed to resolve FX_Test_LAN.
[2021.08.04-20.21.15:780][  0]LogPackageName: Warning: Asset path "FX_Test_LAN.Meshes.SM_IceWall01" could not be resolved.
[2021.08.04-20.21.15:780][  0]LogPackageName: Warning: Asset path "m_FogSheet_02" is in short form, which is unsupported and -- even if valid -- resolving it will be really slow.
[2021.08.04-20.21.15:780][  0]LogPackageName: Warning: Please consider resaving package in order to speed-up loading.
[2021.08.04-20.21.15:780][  0]LogPackageName: SearchForPackageOnDisk took   0.097s to resolve m_FogSheet_02.
[2021.08.04-20.21.15:780][  0]LogPackageName: Warning: Asset path "m_FogSheet_02" is in short form, which is unsupported and -- even if valid -- resolving it will be really slow.
[2021.08.04-20.21.15:780][  0]LogPackageName: Warning: Please consider resaving package in order to speed-up loading.
[2021.08.04-20.21.15:780][  0]LogPackageName: SearchForPackageOnDisk took   0.100s to resolve m_FogSheet_02.
[2021.08.04-20.21.15:780][  0]LogPackageName: Warning: Asset path "m_FogSheet_02" is in short form, which is unsupported and -- even if valid -- resolving it will be really slow.
[2021.08.04-20.21.15:780][  0]LogPackageName: Warning: Please consider resaving package in order to speed-up loading.
[2021.08.04-20.21.15:780][  0]LogPackageLocalizationCache: Processed 12 localized package path(s) for 1 prioritized culture(s) in 0.034302 seconds
[2021.08.04-20.21.15:786][  0]LogUObjectArray: 43444 objects as part of root set at end of initial load.
[2021.08.04-20.21.15:786][  0]LogUObjectAllocator: 7548648 out of 0 bytes used by permanent object pool.
[2021.08.04-20.21.15:786][  0]LogUObjectArray: CloseDisregardForGC: 0/0 objects in disregard for GC pool
[2021.08.04-20.21.26:598][  0]LogPackageName: SearchForPackageOnDisk took   0.095s to resolve m_FogSheet_02.
[2021.08.04-20.21.27:223][  0]LogTcpMessaging: Initializing TcpMessaging bridge
[2021.08.04-20.21.27:234][  0]LogUdpMessaging: Initializing bridge on interface 0.0.0.0:0 to multicast group 230.0.0.1:6666.
[2021.08.04-20.21.27:501][  0]SourceControl: Source control is disabled
[2021.08.04-20.21.27:502][  0]SourceControl: Source control is disabled
[2021.08.04-20.21.27:532][  0]SourceControl: Source control is disabled
[2021.08.04-20.21.27:538][  0]SourceControl: Source control is disabled
[2021.08.04-20.21.28:114][  0]LogAndroidPermission: UAndroidPermissionCallbackProxy::GetInstance
[2021.08.04-20.21.28:506][  0]LogOcInput: OculusInput pre-init called
[2021.08.04-20.21.29:320][  0]LogEngine: Initializing Engine...
[2021.08.04-20.21.29:336][  0]LogHMD: Failed to initialize OpenVR with code 103
[2021.08.04-20.21.29:337][  0]LogStats: UGameplayTagsManager::InitializeManager -  0.000 s
[2021.08.04-20.21.29:520][  0]LogInit: Initializing FReadOnlyCVARCache
[2021.08.04-20.21.29:563][  0]LogAIModule: Creating AISystem for world Untitled
[2021.08.04-20.21.29:583][  0]LogInit: XAudio2 using 'Speakers (Realtek(R) Audio)' : 2 channels at 48 kHz using 32 bits per sample (channel mask 0x3)
[2021.08.04-20.21.29:595][  0]LogInit: FAudioDevice initialized.
[2021.08.04-20.21.29:595][  0]LogNetVersion: Set ProjectVersion to 1.0.0.0. Version Checksum will be recalculated on next use.
[2021.08.04-20.21.29:638][  0]LogDerivedDataCache: Saved boot cache 0.04s 76MB C:/Users/CYUT-IM/AppData/Local/UnrealEngine/4.23/DerivedDataCache/Boot.ddc.
[2021.08.04-20.21.29:646][  0]LogInit: Texture streaming: Enabled
[2021.08.04-20.21.29:714][  0]LogEngineSessionManager: EngineSessionManager initialized
[2021.08.04-20.21.29:714][  0]LogEditorSessionSummary: Verbose: Initializing EditorSessionSummaryWriter for editor session tracking
[2021.08.04-20.21.29:714][  0]LogEditorSessionSummary: EditorSessionSummaryWriter initialized
[2021.08.04-20.21.29:810][  0]LogInit: Transaction tracking system initialized
[2021.08.04-20.21.29:986][  0]BlueprintLog: New page: Editor Load
[2021.08.04-20.21.30:326][  0]LocalizationService: Localization service is disabled
[2021.08.04-20.21.30:947][  0]LogCook: Display: Max memory allowance for cook 16384mb min free memory 0mb
[2021.08.04-20.21.30:947][  0]LogCook: Display: Mobile HDR setting 1
[2021.08.04-20.21.31:257][  0]LogFileCache: Scanning file cache for directory 'C:/Users/CYUT-IM/Documents/Unreal Projects/Unreal_HW_02_UI/HW_02_UI/Content/' took 0.03s
[2021.08.04-20.21.32:721][  0]SourceControl: Source control is disabled
[2021.08.04-20.21.32:721][  0]Cmd: MAP LOAD FILE="C:/Users/CYUT-IM/Documents/Unreal Projects/Unreal_HW_02_UI/HW_02_UI/Content/遊戲場景/遊戲場景.umap" TEMPLATE=0 SHOWPROGRESS=1 FEATURELEVEL=3
[2021.08.04-20.21.32:722][  0]LightingResults: New page: Lighting Build
[2021.08.04-20.21.32:738][  0]LogWorld: UWorld::CleanupWorld for Untitled, bSessionEnded=true, bCleanupResources=true
[2021.08.04-20.21.32:738][  0]MapCheck: New page: Map Check
[2021.08.04-20.21.32:738][  0]LightingResults: New page: Lighting Build
[2021.08.04-20.21.32:766][  0]LogUObjectHash: Compacting FUObjectHashTables data took   1.46ms
[2021.08.04-20.21.32:875][  0]LogBlueprint: Warning: [Compiler FirstPersonCharacter] InputAction Event references unknown Action 'Sprint' for  InputAction Sprint
[2021.08.04-20.21.34:514][  0]LogAIModule: Creating AISystem for world 遊戲場景
[2021.08.04-20.21.34:673][  0]LogEditorServer: Finished looking for orphan Actors (0.000 secs)
[2021.08.04-20.21.34:786][  0]LogUObjectHash: Compacting FUObjectHashTables data took   2.29ms
[2021.08.04-20.21.34:787][  0]Cmd: MAP CHECKDEP NOCLEARLOG
[2021.08.04-20.21.34:787][  0]MapCheck: Map check complete: 0 Error(s), 0 Warning(s), took 0.315ms to complete.
[2021.08.04-20.21.34:787][  0]LogFileHelpers: Loading map '遊戲場景' took 2.067
[2021.08.04-20.21.34:934][  0]LogSlate: Updating window title bar state: overlay mode, drag disabled, window buttons hidden, title bar hidden
[2021.08.04-20.21.34:940][  0]LogSlate: Updating window title bar state: overlay mode, drag disabled, window buttons hidden, title bar hidden
[2021.08.04-20.21.34:946][  0]LogSlate: Updating window title bar state: overlay mode, drag disabled, window buttons hidden, title bar hidden
[2021.08.04-20.21.34:952][  0]LogSlate: Updating window title bar state: overlay mode, drag disabled, window buttons hidden, title bar hidden
[2021.08.04-20.21.34:970][  0]LogCollectionManager: Loaded 0 collections in 0.000860 seconds
[2021.08.04-20.21.34:991][  0]LogFileCache: Scanning file cache for directory 'C:/Users/CYUT-IM/Documents/Unreal Projects/Unreal_HW_02_UI/HW_02_UI/Saved/Collections/' took 0.00s
[2021.08.04-20.21.34:991][  0]LogFileCache: Scanning file cache for directory 'C:/Users/CYUT-IM/Documents/Unreal Projects/Unreal_HW_02_UI/HW_02_UI/Content/Developers/CYUTIM/Collections/' took 0.00s
[2021.08.04-20.21.34:991][  0]LogFileCache: Scanning file cache for directory 'C:/Users/CYUT-IM/Documents/Unreal Projects/Unreal_HW_02_UI/HW_02_UI/Content/Collections/' took 0.00s
[2021.08.04-20.21.34:991][  0]LogCollectionManager: Rebuilt the GUID cache for 0 collections in 0.000002 seconds
[2021.08.04-20.21.34:998][  0]LogContentBrowser: Native class hierarchy populated in 0.0068 seconds. Added 2863 classes and 680 folders.
[2021.08.04-20.21.35:036][  0]LogContentBrowser: Native class hierarchy updated for 'WidgetCarousel' in 0.0003 seconds. Added 0 classes and 0 folders.
[2021.08.04-20.21.35:387][  0]LogContentBrowser: Native class hierarchy updated for 'AddContentDialog' in 0.0002 seconds. Added 0 classes and 0 folders.
[2021.08.04-20.21.35:406][  0]LogContentBrowser: Native class hierarchy updated for 'WorldBrowser' in 0.0003 seconds. Added 2 classes and 3 folders.
[2021.08.04-20.21.35:439][  0]LogContentBrowser: Native class hierarchy updated for 'SceneOutliner' in 0.0002 seconds. Added 1 classes and 2 folders.
[2021.08.04-20.21.35:512][  0]LogSlate: Took 0.016503 seconds to synchronously load lazily loaded font '../../../Engine/Content/Slate/Fonts/Roboto-Regular.ttf' (155K)
[2021.08.04-20.21.35:556][  0]LogSlate: Took 0.043649 seconds to synchronously load lazily loaded font '../../../Engine/Content/Slate/Fonts/DroidSansFallback.ttf' (3848K)
[2021.08.04-20.21.35:572][  0]LogSlate: Took 0.014568 seconds to synchronously load lazily loaded font '../../../Engine/Content/Slate/Fonts/Roboto-Bold.ttf' (160K)
[2021.08.04-20.21.35:585][  0]LogSlate: Took 0.009824 seconds to synchronously load lazily loaded font '../../../Engine/Content/Editor/Slate/Fonts/FontAwesome.ttf' (139K)
[2021.08.04-20.21.35:642][  0]LogRenderer: Reallocating scene render targets to support 1152x608 Format 10 NumSamples 1 (Frame:1).
[2021.08.04-20.21.35:810][  0]LogContentBrowser: Native class hierarchy updated for 'HierarchicalLODOutliner' in 0.0002 seconds. Added 0 classes and 0 folders.
[2021.08.04-20.21.35:810][  0]LogLoad: (Engine Initialization) Total time: 32.88 seconds
[2021.08.04-20.21.35:810][  0]LogLoad: (Engine Initialization) Total Blueprint compile time: 0.00 seconds
[2021.08.04-20.21.35:882][  0]LogContentStreaming: Texture pool size now 1000 MB
[2021.08.04-20.21.36:387][  8]LogSlate: Took 0.000138 seconds to synchronously load lazily loaded font '../../../Engine/Content/Slate/Fonts/Roboto-Light.ttf' (167K)
[2021.08.04-20.21.36:693][ 13]LogAssetRegistry: Asset discovery search completed in 21.8897 seconds
[2021.08.04-20.21.36:696][ 13]LogCollectionManager: Rebuilt the object cache for 0 collections in 0.000004 seconds (found 0 objects)
[2021.08.04-20.21.36:696][ 13]LogCollectionManager: Fixed up redirectors for 0 collections in 0.000043 seconds (updated 0 objects)
[2021.08.04-20.21.37:329][ 15]LogSlate: Took 0.000115 seconds to synchronously load lazily loaded font '../../../Engine/Content/Slate/Fonts/Roboto-Light.ttf' (167K)
[2021.08.04-20.23.10:919][295]LogSlate: FSceneViewport::OnFocusLost() reason 0
[2021.08.04-20.23.13:303][427]LogUObjectHash: Compacting FUObjectHashTables data took   0.68ms
[2021.08.04-20.23.13:345][427]LogSlate: Window 'HW_02_UI - Unreal Editor' being destroyed
[2021.08.04-20.23.13:449][428]Cmd: QUIT_EDITOR
[2021.08.04-20.23.13:472][428]LogExit: Preparing to exit.
[2021.08.04-20.23.14:327][428]LogWorld: UWorld::CleanupWorld for None, bSessionEnded=true, bCleanupResources=true
[2021.08.04-20.23.14:327][428]LogExit: Editor shut down
[2021.08.04-20.23.14:328][428]LogExit: Transaction tracking system shut down
[2021.08.04-20.23.14:328][428]LogDemo: Cleaned up 0 splitscreen connections with owner deletion
[2021.08.04-20.23.14:578][428]LogExit: Object subsystem successfully closed.
[2021.08.04-20.23.14:598][428]LogShaderCompilers: Display: Shaders left to compile 0
[2021.08.04-20.23.14:608][428]LogModuleManager: Shutting down and abandoning module HierarchicalLODOutliner (670)
[2021.08.04-20.23.14:608][428]LogModuleManager: Shutting down and abandoning module SceneOutliner (668)
[2021.08.04-20.23.14:608][428]LogModuleManager: Shutting down and abandoning module WorldBrowser (666)
[2021.08.04-20.23.14:608][428]LogModuleManager: Shutting down and abandoning module AddContentDialog (664)
[2021.08.04-20.23.14:608][428]LogModuleManager: Shutting down and abandoning module WidgetCarousel (663)
[2021.08.04-20.23.14:608][428]LogModuleManager: Shutting down and abandoning module EditorWidgets (660)
[2021.08.04-20.23.14:608][428]LogModuleManager: Shutting down and abandoning module CollectionManager (658)
[2021.08.04-20.23.14:608][428]LogModuleManager: Shutting down and abandoning module StatsViewer (656)
[2021.08.04-20.23.14:608][428]LogModuleManager: Shutting down and abandoning module VirtualTexturingEditor (654)
[2021.08.04-20.23.14:608][428]LogModuleManager: Shutting down and abandoning module FoliageEdit (652)
[2021.08.04-20.23.14:608][428]LogModuleManager: Shutting down and abandoning module LandscapeEditor (650)
[2021.08.04-20.23.14:608][428]LogModuleManager: Shutting down and abandoning module MeshPaintMode (648)
[2021.08.04-20.23.14:608][428]LogModuleManager: Shutting down and abandoning module SceneDepthPickerMode (646)
[2021.08.04-20.23.14:608][428]LogModuleManager: Shutting down and abandoning module ActorPickerMode (644)
[2021.08.04-20.23.14:608][428]LogModuleManager: Shutting down and abandoning module GeometryMode (642)
[2021.08.04-20.23.14:608][428]LogModuleManager: Shutting down and abandoning module TextureAlignMode (640)
[2021.08.04-20.23.14:608][428]LogModuleManager: Shutting down and abandoning module BspMode (638)
[2021.08.04-20.23.14:608][428]LogModuleManager: Shutting down and abandoning module PIEPreviewDeviceProfileSelector (636)
[2021.08.04-20.23.14:608][428]LogModuleManager: Shutting down and abandoning module SequenceRecorderSections (634)
[2021.08.04-20.23.14:608][428]LogModuleManager: Shutting down and abandoning module AutomationWorker (632)
[2021.08.04-20.23.14:608][428]LogModuleManager: Shutting down and abandoning module OculusMR (630)
[2021.08.04-20.23.14:608][428]LogModuleManager: Shutting down and abandoning module AudioCaptureEditor (628)
[2021.08.04-20.23.14:608][428]LogModuleManager: Shutting down and abandoning module MatineeToLevelSequence (626)
[2021.08.04-20.23.14:609][428]LogModuleManager: Shutting down and abandoning module LevelSequenceEditor (624)
[2021.08.04-20.23.14:609][428]LogModuleManager: Shutting down and abandoning module PlacementMode (623)
[2021.08.04-20.23.14:609][428]LogModuleManager: Shutting down and abandoning module MaterialEditor (622)
[2021.08.04-20.23.14:609][428]LogModuleManager: Shutting down and abandoning module ActorSequenceEditor (618)
[2021.08.04-20.23.14:609][428]LogModuleManager: Shutting down and abandoning module WmfMediaFactory (616)
[2021.08.04-20.23.14:609][428]LogModuleManager: Shutting down and abandoning module WmfMediaEditor (614)
[2021.08.04-20.23.14:609][428]LogModuleManager: Shutting down and abandoning module WebMMediaFactory (612)
[2021.08.04-20.23.14:609][428]LogModuleManager: Shutting down and abandoning module WebMMediaEditor (610)
[2021.08.04-20.23.14:609][428]LogModuleManager: Shutting down and abandoning module WebMMedia (608)
[2021.08.04-20.23.14:609][428]LogModuleManager: Shutting down and abandoning module MediaPlayerEditor (606)
[2021.08.04-20.23.14:609][428]LogModuleManager: Shutting down and abandoning module MediaCompositingEditor (604)
[2021.08.04-20.23.14:609][428]LogModuleManager: Shutting down and abandoning module SequenceRecorder (603)
[2021.08.04-20.23.14:609][428]LogModuleManager: Shutting down and abandoning module OpenExrWrapper (600)
[2021.08.04-20.23.14:609][428]LogModuleManager: Shutting down and abandoning module ImgMediaFactory (598)
[2021.08.04-20.23.14:609][428]LogModuleManager: Shutting down and abandoning module ImgMediaEditor (596)
[2021.08.04-20.23.14:609][428]LogModuleManager: Shutting down and abandoning module AvfMediaFactory (594)
[2021.08.04-20.23.14:609][428]LogModuleManager: Shutting down and abandoning module AvfMediaEditor (592)
[2021.08.04-20.23.14:609][428]LogModuleManager: Shutting down and abandoning module AndroidMediaFactory (590)
[2021.08.04-20.23.14:609][428]LogModuleManager: Shutting down and abandoning module AndroidMediaEditor (588)
[2021.08.04-20.23.14:609][428]LogModuleManager: Shutting down and abandoning module MagicLeapCameraPreviewFactory (586)
[2021.08.04-20.23.14:609][428]LogModuleManager: Shutting down and abandoning module MagicLeapMediaCodecFactory (584)
[2021.08.04-20.23.14:609][428]LogModuleManager: Shutting down and abandoning module MagicLeapMediaFactory (582)
[2021.08.04-20.23.14:609][428]LogModuleManager: Shutting down and abandoning module MagicLeapMediaEditor (580)
[2021.08.04-20.23.14:609][428]LogModuleManager: Shutting down and abandoning module CharacterAI (578)
[2021.08.04-20.23.14:609][428]LogModuleManager: Shutting down and abandoning module SmartSnapping (576)
[2021.08.04-20.23.14:609][428]LogModuleManager: Shutting down and abandoning module SessionServices (574)
[2021.08.04-20.23.14:609][428]LogModuleManager: Shutting down and abandoning module MeshPaint (572)
[2021.08.04-20.23.14:609][428]LogModuleManager: Shutting down and abandoning module ViewportSnapping (570)
[2021.08.04-20.23.14:609][428]LogModuleManager: Shutting down and abandoning module ViewportInteraction (568)
[2021.08.04-20.23.14:609][428]LogModuleManager: Shutting down and abandoning module ClothPainter (566)
[2021.08.04-20.23.14:609][428]LogModuleManager: Shutting down and abandoning module SkeletalMeshEditor (565)
[2021.08.04-20.23.14:609][428]LogModuleManager: Shutting down and abandoning module LogVisualizer (562)
[2021.08.04-20.23.14:609][428]LogModuleManager: Shutting down and abandoning module IntroTutorials (560)
[2021.08.04-20.23.14:609][428]LogModuleManager: Shutting down and abandoning module GameProjectGeneration (559)
[2021.08.04-20.23.14:609][428]LogModuleManager: Shutting down and abandoning module LuminPlatformEditor (556)
[2021.08.04-20.23.14:609][428]LogModuleManager: Shutting down and abandoning module IOSPlatformEditor (554)
[2021.08.04-20.23.14:609][428]LogModuleManager: Shutting down and abandoning module HTML5PlatformEditor (552)
[2021.08.04-20.23.14:609][428]LogModuleManager: Shutting down and abandoning module AndroidPlatformEditor (550)
[2021.08.04-20.23.14:609][428]LogModuleManager: Shutting down and abandoning module AndroidDeviceDetection (549)
[2021.08.04-20.23.15:555][428]LogModuleManager: Shutting down and abandoning module WindowsPlatformEditor (546)
[2021.08.04-20.23.15:555][428]LogModuleManager: Shutting down and abandoning module LuminRuntimeSettings (544)
[2021.08.04-20.23.15:555][428]LogModuleManager: Shutting down and abandoning module IOSRuntimeSettings (542)
[2021.08.04-20.23.15:555][428]LogModuleManager: Shutting down and abandoning module AndroidRuntimeSettings (540)
[2021.08.04-20.23.15:555][428]LogModuleManager: Shutting down and abandoning module TimeManagementEditor (538)
[2021.08.04-20.23.15:555][428]LogModuleManager: Shutting down and abandoning module InputBindingEditor (536)
[2021.08.04-20.23.15:555][428]LogModuleManager: Shutting down and abandoning module MergeActors (534)
[2021.08.04-20.23.15:555][428]LogModuleManager: Shutting down and abandoning module LocalizationDashboard (532)
[2021.08.04-20.23.15:555][428]LogModuleManager: Shutting down and abandoning module LocalizationService (531)
[2021.08.04-20.23.15:555][428]LogModuleManager: Shutting down and abandoning module HardwareTargeting (528)
[2021.08.04-20.23.15:555][428]LogModuleManager: Shutting down and abandoning module DeviceProfileEditor (526)
[2021.08.04-20.23.15:555][428]LogModuleManager: Shutting down and abandoning module UndoHistory (524)
[2021.08.04-20.23.15:555][428]LogModuleManager: Shutting down and abandoning module XmlParser (522)
[2021.08.04-20.23.15:555][428]LogModuleManager: Shutting down and abandoning module Blutility (520)
[2021.08.04-20.23.15:555][428]LogModuleManager: Shutting down and abandoning module ProjectSettingsViewer (518)
[2021.08.04-20.23.15:555][428]LogModuleManager: Shutting down and abandoning module ProjectTargetPlatformEditor (517)
[2021.08.04-20.23.15:556][428]LogModuleManager: Shutting down and abandoning module EditorSettingsViewer (514)
[2021.08.04-20.23.15:556][428]LogModuleManager: Shutting down and abandoning module SettingsEditor (512)
[2021.08.04-20.23.15:556][428]LogModuleManager: Shutting down and abandoning module ProjectLauncher (510)
[2021.08.04-20.23.15:556][428]LogModuleManager: Shutting down and abandoning module SessionFrontend (508)
[2021.08.04-20.23.15:556][428]LogModuleManager: Shutting down and abandoning module ProfilerClient (506)
[2021.08.04-20.23.15:556][428]LogModuleManager: Shutting down and abandoning module DeviceManager (504)
[2021.08.04-20.23.15:556][428]LogModuleManager: Shutting down and abandoning module TargetDeviceServices (503)
[2021.08.04-20.23.15:610][428]LogModuleManager: Shutting down and abandoning module AutomationController (500)
[2021.08.04-20.23.15:610][428]LogModuleManager: Shutting down and abandoning module AutomationWindow (498)
[2021.08.04-20.23.15:610][428]LogModuleManager: Shutting down and abandoning module Layers (496)
[2021.08.04-20.23.15:610][428]LogModuleManager: Shutting down and abandoning module ComponentVisualizers (494)
[2021.08.04-20.23.15:610][428]LogModuleManager: Shutting down and abandoning module DetailCustomizations (492)
[2021.08.04-20.23.15:610][428]LogModuleManager: Shutting down and abandoning module PackagesDialog (490)
[2021.08.04-20.23.15:610][428]LogModuleManager: Shutting down and abandoning module AnimationBlueprintEditor (488)
[2021.08.04-20.23.15:610][428]LogModuleManager: Shutting down and abandoning module Persona (486)
[2021.08.04-20.23.15:610][428]LogModuleManager: Shutting down and abandoning module AdvancedPreviewScene (485)
[2021.08.04-20.23.15:610][428]LogModuleManager: Shutting down and abandoning module AnimGraph (483)
[2021.08.04-20.23.15:610][428]LogModuleManager: Shutting down and abandoning module Kismet (480)
[2021.08.04-20.23.15:610][428]LogModuleManager: Shutting down and abandoning module KismetWidgets (479)
[2021.08.04-20.23.15:610][428]LogModuleManager: Shutting down and abandoning module GraphEditor (476)
[2021.08.04-20.23.15:610][428]LogModuleManager: Shutting down and abandoning module StructViewer (474)
[2021.08.04-20.23.15:610][428]LogModuleManager: Shutting down and abandoning module ClassViewer (472)
[2021.08.04-20.23.15:610][428]LogModuleManager: Shutting down and abandoning module Toolbox (470)
[2021.08.04-20.23.15:610][428]LogModuleManager: Shutting down and abandoning module ModuleUI (468)
[2021.08.04-20.23.15:610][428]LogModuleManager: Shutting down and abandoning module MovieSceneTools (466)
[2021.08.04-20.23.15:610][428]LogModuleManager: Shutting down and abandoning module OutputLog (464)
[2021.08.04-20.23.15:610][428]LogModuleManager: Shutting down and abandoning module GammaUI (462)
[2021.08.04-20.23.15:610][428]LogModuleManager: Shutting down and abandoning module Documentation (460)
[2021.08.04-20.23.15:610][428]LogModuleManager: Shutting down and abandoning module LiveCoding (458)
[2021.08.04-20.23.15:610][428]LogModuleManager: Shutting down and abandoning module LevelSequence (456)
[2021.08.04-20.23.15:610][428]LogModuleManager: Shutting down and abandoning module MovieSceneTracks (454)
[2021.08.04-20.23.15:610][428]LogModuleManager: Shutting down and abandoning module MovieScene (452)
[2021.08.04-20.23.15:611][428]LogModuleManager: Shutting down and abandoning module StreamingPauseRendering (450)
[2021.08.04-20.23.15:611][428]LogModuleManager: Shutting down and abandoning module LauncherPlatform (448)
[2021.08.04-20.23.15:611][428]LogModuleManager: Shutting down and abandoning module AnalyticsET (446)
[2021.08.04-20.23.15:611][428]LogModuleManager: Shutting down and abandoning module PortalServices (444)
[2021.08.04-20.23.15:611][428]LogModuleManager: Shutting down and abandoning module PortalRpc (442)
[2021.08.04-20.23.15:611][428]LogModuleManager: Shutting down and abandoning module MessagingRpc (440)
[2021.08.04-20.23.15:611][428]LogModuleManager: Shutting down and abandoning module AIModule (438)
[2021.08.04-20.23.15:611][428]LogModuleManager: Shutting down and abandoning module GameplayDebugger (437)
[2021.08.04-20.23.15:611][428]LogModuleManager: Shutting down and abandoning module AITestSuite (435)
[2021.08.04-20.23.15:611][428]LogModuleManager: Shutting down and abandoning module NavigationSystem (433)
[2021.08.04-20.23.15:611][428]LogModuleManager: Shutting down and abandoning module DesktopPlatform (430)
[2021.08.04-20.23.15:611][428]LogModuleManager: Shutting down and abandoning module ImageWriteQueue (428)
[2021.08.04-20.23.15:613][428]LogModuleManager: Shutting down and abandoning module ProfilerService (426)
[2021.08.04-20.23.15:722][428]LogModuleManager: Shutting down and abandoning module TaskGraph (424)
[2021.08.04-20.23.15:722][428]LogModuleManager: Shutting down and abandoning module ScreenshotTools (422)
[2021.08.04-20.23.15:722][428]LogModuleManager: Shutting down and abandoning module SteamVRController (420)
[2021.08.04-20.23.15:722][428]LogModuleManager: Shutting down and abandoning module ProceduralMeshComponentEditor (418)
[2021.08.04-20.23.15:722][428]LogModuleManager: Shutting down and abandoning module ProceduralMeshComponent (416)
[2021.08.04-20.23.15:722][428]LogModuleManager: Shutting down and abandoning module OculusEditor (414)
[2021.08.04-20.23.15:722][428]LogModuleManager: Shutting down and abandoning module OculusInput (412)
[2021.08.04-20.23.15:722][428]LogModuleManager: Shutting down and abandoning module MobilePatchingUtils (410)
[2021.08.04-20.23.15:722][428]LogModuleManager: Shutting down and abandoning module EditableMesh (408)
[2021.08.04-20.23.15:722][428]LogModuleManager: Shutting down and abandoning module CustomMeshComponent (406)
[2021.08.04-20.23.15:722][428]LogModuleManager: Shutting down and abandoning module CableComponent (404)
[2021.08.04-20.23.15:722][428]LogModuleManager: Shutting down and abandoning module AudioCapture (402)
[2021.08.04-20.23.15:722][428]LogModuleManager: Shutting down and abandoning module ArchVisCharacter (400)
[2021.08.04-20.23.15:722][428]LogModuleManager: Shutting down and abandoning module AppleImageUtilsBlueprintSupport (398)
[2021.08.04-20.23.15:722][428]LogModuleManager: Shutting down and abandoning module AppleImageUtils (396)
[2021.08.04-20.23.15:722][428]LogModuleManager: Shutting down and abandoning module AndroidPermission (394)
[2021.08.04-20.23.15:722][428]LogModuleManager: Shutting down and abandoning module NUTUnrealEngine4 (392)
[2021.08.04-20.23.15:723][428]LogModuleManager: Shutting down and abandoning module NetcodeUnitTest (390)
[2021.08.04-20.23.15:723][428]LogModuleManager: Shutting down and abandoning module MediaCompositing (388)
[2021.08.04-20.23.15:723][428]LogModuleManager: Shutting down and abandoning module ImgMedia (386)
[2021.08.04-20.23.15:723][428]LogModuleManager: Shutting down and abandoning module MagicLeapHelperVulkan (384)
[2021.08.04-20.23.15:723][428]LogModuleManager: Shutting down and abandoning module MagicLeapHelperOpenGL (382)
[2021.08.04-20.23.15:723][428]LogModuleManager: Shutting down and abandoning module MagicLeapAudio (380)
[2021.08.04-20.23.15:723][428]LogModuleManager: Shutting down and abandoning module HTML5Networking (378)
[2021.08.04-20.23.15:723][428]LogModuleManager: Shutting down and abandoning module GeometryCacheTracks (376)
[2021.08.04-20.23.15:723][428]LogModuleManager: Shutting down and abandoning module GeometryCacheSequencer (374)
[2021.08.04-20.23.15:723][428]LogModuleManager: Shutting down and abandoning module BackChannel (372)
[2021.08.04-20.23.15:723][428]LogModuleManager: Shutting down and abandoning module AutomationUtilsEditor (370)
[2021.08.04-20.23.15:723][428]LogModuleManager: Shutting down and abandoning module AutomationUtils (368)
[2021.08.04-20.23.15:723][428]LogModuleManager: Shutting down and abandoning module AlembicImporter (366)
[2021.08.04-20.23.15:723][428]LogModuleManager: Shutting down and abandoning module AlembicLibrary (365)
[2021.08.04-20.23.15:723][428]LogModuleManager: Shutting down and abandoning module GeometryCache (364)
[2021.08.04-20.23.15:723][428]LogModuleManager: Shutting down and abandoning module GeometryCacheEd (363)
[2021.08.04-20.23.15:723][428]LogModuleManager: Shutting down and abandoning module VariantManagerContent (358)
[2021.08.04-20.23.15:723][428]LogModuleManager: Shutting down and abandoning module DatasmithContentEditor (356)
[2021.08.04-20.23.15:723][428]LogModuleManager: Shutting down and abandoning module SpeedTreeImporter (354)
[2021.08.04-20.23.15:723][428]LogModuleManager: Shutting down and abandoning module PluginBrowser (352)
[2021.08.04-20.23.15:723][428]LogModuleManager: Shutting down and abandoning module MobileLauncherProfileWizard (350)
[2021.08.04-20.23.15:723][428]LogModuleManager: Shutting down and abandoning module MaterialAnalyzer (348)
[2021.08.04-20.23.15:723][428]LogModuleManager: Shutting down and abandoning module CurveEditorTools (346)
[2021.08.04-20.23.15:723][428]LogModuleManager: Shutting down and abandoning module CurveEditor (345)
[2021.08.04-20.23.15:723][428]LogModuleManager: Shutting down and abandoning module CryptoKeysOpenSSL (342)
[2021.08.04-20.23.15:723][428]LogModuleManager: Shutting down and abandoning module CryptoKeys (340)
[2021.08.04-20.23.15:723][428]LogModuleManager: Shutting down and abandoning module VisualStudioSourceCodeAccess (338)
[2021.08.04-20.23.15:723][428]LogModuleManager: Shutting down and abandoning module VisualStudioCodeSourceCodeAccess (336)
[2021.08.04-20.23.15:723][428]LogModuleManager: Shutting down and abandoning module UObjectPlugin (334)
[2021.08.04-20.23.15:723][428]LogModuleManager: Shutting down and abandoning module SubversionSourceControl (332)
[2021.08.04-20.23.15:723][428]LogModuleManager: Shutting down and abandoning module PerforceSourceControl (330)
[2021.08.04-20.23.15:723][428]LogModuleManager: Shutting down and abandoning module GitSourceControl (328)
[2021.08.04-20.23.15:723][428]LogModuleManager: Shutting down and abandoning module SourceControl (327)
[2021.08.04-20.23.15:723][428]LogModuleManager: Shutting down and abandoning module CLionSourceCodeAccess (324)
[2021.08.04-20.23.15:723][428]LogModuleManager: Shutting down and abandoning module AnimationSharingEd (322)
[2021.08.04-20.23.15:723][428]LogModuleManager: Shutting down and abandoning module ActorLayerUtilitiesEditor (320)
[2021.08.04-20.23.15:723][428]LogModuleManager: Shutting down and abandoning module ActorLayerUtilities (318)
[2021.08.04-20.23.15:723][428]LogModuleManager: Shutting down and abandoning module LightPropagationVolumeEditor (316)
[2021.08.04-20.23.15:723][428]LogModuleManager: Shutting down and abandoning module PaperTiledImporter (314)
[2021.08.04-20.23.15:723][428]LogModuleManager: Shutting down and abandoning module PaperSpriteSheetImporter (312)
[2021.08.04-20.23.15:723][428]LogModuleManager: Shutting down and abandoning module Paper2DEditor (310)
[2021.08.04-20.23.15:723][428]LogModuleManager: Shutting down and abandoning module SignificanceManager (308)
[2021.08.04-20.23.15:723][428]LogModuleManager: Shutting down and abandoning module RuntimePhysXCooking (306)
[2021.08.04-20.23.15:723][428]LogModuleManager: Shutting down and abandoning module PhysXVehiclesEditor (304)
[2021.08.04-20.23.15:723][428]LogModuleManager: Shutting down and abandoning module LocationServicesBPLibrary (300)
[2021.08.04-20.23.15:723][428]LogModuleManager: Shutting down and abandoning module ActorSequence (298)
[2021.08.04-20.23.15:723][428]LogModuleManager: Shutting down and abandoning module UdpMessaging (296)
[2021.08.04-20.23.15:824][428]LogModuleManager: Shutting down and abandoning module TcpMessaging (294)
[2021.08.04-20.23.15:925][428]LogModuleManager: Shutting down and abandoning module MagicLeapIdentity (292)
[2021.08.04-20.23.15:925][428]LogModuleManager: Shutting down and abandoning module MagicLeapSecureStorage (290)
[2021.08.04-20.23.15:925][428]LogModuleManager: Shutting down and abandoning module MagicLeapHandTracking (288)
[2021.08.04-20.23.15:925][428]LogModuleManager: Shutting down and abandoning module MagicLeapEyeTracker (286)
[2021.08.04-20.23.15:925][428]LogModuleManager: Shutting down and abandoning module MagicLeapController (284)
[2021.08.04-20.23.15:925][428]LogSlate: Slate User Destroyed.  User Index 0, Is Virtual User: 0
[2021.08.04-20.23.15:925][428]LogModuleManager: Shutting down and abandoning module MagicLeapAR (282)
[2021.08.04-20.23.15:925][428]LogModuleManager: Shutting down and abandoning module AugmentedReality (281)
[2021.08.04-20.23.15:925][428]LogModuleManager: Shutting down and abandoning module GameplayTagsEditor (278)
[2021.08.04-20.23.15:925][428]LogModuleManager: Shutting down and abandoning module FacialAnimationEditor (276)
[2021.08.04-20.23.15:925][428]LogModuleManager: Shutting down and abandoning module FacialAnimation (274)
[2021.08.04-20.23.15:925][428]LogModuleManager: Shutting down and abandoning module DataValidation (272)
[2021.08.04-20.23.15:925][428]LogModuleManager: Shutting down and abandoning module AssetManagerEditor (270)
[2021.08.04-20.23.15:925][428]LogModuleManager: Shutting down and abandoning module LevelEditor (269)
[2021.08.04-20.23.15:925][428]LogModuleManager: Shutting down and abandoning module PixelInspectorModule (268)
[2021.08.04-20.23.15:925][428]LogModuleManager: Shutting down and abandoning module CommonMenuExtensions (266)
[2021.08.04-20.23.15:926][428]LogModuleManager: Shutting down and abandoning module MainFrame (264)
[2021.08.04-20.23.15:926][428]LogModuleManager: Shutting down and abandoning module HotReload (263)
[2021.08.04-20.23.15:926][428]LogModuleManager: Shutting down and abandoning module ContentBrowser (259)
[2021.08.04-20.23.15:926][428]LogModuleManager: Shutting down and abandoning module TreeMap (257)
[2021.08.04-20.23.15:926][428]LogModuleManager: Shutting down and abandoning module AnimationSharing (254)
[2021.08.04-20.23.15:926][428]LogModuleManager: Shutting down and abandoning module LightPropagationVolumeRuntime (252)
[2021.08.04-20.23.15:926][428]LogModuleManager: Shutting down and abandoning module Paper2D (250)
[2021.08.04-20.23.15:926][428]LogModuleManager: Shutting down and abandoning module WindowsMoviePlayer (248)
[2021.08.04-20.23.15:928][428]LogModuleManager: Shutting down and abandoning module WebMMoviePlayer (246)
[2021.08.04-20.23.15:928][428]LogModuleManager: Shutting down and abandoning module NetworkReplayStreaming (244)
[2021.08.04-20.23.15:928][428]LogModuleManager: Shutting down and abandoning module PacketHandler (242)
[2021.08.04-20.23.15:928][428]LogModuleManager: Shutting down and abandoning module ClothingSystemEditor (240)
[2021.08.04-20.23.15:928][428]LogModuleManager: Shutting down and abandoning module ClothingSystemRuntime (238)
[2021.08.04-20.23.15:928][428]LogModuleManager: Shutting down and abandoning module MediaAssets (236)
[2021.08.04-20.23.15:928][428]LogModuleManager: Shutting down and abandoning module Overlay (234)
[2021.08.04-20.23.15:928][428]LogModuleManager: Shutting down and abandoning module OverlayEditor (233)
[2021.08.04-20.23.15:928][428]LogModuleManager: Shutting down and abandoning module VREditor (230)
[2021.08.04-20.23.15:928][428]LogModuleManager: Shutting down and abandoning module StringTableEditor (228)
[2021.08.04-20.23.15:928][428]LogModuleManager: Shutting down and abandoning module GameplayTasksEditor (226)
[2021.08.04-20.23.15:928][428]LogModuleManager: Shutting down and abandoning module BehaviorTreeEditor (224)
[2021.08.04-20.23.15:928][428]LogModuleManager: Shutting down and abandoning module FunctionalTesting (222)
[2021.08.04-20.23.15:928][428]LogModuleManager: Shutting down and abandoning module CollisionAnalyzer (220)
[2021.08.04-20.23.15:928][428]LogModuleManager: Shutting down and abandoning module WorkspaceMenuStructure (219)
[2021.08.04-20.23.15:928][428]LogModuleManager: Shutting down and abandoning module UMG (216)
[2021.08.04-20.23.15:928][428]LogModuleManager: Shutting down and abandoning module UMGEditor (215)
[2021.08.04-20.23.15:928][428]LogModuleManager: Shutting down and abandoning module Sequencer (214)
[2021.08.04-20.23.15:929][428]LogModuleManager: Shutting down and abandoning module MessageLog (211)
[2021.08.04-20.23.15:929][428]LogModuleManager: Shutting down and abandoning module SlateReflector (206)
[2021.08.04-20.23.15:929][428]LogModuleManager: Shutting down and abandoning module Slate (204)
[2021.08.04-20.23.15:929][428]LogModuleManager: Shutting down and abandoning module LandscapeEditorUtilities (202)
[2021.08.04-20.23.15:929][428]LogModuleManager: Shutting down and abandoning module EditorStyle (200)
[2021.08.04-20.23.15:929][428]LogModuleManager: Shutting down and abandoning module UnrealEd (198)
[2021.08.04-20.23.15:929][428]LogModuleManager: Shutting down and abandoning module MRMesh (196)
[2021.08.04-20.23.15:929][428]LogModuleManager: Shutting down and abandoning module SourceCodeAccess (194)
[2021.08.04-20.23.15:929][428]LogModuleManager: Shutting down and abandoning module HeadMountedDisplay (192)
[2021.08.04-20.23.15:929][428]LogModuleManager: Shutting down and abandoning module XAudio2 (190)
[2021.08.04-20.23.15:929][428]LogModuleManager: Shutting down and abandoning module Networking (188)
[2021.08.04-20.23.15:929][428]LogModuleManager: Shutting down and abandoning module Core (186)
[2021.08.04-20.23.15:929][428]LogModuleManager: Shutting down and abandoning module KismetCompiler (184)
[2021.08.04-20.23.15:929][428]LogModuleManager: Shutting down and abandoning module MeshUtilities (182)
[2021.08.04-20.23.15:929][428]LogModuleManager: Shutting down and abandoning module MeshMergeUtilities (181)
[2021.08.04-20.23.15:929][428]LogModuleManager: Shutting down and abandoning module MeshReductionInterface (180)
[2021.08.04-20.23.15:929][428]LogModuleManager: Shutting down and abandoning module SkeletalMeshReduction (179)
[2021.08.04-20.23.15:930][428]LogModuleManager: Shutting down and abandoning module ProxyLODMeshReduction (177)
[2021.08.04-20.23.15:930][428]LogModuleManager: Shutting down and abandoning module QuadricMeshReduction (175)
[2021.08.04-20.23.15:930][428]LogModuleManager: Shutting down and abandoning module MaterialBaking (171)
[2021.08.04-20.23.15:930][428]LogModuleManager: Shutting down and abandoning module NullInstallBundleManager (166)
[2021.08.04-20.23.15:930][428]LogModuleManager: Shutting down and abandoning module DerivedDataCache (164)
[2021.08.04-20.23.15:933][428]LogDerivedDataCache: Shutdown
[2021.08.04-20.23.15:933][428]LogModuleManager: Shutting down and abandoning module XGEController (162)
[2021.08.04-20.23.15:933][428]LogXGEController: Cleaning working directory: C:/Users/CYUT-IM/AppData/Local/Temp/UnrealXGEWorkingDir/
[2021.08.04-20.23.15:934][428]LogModuleManager: Shutting down and abandoning module TargetPlatform (160)
[2021.08.04-20.23.15:934][428]LogModuleManager: Shutting down and abandoning module VulkanShaderFormat (159)
[2021.08.04-20.23.15:934][428]LogModuleManager: Shutting down and abandoning module ShaderFormatVectorVM (157)
[2021.08.04-20.23.15:934][428]LogModuleManager: Shutting down and abandoning module ShaderFormatOpenGL (155)
[2021.08.04-20.23.15:934][428]LogModuleManager: Shutting down and abandoning module ShaderFormatD3D (153)
[2021.08.04-20.23.15:934][428]LogModuleManager: Shutting down and abandoning module MetalShaderFormat (151)
[2021.08.04-20.23.15:934][428]LogModuleManager: Shutting down and abandoning module TextureFormatUncompressed (149)
[2021.08.04-20.23.15:934][428]LogModuleManager: Shutting down and abandoning module TextureFormatPVR (147)
[2021.08.04-20.23.15:934][428]LogModuleManager: Shutting down and abandoning module TextureFormatDXT (145)
[2021.08.04-20.23.15:934][428]LogModuleManager: Shutting down and abandoning module TextureFormatIntelISPCTexComp (143)
[2021.08.04-20.23.15:934][428]LogModuleManager: Shutting down and abandoning module TextureFormatASTC (141)
[2021.08.04-20.23.15:934][428]LogModuleManager: Shutting down and abandoning module ImageWrapper (140)
[2021.08.04-20.23.15:934][428]LogModuleManager: Shutting down and abandoning module TextureFormatAndroid (137)
[2021.08.04-20.23.15:934][428]LogModuleManager: Shutting down and abandoning module AudioFormatOpus (135)
[2021.08.04-20.23.15:934][428]LogModuleManager: Shutting down and abandoning module AudioFormatOgg (133)
[2021.08.04-20.23.15:934][428]LogModuleManager: Shutting down and abandoning module AudioFormatADPCM (131)
[2021.08.04-20.23.15:934][428]LogModuleManager: Shutting down and abandoning module LuminTargetPlatform (129)
[2021.08.04-20.23.15:934][428]LogModuleManager: Shutting down and abandoning module LinuxTargetPlatform (127)
[2021.08.04-20.23.15:934][428]LogModuleManager: Shutting down and abandoning module LinuxServerTargetPlatform (125)
[2021.08.04-20.23.15:934][428]LogModuleManager: Shutting down and abandoning module LinuxNoEditorTargetPlatform (123)
[2021.08.04-20.23.15:934][428]LogModuleManager: Shutting down and abandoning module LinuxClientTargetPlatform (121)
[2021.08.04-20.23.15:934][428]LogModuleManager: Shutting down and abandoning module TVOSTargetPlatform (119)
[2021.08.04-20.23.15:935][428]LogModuleManager: Shutting down and abandoning module Messaging (117)
[2021.08.04-20.23.15:935][428]LogModuleManager: Shutting down and abandoning module IOSTargetPlatform (115)
[2021.08.04-20.23.15:935][428]LogModuleManager: Shutting down and abandoning module HTML5TargetPlatform (113)
[2021.08.04-20.23.15:935][428]LogModuleManager: Shutting down and abandoning module AndroidTargetPlatform (111)
[2021.08.04-20.23.15:940][428]LogModuleManager: Shutting down and abandoning module WindowsTargetPlatform (109)
[2021.08.04-20.23.15:940][428]LogModuleManager: Shutting down and abandoning module WindowsServerTargetPlatform (107)
[2021.08.04-20.23.15:940][428]LogModuleManager: Shutting down and abandoning module WindowsNoEditorTargetPlatform (105)
[2021.08.04-20.23.15:940][428]LogModuleManager: Shutting down and abandoning module WindowsClientTargetPlatform (103)
[2021.08.04-20.23.15:940][428]LogModuleManager: Shutting down and abandoning module MacTargetPlatform (101)
[2021.08.04-20.23.15:940][428]LogModuleManager: Shutting down and abandoning module MacServerTargetPlatform (99)
[2021.08.04-20.23.15:940][428]LogModuleManager: Shutting down and abandoning module MacNoEditorTargetPlatform (97)
[2021.08.04-20.23.15:940][428]LogModuleManager: Shutting down and abandoning module MacClientTargetPlatform (95)
[2021.08.04-20.23.15:940][428]LogModuleManager: Shutting down and abandoning module AllDesktopTargetPlatform (93)
[2021.08.04-20.23.15:940][428]LogModuleManager: Shutting down and abandoning module InputCore (90)
[2021.08.04-20.23.15:940][428]LogModuleManager: Shutting down and abandoning module Settings (88)
[2021.08.04-20.23.15:940][428]LogModuleManager: Shutting down and abandoning module DirectoryWatcher (86)
[2021.08.04-20.23.15:940][428]LogModuleManager: Shutting down and abandoning module PhysXCooking (84)
[2021.08.04-20.23.15:940][428]LogModuleManager: Shutting down and abandoning module WindowsPlatformFeatures (82)
[2021.08.04-20.23.15:940][428]LogModuleManager: Shutting down and abandoning module GameplayMediaEncoder (81)
[2021.08.04-20.23.15:940][428]LogModuleManager: Shutting down and abandoning module SteamVR (78)
[2021.08.04-20.23.15:940][428]LogHMD: Freeing OpenVRDLLHandle.
[2021.08.04-20.23.15:940][428]LogModuleManager: Shutting down and abandoning module OculusHMD (76)
[2021.08.04-20.23.15:940][428]LogModuleManager: Shutting down and abandoning module ExampleDeviceProfileSelector (74)
[2021.08.04-20.23.15:940][428]LogModuleManager: Shutting down and abandoning module LauncherChunkInstaller (72)
[2021.08.04-20.23.15:940][428]LogModuleManager: Shutting down and abandoning module OnlineBlueprintSupport (70)
[2021.08.04-20.23.15:940][428]LogModuleManager: Shutting down and abandoning module OnlineSubsystem (66)
[2021.08.04-20.23.15:941][428]LogModuleManager: Shutting down and abandoning module XMPP (61)
[2021.08.04-20.23.15:941][428]LogModuleManager: Shutting down and abandoning module WebSockets (60)
[2021.08.04-20.23.15:970][428]LogModuleManager: Shutting down and abandoning module HTTP (57)
[2021.08.04-20.23.15:970][428]LogHttp: Display: Http module shutting down, but needs to wait on 1 outstanding Http requests:
[2021.08.04-20.23.15:970][428]LogHttp: Display: 	verb=[POST] url=[https://datarouter.ol.epicgames.com/datarouter/api/v1/public/data?SessionID=%7B30B77492-4DCA-6C1F-AEC9-969235AD1FFA%7D&AppID=UEEditor.Rocket.Release&AppVersion=4.23.1-9631420%2B%2B%2BUE4%2BRelease-4.23&UserID=dee5b6624d5c02a4d29783a27550813b%7C42c4928ca7b748af970441078c6ae049%7Cadb76f7c-7150-4b1f-855f-0d155a95bcd4&AppEnvironment=datacollector-binary&UploadType=eteventstream] status=Processing
[2021.08.04-20.23.15:973][428]LogModuleManager: Shutting down and abandoning module SSL (56)
[2021.08.04-20.23.15:974][428]LogModuleManager: Shutting down and abandoning module WmfMedia (52)
[2021.08.04-20.23.15:975][428]LogModuleManager: Shutting down and abandoning module Media (51)
[2021.08.04-20.23.15:976][428]LogModuleManager: Shutting down and abandoning module MagicLeap (48)
[2021.08.04-20.23.15:976][428]LogModuleManager: Shutting down and abandoning module DatasmithContent (46)
[2021.08.04-20.23.15:976][428]LogModuleManager: Shutting down and abandoning module AISupportModule (44)
[2021.08.04-20.23.15:976][428]LogModuleManager: Shutting down and abandoning module PlatformCryptoOpenSSL (42)
[2021.08.04-20.23.15:976][428]LogModuleManager: Shutting down and abandoning module PlatformCrypto (40)
[2021.08.04-20.23.15:976][428]LogModuleManager: Shutting down and abandoning module AnimationModifiers (38)
[2021.08.04-20.23.15:976][428]LogModuleManager: Shutting down and abandoning module PropertyEditor (37)
[2021.08.04-20.23.15:976][428]LogModuleManager: Shutting down and abandoning module AudioEditor (34)
[2021.08.04-20.23.15:976][428]LogModuleManager: Shutting down and abandoning module TextureCompressor (32)
[2021.08.04-20.23.15:976][428]LogModuleManager: Shutting down and abandoning module RenderCore (30)
[2021.08.04-20.23.15:976][428]LogModuleManager: Shutting down and abandoning module Landscape (28)
[2021.08.04-20.23.15:976][428]LogModuleManager: Shutting down and abandoning module SlateRHIRenderer (26)
[2021.08.04-20.23.15:977][428]LogModuleManager: Shutting down and abandoning module OpenGLDrv (24)
[2021.08.04-20.23.15:977][428]LogModuleManager: Shutting down and abandoning module D3D11RHI (22)
[2021.08.04-20.23.15:977][428]LogModuleManager: Shutting down and abandoning module AnimGraphRuntime (20)
[2021.08.04-20.23.15:977][428]LogModuleManager: Shutting down and abandoning module Renderer (18)
[2021.08.04-20.23.15:977][428]LogModuleManager: Shutting down and abandoning module Engine (16)
[2021.08.04-20.23.15:977][428]LogModuleManager: Shutting down and abandoning module CoreUObject (14)
[2021.08.04-20.23.15:977][428]LogModuleManager: Shutting down and abandoning module NetworkFile (12)
[2021.08.04-20.23.15:977][428]LogModuleManager: Shutting down and abandoning module CookedIterativeFile (10)
[2021.08.04-20.23.15:977][428]LogModuleManager: Shutting down and abandoning module StreamingFile (8)
[2021.08.04-20.23.15:977][428]LogModuleManager: Shutting down and abandoning module SandboxFile (6)
[2021.08.04-20.23.15:977][428]LogModuleManager: Shutting down and abandoning module PakFile (4)
[2021.08.04-20.23.15:977][428]LogModuleManager: Shutting down and abandoning module RSA (3)
[2021.08.04-20.23.15:978][428]LogD3D11RHI: Shutdown
[2021.08.04-20.23.15:978][428]LogD3D11RHI: CleanupD3DDevice
[2021.08.04-20.23.15:978][428]LogRendererCore: FGlobalDynamicReadBuffer::Cleanup()
[2021.08.04-20.23.15:978][428]LogRendererCore: FGlobalDynamicReadBuffer::Cleanup()
[2021.08.04-20.23.15:978][428]LogRendererCore: FGlobalDynamicReadBuffer::Cleanup()
[2021.08.04-20.23.16:068][428]LogD3D11RHI: ~FD3D11DynamicRHI
[2021.08.04-20.23.16:078][428]LogExit: Exiting.
[2021.08.04-20.23.16:086][428]Log file closed, 08/05/21 04:23:16
