Log file open, 08/04/21 20:42:36
LogWindows: Failed to load 'aqProf.dll' (GetLastError=126)
LogWindows: File 'aqProf.dll' does not exist
LogWindows: Failed to load 'VtuneApi.dll' (GetLastError=126)
LogWindows: File 'VtuneApi.dll' does not exist
LogWindows: Failed to load 'VtuneApi32e.dll' (GetLastError=126)
LogWindows: File 'VtuneApi32e.dll' does not exist
LogConsoleResponse: Display: Failed to find resolution value strings in scalability ini. Falling back to default.
LogInit: Display: Running engine for game: HW_02_UI
LogPlatformFile: Not using cached read wrapper
LogTaskGraph: Started task graph with 5 named threads and 35 total threads with 3 sets of task threads.
LogStats: Stats thread started at 4.089716
LogD3D11RHI: Loaded GFSDK_Aftermath_Lib.x64.dll
LogICUInternationalization: ICU TimeZone Detection - Raw Offset: +8:00, Platform Override: ''
LogPluginManager: Mounting plugin Paper2D
LogPluginManager: Mounting plugin AISupport
LogPluginManager: Mounting plugin LightPropagationVolume
LogPluginManager: Mounting plugin ActorLayerUtilities
LogPluginManager: Mounting plugin AnimationSharing
LogPluginManager: Mounting plugin CLionSourceCodeAccess
LogPluginManager: Mounting plugin CodeLiteSourceCodeAccess
LogPluginManager: Mounting plugin GitSourceControl
LogPluginManager: Mounting plugin KDevelopSourceCodeAccess
LogPluginManager: Mounting plugin NullSourceCodeAccess
LogPluginManager: Mounting plugin PerforceSourceControl
LogPluginManager: Mounting plugin SubversionSourceControl
LogPluginManager: Mounting plugin UObjectPlugin
LogPluginManager: Mounting plugin VisualStudioCodeSourceCodeAccess
LogPluginManager: Mounting plugin VisualStudioSourceCodeAccess
LogPluginManager: Mounting plugin XCodeSourceCodeAccess
LogPluginManager: Mounting plugin AssetManagerEditor
LogPluginManager: Mounting plugin CryptoKeys
LogPluginManager: Mounting plugin CurveEditorTools
LogPluginManager: Mounting plugin DataValidation
LogPluginManager: Mounting plugin FacialAnimation
LogPluginManager: Mounting plugin GameplayTagsEditor
LogPluginManager: Mounting plugin MacGraphicsSwitching
LogPluginManager: Mounting plugin MaterialAnalyzer
LogPluginManager: Mounting plugin MobileLauncherProfileWizard
LogPluginManager: Mounting plugin PluginBrowser
LogPluginManager: Mounting plugin SpeedTreeImporter
LogPluginManager: Mounting plugin DatasmithContent
LogPluginManager: Mounting plugin VariantManagerContent
LogPluginManager: Mounting plugin AlembicImporter
LogPluginManager: Mounting plugin AutomationUtils
LogPluginManager: Mounting plugin BackChannel
LogPluginManager: Mounting plugin CharacterAI
LogPluginManager: Mounting plugin GeometryCache
LogPluginManager: Mounting plugin HTML5Networking
LogPluginManager: Mounting plugin PlatformCrypto
LogPluginManager: Mounting plugin ProxyLODPlugin
LogPluginManager: Mounting plugin SkeletalReduction
LogPluginManager: Mounting plugin MagicLeap
LogPluginManager: Mounting plugin MagicLeapMedia
LogPluginManager: Mounting plugin AndroidMedia
LogPluginManager: Mounting plugin AvfMedia
LogPluginManager: Mounting plugin ImgMedia
LogPluginManager: Mounting plugin MediaCompositing
LogPluginManager: Mounting plugin MediaPlayerEditor
LogPluginManager: Mounting plugin WebMMedia
LogPluginManager: Mounting plugin WmfMedia
LogPluginManager: Mounting plugin TcpMessaging
LogPluginManager: Mounting plugin UdpMessaging
LogPluginManager: Mounting plugin ActorSequence
LogPluginManager: Mounting plugin LevelSequenceEditor
LogPluginManager: Mounting plugin MatineeToLevelSequence
LogPluginManager: Mounting plugin NetcodeUnitTest
LogPluginManager: Mounting plugin NUTUnrealEngine4
LogPluginManager: Mounting plugin OnlineSubsystemGooglePlay
LogPluginManager: Mounting plugin OnlineSubsystemIOS
LogPluginManager: Mounting plugin OnlineSubsystem
LogPluginManager: Mounting plugin OnlineSubsystemNull
LogPluginManager: Mounting plugin OnlineSubsystemUtils
LogPluginManager: Mounting plugin LauncherChunkInstaller
LogPluginManager: Mounting plugin AndroidDeviceProfileSelector
LogPluginManager: Mounting plugin AndroidMoviePlayer
LogPluginManager: Mounting plugin AndroidPermission
LogPluginManager: Mounting plugin AppleImageUtils
LogPluginManager: Mounting plugin AppleMoviePlayer
LogPluginManager: Mounting plugin ArchVisCharacter
LogPluginManager: Mounting plugin AudioCapture
LogPluginManager: Mounting plugin CableComponent
LogPluginManager: Mounting plugin CustomMeshComponent
LogPluginManager: Mounting plugin EditableMesh
LogPluginManager: Mounting plugin ExampleDeviceProfileSelector
LogPluginManager: Mounting plugin GoogleCloudMessaging
LogPluginManager: Mounting plugin IOSDeviceProfileSelector
LogPluginManager: Mounting plugin LinuxDeviceProfileSelector
LogPluginManager: Mounting plugin LocationServicesBPLibrary
LogPluginManager: Mounting plugin MobilePatchingUtils
LogPluginManager: Mounting plugin OculusVR
LogPluginManager: Mounting plugin PhysXVehicles
LogPluginManager: Mounting plugin ProceduralMeshComponent
LogPluginManager: Mounting plugin RuntimePhysXCooking
LogPluginManager: Mounting plugin SignificanceManager
LogPluginManager: Mounting plugin SteamVR
LogPluginManager: Mounting plugin WebMMoviePlayer
LogPluginManager: Mounting plugin WindowsMoviePlayer
LogPluginManager: Mounting plugin ScreenshotTools
LogInit: Using libcurl 7.55.1-DEV
LogInit:  - built for x86_64-pc-win32
LogInit:  - supports SSL with OpenSSL/1.1.1
LogInit:  - supports HTTP deflate (compression) using libz 1.2.8
LogInit:  - other features:
LogInit:      CURL_VERSION_SSL
LogInit:      CURL_VERSION_LIBZ
LogInit:      CURL_VERSION_IPV6
LogInit:      CURL_VERSION_ASYNCHDNS
LogInit:      CURL_VERSION_LARGEFILE
LogInit:      CURL_VERSION_IDN
LogInit:  CurlRequestOptions (configurable via config and command line):
LogInit:  - bVerifyPeer = true  - Libcurl will verify peer certificate
LogInit:  - bUseHttpProxy = false  - Libcurl will NOT use HTTP proxy
LogInit:  - bDontReuseConnections = false  - Libcurl will reuse connections
LogInit:  - MaxHostConnections = 16  - Libcurl will limit the number of connections to a host
LogInit:  - LocalHostAddr = Default
LogInit:  - BufferSize = 65536
LogOnline: OSS: Creating online subsystem instance for: NULL
LogInit: WinSock: version 1.1 (2.2), MaxSocks=32767, MaxUdp=65467
LogHMD: Failed initializing OVRPlugin 1.37.0
LogInit: Build: ++UE4+Release-4.23-CL-9631420
LogInit: Engine Version: 4.23.1-9631420+++UE4+Release-4.23
LogInit: Compatible Engine Version: 4.23.0-8386587+++UE4+Release-4.23
LogInit: Net CL: 8386587
LogInit: OS: Windows 10 (Release 2009) (), CPU: Intel(R) Core(TM) i7-8750H CPU @ 2.20GHz, GPU: Intel(R) UHD Graphics 630
LogInit: Compiled (64-bit): Oct 18 2019 02:07:44
LogInit: Compiled with Visual C++: 19.16.27030.01
LogInit: Build Configuration: Development
LogInit: Branch Name: ++UE4+Release-4.23
LogInit: Command Line: 
LogInit: Base Directory: D:/UE_4.23/Engine/Binaries/Win64/
LogInit: Installed Engine Build: 1
LogDevObjectVersion: Number of dev versions registered: 23
LogDevObjectVersion:   Dev-Blueprints (B0D832E4-1F89-4F0D-ACCF-7EB736FD4AA2): 10
LogDevObjectVersion:   Dev-Build (E1C64328-A22C-4D53-A36C-8E866417BD8C): 0
LogDevObjectVersion:   Dev-Core (375EC13C-06E4-48FB-B500-84F0262A717E): 3
LogDevObjectVersion:   Dev-Editor (E4B068ED-F494-42E9-A231-DA0B2E46BB41): 34
LogDevObjectVersion:   Dev-Framework (CFFC743F-43B0-4480-9391-14DF171D2073): 35
LogDevObjectVersion:   Dev-Mobile (B02B49B5-BB20-44E9-A304-32B752E40360): 2
LogDevObjectVersion:   Dev-Networking (A4E4105C-59A1-49B5-A7C5-40C4547EDFEE): 0
LogDevObjectVersion:   Dev-Online (39C831C9-5AE6-47DC-9A44-9C173E1C8E7C): 0
LogDevObjectVersion:   Dev-Physics (78F01B33-EBEA-4F98-B9B4-84EACCB95AA2): 0
LogDevObjectVersion:   Dev-Platform (6631380F-2D4D-43E0-8009-CF276956A95A): 0
LogDevObjectVersion:   Dev-Rendering (12F88B9F-8875-4AFC-A67C-D90C383ABD29): 31
LogDevObjectVersion:   Dev-Sequencer (7B5AE74C-D270-4C10-A958-57980B212A5A): 11
LogDevObjectVersion:   Dev-VR (D7296918-1DD6-4BDD-9DE2-64A83CC13884): 2
LogDevObjectVersion:   Dev-LoadTimes (C2A15278-BFE7-4AFE-6C17-90FF531DF755): 1
LogDevObjectVersion:   Private-Geometry (6EACA3D4-40EC-4CC1-B786-8BED09428FC5): 3
LogDevObjectVersion:   Dev-AnimPhys (29E575DD-E0A3-4627-9D10-D276232CDCEA): 17
LogDevObjectVersion:   Dev-Anim (AF43A65D-7FD3-4947-9873-3E8ED9C1BB05): 2
LogDevObjectVersion:   Dev-ReflectionCapture (6B266CEC-1EC7-4B8F-A30B-E4D90942FC07): 1
LogDevObjectVersion:   Dev-Automation (0DF73D61-A23F-47EA-B727-89E90C41499A): 1
LogDevObjectVersion:   FortniteMain (601D1886-AC64-4F84-AA16-D3DE0DEAC7D6): 27
LogDevObjectVersion:   Dev-Enterprise (9DFFBCD6-494F-0158-E221-12823C92A888): 6
LogDevObjectVersion:   Dev-Niagara (F2AED0AC-9AFE-416F-8664-AA7FFA26D6FC): 1
LogDevObjectVersion:   Dev-Destruction (174F1F0B-B4C6-45A5-B13F-2EE8D0FB917D): 9
LogInit: Presizing for max 16777216 objects, including 0 objects not considered by GC, pre-allocating 0 bytes for permanent pool.
LogInit: Object subsystem initialized
LogConfig: Setting CVar [[con.DebugEarlyDefault:1]]
LogConfig: Setting CVar [[r.setres:1280x720]]
[2021.08.04-12.42.39:272][  0]LogConfig: Setting CVar [[r.VSync:0]]
[2021.08.04-12.42.39:272][  0]LogConfig: Setting CVar [[r.RHICmdBypass:0]]
[2021.08.04-12.42.39:273][  0]LogConfig: Applying CVar settings from Section [/Script/Engine.RendererSettings] File [C:/Users/CYUT-IM/Documents/Unreal Projects/Unreal_HW_02_UI/HW_02_UI/Saved/Config/Windows/Engine.ini]
[2021.08.04-12.42.39:273][  0]LogConfig: Setting CVar [[r.GPUCrashDebugging:0]]
[2021.08.04-12.42.39:273][  0]LogConfig: Applying CVar settings from Section [/Script/Engine.RendererOverrideSettings] File [C:/Users/CYUT-IM/Documents/Unreal Projects/Unreal_HW_02_UI/HW_02_UI/Saved/Config/Windows/Engine.ini]
[2021.08.04-12.42.39:273][  0]LogConfig: Applying CVar settings from Section [/Script/Engine.StreamingSettings] File [C:/Users/CYUT-IM/Documents/Unreal Projects/Unreal_HW_02_UI/HW_02_UI/Saved/Config/Windows/Engine.ini]
[2021.08.04-12.42.39:273][  0]LogConfig: Setting CVar [[s.MinBulkDataSizeForAsyncLoading:131072]]
[2021.08.04-12.42.39:273][  0]LogConfig: Setting CVar [[s.AsyncLoadingThreadEnabled:0]]
[2021.08.04-12.42.39:273][  0]LogConfig: Setting CVar [[s.EventDrivenLoaderEnabled:1]]
[2021.08.04-12.42.39:273][  0]LogConfig: Setting CVar [[s.WarnIfTimeLimitExceeded:0]]
[2021.08.04-12.42.39:273][  0]LogConfig: Setting CVar [[s.TimeLimitExceededMultiplier:1.5]]
[2021.08.04-12.42.39:273][  0]LogConfig: Setting CVar [[s.TimeLimitExceededMinTime:0.005]]
[2021.08.04-12.42.39:273][  0]LogConfig: Setting CVar [[s.UseBackgroundLevelStreaming:1]]
[2021.08.04-12.42.39:273][  0]LogConfig: Setting CVar [[s.PriorityAsyncLoadingExtraTime:15.0]]
[2021.08.04-12.42.39:273][  0]LogConfig: Setting CVar [[s.LevelStreamingActorsUpdateTimeLimit:5.0]]
[2021.08.04-12.42.39:273][  0]LogConfig: Setting CVar [[s.PriorityLevelStreamingActorsUpdateExtraTime:5.0]]
[2021.08.04-12.42.39:273][  0]LogConfig: Setting CVar [[s.LevelStreamingComponentsRegistrationGranularity:10]]
[2021.08.04-12.42.39:273][  0]LogConfig: Setting CVar [[s.UnregisterComponentsTimeLimit:1.0]]
[2021.08.04-12.42.39:273][  0]LogConfig: Setting CVar [[s.LevelStreamingComponentsUnregistrationGranularity:5]]
[2021.08.04-12.42.39:273][  0]LogConfig: Applying CVar settings from Section [/Script/Engine.GarbageCollectionSettings] File [C:/Users/CYUT-IM/Documents/Unreal Projects/Unreal_HW_02_UI/HW_02_UI/Saved/Config/Windows/Engine.ini]
[2021.08.04-12.42.39:273][  0]LogConfig: Setting CVar [[gc.MaxObjectsNotConsideredByGC:1]]
[2021.08.04-12.42.39:273][  0]LogConfig: Setting CVar [[gc.SizeOfPermanentObjectPool:0]]
[2021.08.04-12.42.39:273][  0]LogConfig: Setting CVar [[gc.FlushStreamingOnGC:0]]
[2021.08.04-12.42.39:273][  0]LogConfig: Setting CVar [[gc.NumRetriesBeforeForcingGC:10]]
[2021.08.04-12.42.39:273][  0]LogConfig: Setting CVar [[gc.AllowParallelGC:1]]
[2021.08.04-12.42.39:273][  0]LogConfig: Setting CVar [[gc.TimeBetweenPurgingPendingKillObjects:61.1]]
[2021.08.04-12.42.39:273][  0]LogConfig: Setting CVar [[gc.MaxObjectsInEditor:16777216]]
[2021.08.04-12.42.39:273][  0]LogConfig: Setting CVar [[gc.IncrementalBeginDestroyEnabled:1]]
[2021.08.04-12.42.39:273][  0]LogConfig: Setting CVar [[gc.CreateGCClusters:1]]
[2021.08.04-12.42.39:273][  0]LogConfig: Setting CVar [[gc.MinGCClusterSize:5]]
[2021.08.04-12.42.39:273][  0]LogConfig: Setting CVar [[gc.ActorClusteringEnabled:0]]
[2021.08.04-12.42.39:273][  0]LogConfig: Setting CVar [[gc.BlueprintClusteringEnabled:0]]
[2021.08.04-12.42.39:273][  0]LogConfig: Setting CVar [[gc.UseDisregardForGCOnDedicatedServers:0]]
[2021.08.04-12.42.39:273][  0]LogConfig: Applying CVar settings from Section [/Script/Engine.NetworkSettings] File [C:/Users/CYUT-IM/Documents/Unreal Projects/Unreal_HW_02_UI/HW_02_UI/Saved/Config/Windows/Engine.ini]
[2021.08.04-12.42.39:273][  0]LogConfig: Applying CVar settings from Section [/Script/UnrealEd.CookerSettings] File [C:/Users/CYUT-IM/Documents/Unreal Projects/Unreal_HW_02_UI/HW_02_UI/Saved/Config/Windows/Engine.ini]
[2021.08.04-12.42.39:342][  0]LogConfig: Applying CVar settings from Section [ViewDistanceQuality@3] File [C:/Users/CYUT-IM/Documents/Unreal Projects/Unreal_HW_02_UI/HW_02_UI/Saved/Config/Windows/Scalability.ini]
[2021.08.04-12.42.39:342][  0]LogConfig: Setting CVar [[r.SkeletalMeshLODBias:0]]
[2021.08.04-12.42.39:342][  0]LogConfig: Setting CVar [[r.ViewDistanceScale:1.0]]
[2021.08.04-12.42.39:342][  0]LogConfig: Applying CVar settings from Section [AntiAliasingQuality@3] File [C:/Users/CYUT-IM/Documents/Unreal Projects/Unreal_HW_02_UI/HW_02_UI/Saved/Config/Windows/Scalability.ini]
[2021.08.04-12.42.39:342][  0]LogConfig: Setting CVar [[r.PostProcessAAQuality:4]]
[2021.08.04-12.42.39:342][  0]LogConfig: Applying CVar settings from Section [ShadowQuality@3] File [C:/Users/CYUT-IM/Documents/Unreal Projects/Unreal_HW_02_UI/HW_02_UI/Saved/Config/Windows/Scalability.ini]
[2021.08.04-12.42.39:342][  0]LogConfig: Setting CVar [[r.LightFunctionQuality:1]]
[2021.08.04-12.42.39:342][  0]LogConfig: Setting CVar [[r.ShadowQuality:5]]
[2021.08.04-12.42.39:342][  0]LogConfig: Setting CVar [[r.Shadow.CSM.MaxCascades:10]]
[2021.08.04-12.42.39:342][  0]LogConfig: Setting CVar [[r.Shadow.MaxResolution:2048]]
[2021.08.04-12.42.39:342][  0]LogConfig: Setting CVar [[r.Shadow.MaxCSMResolution:2048]]
[2021.08.04-12.42.39:342][  0]LogConfig: Setting CVar [[r.Shadow.RadiusThreshold:0.01]]
[2021.08.04-12.42.39:342][  0]LogConfig: Setting CVar [[r.Shadow.DistanceScale:1.0]]
[2021.08.04-12.42.39:342][  0]LogConfig: Setting CVar [[r.Shadow.CSM.TransitionScale:1.0]]
[2021.08.04-12.42.39:342][  0]LogConfig: Setting CVar [[r.Shadow.PreShadowResolutionFactor:1.0]]
[2021.08.04-12.42.39:342][  0]LogConfig: Setting CVar [[r.DistanceFieldShadowing:1]]
[2021.08.04-12.42.39:342][  0]LogConfig: Setting CVar [[r.DistanceFieldAO:1]]
[2021.08.04-12.42.39:342][  0]LogConfig: Setting CVar [[r.AOQuality:2]]
[2021.08.04-12.42.39:342][  0]LogConfig: Setting CVar [[r.VolumetricFog:1]]
[2021.08.04-12.42.39:342][  0]LogConfig: Setting CVar [[r.VolumetricFog.GridPixelSize:8]]
[2021.08.04-12.42.39:342][  0]LogConfig: Setting CVar [[r.VolumetricFog.GridSizeZ:128]]
[2021.08.04-12.42.39:342][  0]LogConfig: Setting CVar [[r.VolumetricFog.HistoryMissSupersampleCount:4]]
[2021.08.04-12.42.39:342][  0]LogConfig: Setting CVar [[r.LightMaxDrawDistanceScale:1]]
[2021.08.04-12.42.39:342][  0]LogConfig: Setting CVar [[r.CapsuleShadows:1]]
[2021.08.04-12.42.39:342][  0]LogConfig: Applying CVar settings from Section [PostProcessQuality@3] File [C:/Users/CYUT-IM/Documents/Unreal Projects/Unreal_HW_02_UI/HW_02_UI/Saved/Config/Windows/Scalability.ini]
[2021.08.04-12.42.39:342][  0]LogConfig: Setting CVar [[r.MotionBlurQuality:4]]
[2021.08.04-12.42.39:342][  0]LogConfig: Setting CVar [[r.AmbientOcclusionMipLevelFactor:0.4]]
[2021.08.04-12.42.39:342][  0]LogConfig: Setting CVar [[r.AmbientOcclusionMaxQuality:100]]
[2021.08.04-12.42.39:342][  0]LogConfig: Setting CVar [[r.AmbientOcclusionLevels:-1]]
[2021.08.04-12.42.39:342][  0]LogConfig: Setting CVar [[r.AmbientOcclusionRadiusScale:1.0]]
[2021.08.04-12.42.39:342][  0]LogConfig: Setting CVar [[r.DepthOfFieldQuality:2]]
[2021.08.04-12.42.39:342][  0]LogConfig: Setting CVar [[r.RenderTargetPoolMin:400]]
[2021.08.04-12.42.39:342][  0]LogConfig: Setting CVar [[r.LensFlareQuality:2]]
[2021.08.04-12.42.39:342][  0]LogConfig: Setting CVar [[r.SceneColorFringeQuality:1]]
[2021.08.04-12.42.39:342][  0]LogConfig: Setting CVar [[r.EyeAdaptationQuality:2]]
[2021.08.04-12.42.39:343][  0]LogConfig: Setting CVar [[r.BloomQuality:5]]
[2021.08.04-12.42.39:343][  0]LogConfig: Setting CVar [[r.FastBlurThreshold:100]]
[2021.08.04-12.42.39:343][  0]LogConfig: Setting CVar [[r.Upscale.Quality:3]]
[2021.08.04-12.42.39:343][  0]LogConfig: Setting CVar [[r.Tonemapper.GrainQuantization:1]]
[2021.08.04-12.42.39:343][  0]LogConfig: Setting CVar [[r.LightShaftQuality:1]]
[2021.08.04-12.42.39:343][  0]LogConfig: Setting CVar [[r.Filter.SizeScale:1]]
[2021.08.04-12.42.39:343][  0]LogConfig: Setting CVar [[r.Tonemapper.Quality:5]]
[2021.08.04-12.42.39:343][  0]LogConfig: Setting CVar [[r.DOF.Gather.AccumulatorQuality:1        ; higher gathering accumulator quality]]
[2021.08.04-12.42.39:343][  0]LogConfig: Setting CVar [[r.DOF.Gather.PostfilterMethod:1          ; Median3x3 postfilering method]]
[2021.08.04-12.42.39:343][  0]LogConfig: Setting CVar [[r.DOF.Gather.EnableBokehSettings:0       ; no bokeh simulation when gathering]]
[2021.08.04-12.42.39:343][  0]LogConfig: Setting CVar [[r.DOF.Gather.RingCount:4                 ; medium number of samples when gathering]]
[2021.08.04-12.42.39:343][  0]LogConfig: Setting CVar [[r.DOF.Scatter.ForegroundCompositing:1    ; additive foreground scattering]]
[2021.08.04-12.42.39:343][  0]LogConfig: Setting CVar [[r.DOF.Scatter.BackgroundCompositing:2    ; additive background scattering]]
[2021.08.04-12.42.39:343][  0]LogConfig: Setting CVar [[r.DOF.Scatter.EnableBokehSettings:1      ; bokeh simulation when scattering]]
[2021.08.04-12.42.39:343][  0]LogConfig: Setting CVar [[r.DOF.Scatter.MaxSpriteRatio:0.1         ; only a maximum of 10% of scattered bokeh]]
[2021.08.04-12.42.39:343][  0]LogConfig: Setting CVar [[r.DOF.Recombine.Quality:1                ; cheap slight out of focus]]
[2021.08.04-12.42.39:343][  0]LogConfig: Setting CVar [[r.DOF.Recombine.EnableBokehSettings:0    ; no bokeh simulation on slight out of focus]]
[2021.08.04-12.42.39:343][  0]LogConfig: Setting CVar [[r.DOF.TemporalAAQuality:1                ; more stable temporal accumulation]]
[2021.08.04-12.42.39:343][  0]LogConfig: Setting CVar [[r.DOF.Kernel.MaxForegroundRadius:0.025]]
[2021.08.04-12.42.39:343][  0]LogConfig: Setting CVar [[r.DOF.Kernel.MaxBackgroundRadius:0.025]]
[2021.08.04-12.42.39:343][  0]LogConfig: Applying CVar settings from Section [TextureQuality@3] File [C:/Users/CYUT-IM/Documents/Unreal Projects/Unreal_HW_02_UI/HW_02_UI/Saved/Config/Windows/Scalability.ini]
[2021.08.04-12.42.39:343][  0]LogConfig: Setting CVar [[r.Streaming.MipBias:0]]
[2021.08.04-12.42.39:343][  0]LogConfig: Setting CVar [[r.Streaming.AmortizeCPUToGPUCopy:0]]
[2021.08.04-12.42.39:343][  0]LogConfig: Setting CVar [[r.Streaming.MaxNumTexturesToStreamPerFrame:0]]
[2021.08.04-12.42.39:343][  0]LogConfig: Setting CVar [[r.Streaming.Boost:1]]
[2021.08.04-12.42.39:343][  0]LogConfig: Setting CVar [[r.MaxAnisotropy:8]]
[2021.08.04-12.42.39:343][  0]LogConfig: Setting CVar [[r.Streaming.LimitPoolSizeToVRAM:0]]
[2021.08.04-12.42.39:343][  0]LogConfig: Setting CVar [[r.Streaming.PoolSize:1000]]
[2021.08.04-12.42.39:343][  0]LogConfig: Setting CVar [[r.Streaming.MaxEffectiveScreenSize:0]]
[2021.08.04-12.42.39:343][  0]LogConfig: Applying CVar settings from Section [EffectsQuality@3] File [C:/Users/CYUT-IM/Documents/Unreal Projects/Unreal_HW_02_UI/HW_02_UI/Saved/Config/Windows/Scalability.ini]
[2021.08.04-12.42.39:343][  0]LogConfig: Setting CVar [[r.TranslucencyLightingVolumeDim:64]]
[2021.08.04-12.42.39:343][  0]LogConfig: Setting CVar [[r.RefractionQuality:2]]
[2021.08.04-12.42.39:343][  0]LogConfig: Setting CVar [[r.SSR.Quality:3]]
[2021.08.04-12.42.39:343][  0]LogConfig: Setting CVar [[r.SceneColorFormat:4]]
[2021.08.04-12.42.39:343][  0]LogConfig: Setting CVar [[r.DetailMode:2]]
[2021.08.04-12.42.39:343][  0]LogConfig: Setting CVar [[r.TranslucencyVolumeBlur:1]]
[2021.08.04-12.42.39:343][  0]LogConfig: Setting CVar [[r.MaterialQualityLevel:1 ; High quality]]
[2021.08.04-12.42.39:343][  0]LogConfig: Setting CVar [[r.SSS.Scale:1]]
[2021.08.04-12.42.39:343][  0]LogConfig: Setting CVar [[r.SSS.SampleSet:2]]
[2021.08.04-12.42.39:343][  0]LogConfig: Setting CVar [[r.SSS.Quality:1]]
[2021.08.04-12.42.39:343][  0]LogConfig: Setting CVar [[r.SSS.HalfRes:1]]
[2021.08.04-12.42.39:343][  0]LogConfig: Setting CVar [[r.EmitterSpawnRateScale:1.0]]
[2021.08.04-12.42.39:343][  0]LogConfig: Setting CVar [[r.ParticleLightQuality:2]]
[2021.08.04-12.42.39:343][  0]LogConfig: Applying CVar settings from Section [FoliageQuality@3] File [C:/Users/CYUT-IM/Documents/Unreal Projects/Unreal_HW_02_UI/HW_02_UI/Saved/Config/Windows/Scalability.ini]
[2021.08.04-12.42.39:343][  0]LogConfig: Setting CVar [[foliage.DensityScale:1.0]]
[2021.08.04-12.42.39:343][  0]LogConfig: Setting CVar [[grass.DensityScale:1.0]]
[2021.08.04-12.42.39:353][  0]LogInit: Selected Device Profile: [Windows]
[2021.08.04-12.42.39:356][  0]LogInit: Applying CVar settings loaded from the selected device profile: [Windows]
[2021.08.04-12.42.39:393][  0]LogHAL: Display: Platform has ~ 16 GB [17018568704 / 17179869184 / 16], which maps to Larger [LargestMinGB=32, LargerMinGB=12, DefaultMinGB=8, SmallerMinGB=6, SmallestMinGB=0)
[2021.08.04-12.42.39:393][  0]LogInit: Going up to parent DeviceProfile []
[2021.08.04-12.42.39:396][  0]LogConfig: Applying CVar settings from Section [ViewDistanceQuality@3] File [C:/Users/CYUT-IM/Documents/Unreal Projects/Unreal_HW_02_UI/HW_02_UI/Saved/Config/Windows/Scalability.ini]
[2021.08.04-12.42.39:396][  0]LogConfig: Setting CVar [[r.SkeletalMeshLODBias:0]]
[2021.08.04-12.42.39:396][  0]LogConfig: Setting CVar [[r.ViewDistanceScale:1.0]]
[2021.08.04-12.42.39:396][  0]LogConfig: Applying CVar settings from Section [AntiAliasingQuality@3] File [C:/Users/CYUT-IM/Documents/Unreal Projects/Unreal_HW_02_UI/HW_02_UI/Saved/Config/Windows/Scalability.ini]
[2021.08.04-12.42.39:396][  0]LogConfig: Setting CVar [[r.PostProcessAAQuality:4]]
[2021.08.04-12.42.39:396][  0]LogConfig: Applying CVar settings from Section [ShadowQuality@3] File [C:/Users/CYUT-IM/Documents/Unreal Projects/Unreal_HW_02_UI/HW_02_UI/Saved/Config/Windows/Scalability.ini]
[2021.08.04-12.42.39:396][  0]LogConfig: Setting CVar [[r.LightFunctionQuality:1]]
[2021.08.04-12.42.39:396][  0]LogConfig: Setting CVar [[r.ShadowQuality:5]]
[2021.08.04-12.42.39:396][  0]LogConfig: Setting CVar [[r.Shadow.CSM.MaxCascades:10]]
[2021.08.04-12.42.39:396][  0]LogConfig: Setting CVar [[r.Shadow.MaxResolution:2048]]
[2021.08.04-12.42.39:396][  0]LogConfig: Setting CVar [[r.Shadow.MaxCSMResolution:2048]]
[2021.08.04-12.42.39:396][  0]LogConfig: Setting CVar [[r.Shadow.RadiusThreshold:0.01]]
[2021.08.04-12.42.39:396][  0]LogConfig: Setting CVar [[r.Shadow.DistanceScale:1.0]]
[2021.08.04-12.42.39:396][  0]LogConfig: Setting CVar [[r.Shadow.CSM.TransitionScale:1.0]]
[2021.08.04-12.42.39:396][  0]LogConfig: Setting CVar [[r.Shadow.PreShadowResolutionFactor:1.0]]
[2021.08.04-12.42.39:396][  0]LogConfig: Setting CVar [[r.DistanceFieldShadowing:1]]
[2021.08.04-12.42.39:396][  0]LogConfig: Setting CVar [[r.DistanceFieldAO:1]]
[2021.08.04-12.42.39:396][  0]LogConfig: Setting CVar [[r.AOQuality:2]]
[2021.08.04-12.42.39:396][  0]LogConfig: Setting CVar [[r.VolumetricFog:1]]
[2021.08.04-12.42.39:396][  0]LogConfig: Setting CVar [[r.VolumetricFog.GridPixelSize:8]]
[2021.08.04-12.42.39:396][  0]LogConfig: Setting CVar [[r.VolumetricFog.GridSizeZ:128]]
[2021.08.04-12.42.39:396][  0]LogConfig: Setting CVar [[r.VolumetricFog.HistoryMissSupersampleCount:4]]
[2021.08.04-12.42.39:396][  0]LogConfig: Setting CVar [[r.LightMaxDrawDistanceScale:1]]
[2021.08.04-12.42.39:396][  0]LogConfig: Setting CVar [[r.CapsuleShadows:1]]
[2021.08.04-12.42.39:396][  0]LogConfig: Applying CVar settings from Section [PostProcessQuality@3] File [C:/Users/CYUT-IM/Documents/Unreal Projects/Unreal_HW_02_UI/HW_02_UI/Saved/Config/Windows/Scalability.ini]
[2021.08.04-12.42.39:396][  0]LogConfig: Setting CVar [[r.MotionBlurQuality:4]]
[2021.08.04-12.42.39:396][  0]LogConfig: Setting CVar [[r.AmbientOcclusionMipLevelFactor:0.4]]
[2021.08.04-12.42.39:396][  0]LogConfig: Setting CVar [[r.AmbientOcclusionMaxQuality:100]]
[2021.08.04-12.42.39:396][  0]LogConfig: Setting CVar [[r.AmbientOcclusionLevels:-1]]
[2021.08.04-12.42.39:396][  0]LogConfig: Setting CVar [[r.AmbientOcclusionRadiusScale:1.0]]
[2021.08.04-12.42.39:396][  0]LogConfig: Setting CVar [[r.DepthOfFieldQuality:2]]
[2021.08.04-12.42.39:396][  0]LogConfig: Setting CVar [[r.RenderTargetPoolMin:400]]
[2021.08.04-12.42.39:396][  0]LogConfig: Setting CVar [[r.LensFlareQuality:2]]
[2021.08.04-12.42.39:396][  0]LogConfig: Setting CVar [[r.SceneColorFringeQuality:1]]
[2021.08.04-12.42.39:396][  0]LogConfig: Setting CVar [[r.EyeAdaptationQuality:2]]
[2021.08.04-12.42.39:396][  0]LogConfig: Setting CVar [[r.BloomQuality:5]]
[2021.08.04-12.42.39:396][  0]LogConfig: Setting CVar [[r.FastBlurThreshold:100]]
[2021.08.04-12.42.39:396][  0]LogConfig: Setting CVar [[r.Upscale.Quality:3]]
[2021.08.04-12.42.39:396][  0]LogConfig: Setting CVar [[r.Tonemapper.GrainQuantization:1]]
[2021.08.04-12.42.39:396][  0]LogConfig: Setting CVar [[r.LightShaftQuality:1]]
[2021.08.04-12.42.39:396][  0]LogConfig: Setting CVar [[r.Filter.SizeScale:1]]
[2021.08.04-12.42.39:396][  0]LogConfig: Setting CVar [[r.Tonemapper.Quality:5]]
[2021.08.04-12.42.39:396][  0]LogConfig: Setting CVar [[r.DOF.Gather.AccumulatorQuality:1        ; higher gathering accumulator quality]]
[2021.08.04-12.42.39:396][  0]LogConfig: Setting CVar [[r.DOF.Gather.PostfilterMethod:1          ; Median3x3 postfilering method]]
[2021.08.04-12.42.39:396][  0]LogConfig: Setting CVar [[r.DOF.Gather.EnableBokehSettings:0       ; no bokeh simulation when gathering]]
[2021.08.04-12.42.39:396][  0]LogConfig: Setting CVar [[r.DOF.Gather.RingCount:4                 ; medium number of samples when gathering]]
[2021.08.04-12.42.39:396][  0]LogConfig: Setting CVar [[r.DOF.Scatter.ForegroundCompositing:1    ; additive foreground scattering]]
[2021.08.04-12.42.39:396][  0]LogConfig: Setting CVar [[r.DOF.Scatter.BackgroundCompositing:2    ; additive background scattering]]
[2021.08.04-12.42.39:396][  0]LogConfig: Setting CVar [[r.DOF.Scatter.EnableBokehSettings:1      ; bokeh simulation when scattering]]
[2021.08.04-12.42.39:396][  0]LogConfig: Setting CVar [[r.DOF.Scatter.MaxSpriteRatio:0.1         ; only a maximum of 10% of scattered bokeh]]
[2021.08.04-12.42.39:396][  0]LogConfig: Setting CVar [[r.DOF.Recombine.Quality:1                ; cheap slight out of focus]]
[2021.08.04-12.42.39:396][  0]LogConfig: Setting CVar [[r.DOF.Recombine.EnableBokehSettings:0    ; no bokeh simulation on slight out of focus]]
[2021.08.04-12.42.39:396][  0]LogConfig: Setting CVar [[r.DOF.TemporalAAQuality:1                ; more stable temporal accumulation]]
[2021.08.04-12.42.39:396][  0]LogConfig: Setting CVar [[r.DOF.Kernel.MaxForegroundRadius:0.025]]
[2021.08.04-12.42.39:396][  0]LogConfig: Setting CVar [[r.DOF.Kernel.MaxBackgroundRadius:0.025]]
[2021.08.04-12.42.39:396][  0]LogConfig: Applying CVar settings from Section [TextureQuality@3] File [C:/Users/CYUT-IM/Documents/Unreal Projects/Unreal_HW_02_UI/HW_02_UI/Saved/Config/Windows/Scalability.ini]
[2021.08.04-12.42.39:396][  0]LogConfig: Setting CVar [[r.Streaming.MipBias:0]]
[2021.08.04-12.42.39:396][  0]LogConfig: Setting CVar [[r.Streaming.AmortizeCPUToGPUCopy:0]]
[2021.08.04-12.42.39:396][  0]LogConfig: Setting CVar [[r.Streaming.MaxNumTexturesToStreamPerFrame:0]]
[2021.08.04-12.42.39:396][  0]LogConfig: Setting CVar [[r.Streaming.Boost:1]]
[2021.08.04-12.42.39:396][  0]LogConfig: Setting CVar [[r.MaxAnisotropy:8]]
[2021.08.04-12.42.39:396][  0]LogConfig: Setting CVar [[r.Streaming.LimitPoolSizeToVRAM:0]]
[2021.08.04-12.42.39:396][  0]LogConfig: Setting CVar [[r.Streaming.PoolSize:1000]]
[2021.08.04-12.42.39:396][  0]LogConfig: Setting CVar [[r.Streaming.MaxEffectiveScreenSize:0]]
[2021.08.04-12.42.39:396][  0]LogConfig: Applying CVar settings from Section [EffectsQuality@3] File [C:/Users/CYUT-IM/Documents/Unreal Projects/Unreal_HW_02_UI/HW_02_UI/Saved/Config/Windows/Scalability.ini]
[2021.08.04-12.42.39:396][  0]LogConfig: Setting CVar [[r.TranslucencyLightingVolumeDim:64]]
[2021.08.04-12.42.39:396][  0]LogConfig: Setting CVar [[r.RefractionQuality:2]]
[2021.08.04-12.42.39:396][  0]LogConfig: Setting CVar [[r.SSR.Quality:3]]
[2021.08.04-12.42.39:396][  0]LogConfig: Setting CVar [[r.SceneColorFormat:4]]
[2021.08.04-12.42.39:396][  0]LogConfig: Setting CVar [[r.DetailMode:2]]
[2021.08.04-12.42.39:396][  0]LogConfig: Setting CVar [[r.TranslucencyVolumeBlur:1]]
[2021.08.04-12.42.39:397][  0]LogConfig: Setting CVar [[r.MaterialQualityLevel:1 ; High quality]]
[2021.08.04-12.42.39:397][  0]LogConfig: Setting CVar [[r.SSS.Scale:1]]
[2021.08.04-12.42.39:397][  0]LogConfig: Setting CVar [[r.SSS.SampleSet:2]]
[2021.08.04-12.42.39:397][  0]LogConfig: Setting CVar [[r.SSS.Quality:1]]
[2021.08.04-12.42.39:397][  0]LogConfig: Setting CVar [[r.SSS.HalfRes:1]]
[2021.08.04-12.42.39:397][  0]LogConfig: Setting CVar [[r.EmitterSpawnRateScale:1.0]]
[2021.08.04-12.42.39:397][  0]LogConfig: Setting CVar [[r.ParticleLightQuality:2]]
[2021.08.04-12.42.39:397][  0]LogConfig: Applying CVar settings from Section [FoliageQuality@3] File [C:/Users/CYUT-IM/Documents/Unreal Projects/Unreal_HW_02_UI/HW_02_UI/Saved/Config/Windows/Scalability.ini]
[2021.08.04-12.42.39:397][  0]LogConfig: Setting CVar [[foliage.DensityScale:1.0]]
[2021.08.04-12.42.39:397][  0]LogConfig: Setting CVar [[grass.DensityScale:1.0]]
[2021.08.04-12.42.39:397][  0]LogConfig: Applying CVar settings from Section [Startup] File [../../../Engine/Config/ConsoleVariables.ini]
[2021.08.04-12.42.39:408][  0]LogConfig: Setting CVar [[net.UseAdaptiveNetUpdateFrequency:0]]
[2021.08.04-12.42.39:408][  0]LogConfig: Setting CVar [[p.chaos.AllowCreatePhysxBodies:1]]
[2021.08.04-12.42.39:408][  0]LogConfig: Applying CVar settings from Section [ConsoleVariables] File [C:/Users/CYUT-IM/Documents/Unreal Projects/Unreal_HW_02_UI/HW_02_UI/Saved/Config/Windows/Engine.ini]
[2021.08.04-12.42.39:445][  0]LogInit: Computer: MSI
[2021.08.04-12.42.39:445][  0]LogInit: User: CYUTIM
[2021.08.04-12.42.39:445][  0]LogInit: CPU Page size=4096, Cores=6
[2021.08.04-12.42.39:445][  0]LogInit: High frequency timer resolution =10.000000 MHz
[2021.08.04-12.42.39:446][  0]LogMemory: Memory total: Physical=15.8GB (16GB approx)
[2021.08.04-12.42.39:446][  0]LogMemory: Platform Memory Stats for Windows
[2021.08.04-12.42.39:446][  0]LogMemory: Process Physical Memory: 107.01 MB used, 107.02 MB peak
[2021.08.04-12.42.39:446][  0]LogMemory: Process Virtual Memory: 103.75 MB used, 103.75 MB peak
[2021.08.04-12.42.39:446][  0]LogMemory: Physical Memory: 10498.18 MB used,  5731.99 MB free, 16230.17 MB total
[2021.08.04-12.42.39:446][  0]LogMemory: Virtual Memory: 4708.48 MB used,  134213016.00 MB free, 134217728.00 MB total
[2021.08.04-12.42.39:449][  0]LogWindows: WindowsPlatformFeatures enabled
[2021.08.04-12.42.40:069][  0]LogInit: Using OS detected language (zh-TW).
[2021.08.04-12.42.40:069][  0]LogInit: Using OS detected locale (zh-TW).
[2021.08.04-12.42.40:075][  0]LogTextLocalizationManager: No localization for 'zh-TW' exists, so 'en' will be used for the language.
[2021.08.04-12.42.40:457][  0]LogInit: Setting process to per monitor DPI aware
[2021.08.04-12.42.40:862][  0]LogSlate: New Slate User Created.  User Index 0, Is Virtual User: 0
[2021.08.04-12.42.40:862][  0]LogSlate: Slate User Registered.  User Index 0, Is Virtual User: 0
[2021.08.04-12.42.42:648][  0]LogHMD: Failed to initialize OpenVR with code 103
[2021.08.04-12.42.42:648][  0]LogD3D11RHI: D3D11 adapters:
[2021.08.04-12.42.43:699][  0]LogD3D11RHI:    0. 'NVIDIA GeForce GTX 1070' (Feature Level 11_0)
[2021.08.04-12.42.43:699][  0]LogD3D11RHI:       8081/0/8115 MB DedicatedVideo/DedicatedSystem/SharedSystem, Outputs:1, VendorId:0x10de
[2021.08.04-12.42.43:738][  0]LogD3D11RHI:    1. 'Intel(R) UHD Graphics 630' (Feature Level 11_0)
[2021.08.04-12.42.43:738][  0]LogD3D11RHI:       128/0/8115 MB DedicatedVideo/DedicatedSystem/SharedSystem, Outputs:0, VendorId:0x8086
[2021.08.04-12.42.43:740][  0]LogD3D11RHI:    2. 'Microsoft Basic Render Driver' (Feature Level 11_0)
[2021.08.04-12.42.43:740][  0]LogD3D11RHI:       0/0/8115 MB DedicatedVideo/DedicatedSystem/SharedSystem, Outputs:0, VendorId:0x1414
[2021.08.04-12.42.43:740][  0]LogD3D11RHI: Chosen D3D11 Adapter: 0
[2021.08.04-12.42.43:842][  0]LogD3D11RHI: Creating new Direct3DDevice
[2021.08.04-12.42.43:842][  0]LogD3D11RHI:     GPU DeviceId: 0x1ba1 (for the marketing name, search the web for "GPU Device Id")
[2021.08.04-12.42.43:861][  0]LogWindows: EnumDisplayDevices:
[2021.08.04-12.42.43:862][  0]LogWindows:    0. 'Intel(R) UHD Graphics 630' (P:1 D:1)
[2021.08.04-12.42.43:862][  0]LogWindows:    1. 'Intel(R) UHD Graphics 630' (P:0 D:0)
[2021.08.04-12.42.43:862][  0]LogWindows:    2. 'Intel(R) UHD Graphics 630' (P:0 D:0)
[2021.08.04-12.42.43:862][  0]LogWindows:    3. 'NVIDIA GeForce GTX 1070' (P:0 D:0)
[2021.08.04-12.42.43:863][  0]LogWindows:    4. 'NVIDIA GeForce GTX 1070' (P:0 D:0)
[2021.08.04-12.42.43:863][  0]LogWindows:    5. 'NVIDIA GeForce GTX 1070' (P:0 D:0)
[2021.08.04-12.42.43:863][  0]LogWindows:    6. 'NVIDIA GeForce GTX 1070' (P:0 D:0)
[2021.08.04-12.42.43:863][  0]LogWindows: DebugString: PrimaryIsNotTheChoosenAdapter PrimaryIsNotTheChoosenAdapter PrimaryIsNotTheChoosenAdapter FoundDriverCount:4 
[2021.08.04-12.42.43:863][  0]LogD3D11RHI:     Adapter Name: NVIDIA GeForce GTX 1070
[2021.08.04-12.42.43:877][  0]LogD3D11RHI:   Driver Version: 452.06 (internal:27.21.14.5206, unified:452.06)
[2021.08.04-12.42.43:877][  0]LogD3D11RHI:      Driver Date: 8-12-2020
[2021.08.04-12.42.43:877][  0]LogRHI: Texture pool is 5656 MB (70% of 8081 MB)
[2021.08.04-12.42.43:964][  0]LogD3D11RHI: Async texture creation enabled
[2021.08.04-12.42.44:962][  0]LogD3D11RHI: GPU Timing Frequency: 1000.000000 (Debug: 2 1)
[2021.08.04-12.42.47:162][  0]LogTemp: Display: Module 'AllDesktopTargetPlatform' loaded TargetPlatform 'AllDesktop'
[2021.08.04-12.42.47:183][  0]LogTemp: Display: Module 'MacClientTargetPlatform' loaded TargetPlatform 'MacClient'
[2021.08.04-12.42.47:203][  0]LogTemp: Display: Module 'MacNoEditorTargetPlatform' loaded TargetPlatform 'MacNoEditor'
[2021.08.04-12.42.47:218][  0]LogTemp: Display: Module 'MacServerTargetPlatform' loaded TargetPlatform 'MacServer'
[2021.08.04-12.42.47:253][  0]LogTemp: Display: Module 'MacTargetPlatform' loaded TargetPlatform 'Mac'
[2021.08.04-12.42.47:278][  0]LogTemp: Display: Module 'WindowsClientTargetPlatform' loaded TargetPlatform 'WindowsClient'
[2021.08.04-12.42.47:293][  0]LogTemp: Display: Module 'WindowsNoEditorTargetPlatform' loaded TargetPlatform 'WindowsNoEditor'
[2021.08.04-12.42.47:305][  0]LogTemp: Display: Module 'WindowsServerTargetPlatform' loaded TargetPlatform 'WindowsServer'
[2021.08.04-12.42.47:321][  0]LogTemp: Display: Module 'WindowsTargetPlatform' loaded TargetPlatform 'Windows'
[2021.08.04-12.42.47:381][  0]LogTemp: Display: Module 'AndroidTargetPlatform' loaded TargetPlatform 'Android'
[2021.08.04-12.42.47:381][  0]LogTemp: Display: Module 'AndroidTargetPlatform' loaded TargetPlatform 'Android_ASTC'
[2021.08.04-12.42.47:381][  0]LogTemp: Display: Module 'AndroidTargetPlatform' loaded TargetPlatform 'Android_ATC'
[2021.08.04-12.42.47:381][  0]LogTemp: Display: Module 'AndroidTargetPlatform' loaded TargetPlatform 'Android_DXT'
[2021.08.04-12.42.47:381][  0]LogTemp: Display: Module 'AndroidTargetPlatform' loaded TargetPlatform 'Android_ETC1'
[2021.08.04-12.42.47:381][  0]LogTemp: Display: Module 'AndroidTargetPlatform' loaded TargetPlatform 'Android_ETC1a'
[2021.08.04-12.42.47:381][  0]LogTemp: Display: Module 'AndroidTargetPlatform' loaded TargetPlatform 'Android_ETC2'
[2021.08.04-12.42.47:381][  0]LogTemp: Display: Module 'AndroidTargetPlatform' loaded TargetPlatform 'Android_PVRTC'
[2021.08.04-12.42.47:381][  0]LogTemp: Display: Module 'AndroidTargetPlatform' loaded TargetPlatform 'AndroidClient'
[2021.08.04-12.42.47:381][  0]LogTemp: Display: Module 'AndroidTargetPlatform' loaded TargetPlatform 'Android_ASTCClient'
[2021.08.04-12.42.47:381][  0]LogTemp: Display: Module 'AndroidTargetPlatform' loaded TargetPlatform 'Android_ATCClient'
[2021.08.04-12.42.47:381][  0]LogTemp: Display: Module 'AndroidTargetPlatform' loaded TargetPlatform 'Android_DXTClient'
[2021.08.04-12.42.47:381][  0]LogTemp: Display: Module 'AndroidTargetPlatform' loaded TargetPlatform 'Android_ETC1Client'
[2021.08.04-12.42.47:381][  0]LogTemp: Display: Module 'AndroidTargetPlatform' loaded TargetPlatform 'Android_ETC1aClient'
[2021.08.04-12.42.47:381][  0]LogTemp: Display: Module 'AndroidTargetPlatform' loaded TargetPlatform 'Android_ETC2Client'
[2021.08.04-12.42.47:381][  0]LogTemp: Display: Module 'AndroidTargetPlatform' loaded TargetPlatform 'Android_PVRTCClient'
[2021.08.04-12.42.47:381][  0]LogTemp: Display: Module 'AndroidTargetPlatform' loaded TargetPlatform 'Android_Multi'
[2021.08.04-12.42.47:381][  0]LogTemp: Display: Module 'AndroidTargetPlatform' loaded TargetPlatform 'Android_MultiClient'
[2021.08.04-12.42.47:392][  0]LogTemp: Display: Module 'HTML5TargetPlatform' loaded TargetPlatform 'HTML5'
[2021.08.04-12.42.47:461][  0]LogTemp: Display: Module 'IOSTargetPlatform' loaded TargetPlatform 'IOSClient'
[2021.08.04-12.42.47:461][  0]LogTemp: Display: Module 'IOSTargetPlatform' loaded TargetPlatform 'IOS'
[2021.08.04-12.42.47:484][  0]LogTemp: Display: Module 'TVOSTargetPlatform' loaded TargetPlatform 'TVOSClient'
[2021.08.04-12.42.47:484][  0]LogTemp: Display: Module 'TVOSTargetPlatform' loaded TargetPlatform 'TVOS'
[2021.08.04-12.42.47:497][  0]LogTemp: Display: Module 'LinuxClientTargetPlatform' loaded TargetPlatform 'LinuxClient'
[2021.08.04-12.42.47:517][  0]LogTemp: Display: Module 'LinuxNoEditorTargetPlatform' loaded TargetPlatform 'LinuxNoEditor'
[2021.08.04-12.42.47:534][  0]LogTemp: Display: Module 'LinuxServerTargetPlatform' loaded TargetPlatform 'LinuxServer'
[2021.08.04-12.42.47:559][  0]LogTemp: Display: Module 'LinuxTargetPlatform' loaded TargetPlatform 'Linux'
[2021.08.04-12.42.47:592][  0]LogTemp: Display: Module 'LuminTargetPlatform' loaded TargetPlatform 'Lumin'
[2021.08.04-12.42.47:592][  0]LogTemp: Display: Module 'LuminTargetPlatform' loaded TargetPlatform 'LuminClient'
[2021.08.04-12.42.47:592][  0]LogTargetPlatformManager: Display: Building Assets For Windows
[2021.08.04-12.42.47:685][  0]LogAudioDebug: Display: Lib vorbis DLL was dynamically loaded.
[2021.08.04-12.42.48:119][  0]LogShaderCompilers: Guid format shader working directory is -20 characters bigger than the processId version (C:/Users/CYUT-IM/Documents/Unreal Projects/Unreal_HW_02_UI/HW_02_UI/Intermediate/Shaders/WorkingDirectory/19640/).
[2021.08.04-12.42.48:119][  0]LogShaderCompilers: Cleaned the shader compiler working directory 'C:/Users/CYUT-IM/AppData/Local/Temp/UnrealShaderWorkingDir/DDA60F574AB69C9A6BAF1092E3345954/'.
[2021.08.04-12.42.48:136][  0]LogXGEController: Cleaning working directory: C:/Users/CYUT-IM/AppData/Local/Temp/UnrealXGEWorkingDir/
[2021.08.04-12.42.48:136][  0]LogXGEController: Cannot use XGE Controller as Incredibuild is not installed on this machine.
[2021.08.04-12.42.48:137][  0]LogShaderCompilers: Cannot use XGE Shader Compiler as Incredibuild is not installed on this machine.
[2021.08.04-12.42.48:137][  0]LogShaderCompilers: Display: Using Local Shader Compiler.
[2021.08.04-12.42.50:251][  0]LogDerivedDataCache: Display: Max Cache Size: 512 MB
[2021.08.04-12.42.50:334][  0]LogDerivedDataCache: Loaded boot cache 0.08s 76MB C:/Users/CYUT-IM/AppData/Local/UnrealEngine/4.23/DerivedDataCache/Boot.ddc.
[2021.08.04-12.42.50:334][  0]LogDerivedDataCache: Display: Loaded Boot cache: C:/Users/CYUT-IM/AppData/Local/UnrealEngine/4.23/DerivedDataCache/Boot.ddc
[2021.08.04-12.42.50:334][  0]LogDerivedDataCache: FDerivedDataBackendGraph:  Pak pak cache file C:/Users/CYUT-IM/Documents/Unreal Projects/Unreal_HW_02_UI/HW_02_UI/DerivedDataCache/DDC.ddp not found, will not use a pak cache.
[2021.08.04-12.42.50:334][  0]LogDerivedDataCache: Unable to find inner node Pak for hierarchical cache Hierarchy.
[2021.08.04-12.42.50:334][  0]LogDerivedDataCache: FDerivedDataBackendGraph:  CompressedPak pak cache file C:/Users/CYUT-IM/Documents/Unreal Projects/Unreal_HW_02_UI/HW_02_UI/DerivedDataCache/Compressed.ddp not found, will not use a pak cache.
[2021.08.04-12.42.50:334][  0]LogDerivedDataCache: Unable to find inner node CompressedPak for hierarchical cache Hierarchy.
[2021.08.04-12.42.50:357][  0]LogDerivedDataCache: Display: Pak cache opened for reading ../../../Engine/DerivedDataCache/Compressed.ddp.
[2021.08.04-12.42.50:357][  0]LogDerivedDataCache: FDerivedDataBackendGraph:  EnterprisePak pak cache file ../../../Enterprise/DerivedDataCache/Compressed.ddp not found, will not use a pak cache.
[2021.08.04-12.42.50:357][  0]LogDerivedDataCache: Unable to find inner node EnterprisePak for hierarchical cache Hierarchy.
[2021.08.04-12.42.50:358][  0]LogDerivedDataCache: Using Local data cache path C:/Users/CYUT-IM/AppData/Local/UnrealEngine/Common/DerivedDataCache: Writable
[2021.08.04-12.42.50:358][  0]LogDerivedDataCache: Shared data cache path not found in *engine.ini, will not use an Shared cache.
[2021.08.04-12.42.50:358][  0]LogDerivedDataCache: Unable to find inner node Shared for hierarchical cache Hierarchy.
[2021.08.04-12.42.50:428][  0]LogMaterial: Verifying Global Shaders for PCD3D_SM5
[2021.08.04-12.42.50:510][  0]LogSlate: Using FreeType 2.6.0
[2021.08.04-12.42.50:556][  0]LogSlate: SlateFontServices - WITH_FREETYPE: 1, WITH_HARFBUZZ: 1
[2021.08.04-12.42.51:920][  0]LogAssetRegistry: FAssetRegistry took 0.0096 seconds to start up
[2021.08.04-12.42.56:710][  0]LogInit: Selected Device Profile: [Windows]
[2021.08.04-12.43.00:103][  0]LogMeshReduction: Using QuadricMeshReduction for automatic static mesh reduction
[2021.08.04-12.43.00:103][  0]LogMeshReduction: Using SimplygonMeshReduction for automatic skeletal mesh reduction
[2021.08.04-12.43.00:103][  0]LogMeshReduction: Using ProxyLODMeshReduction for automatic mesh merging
[2021.08.04-12.43.00:103][  0]LogMeshReduction: No distributed automatic mesh merging module available
[2021.08.04-12.43.00:103][  0]LogMeshMerging: No distributed automatic mesh merging module available
[2021.08.04-12.43.00:654][  0]LogNetVersion: HW_02_UI 1.0.0, NetCL: 8386587, EngineNetVer: 11, GameNetVer: 0 (Checksum: 2007585535)
[2021.08.04-12.43.04:705][  0]LogPackageLocalizationCache: Processed 12 localized package path(s) for 1 prioritized culture(s) in 0.119803 seconds
[2021.08.04-12.43.04:779][  0]LogUObjectArray: 43444 objects as part of root set at end of initial load.
[2021.08.04-12.43.04:779][  0]LogUObjectAllocator: 7548648 out of 0 bytes used by permanent object pool.
[2021.08.04-12.43.04:779][  0]LogUObjectArray: CloseDisregardForGC: 0/0 objects in disregard for GC pool
[2021.08.04-12.43.23:322][  0]LogTcpMessaging: Initializing TcpMessaging bridge
[2021.08.04-12.43.23:423][  0]LogUdpMessaging: Initializing bridge on interface 0.0.0.0:0 to multicast group 230.0.0.1:6666.
[2021.08.04-12.43.25:161][  0]SourceControl: Source control is disabled
[2021.08.04-12.43.25:174][  0]SourceControl: Source control is disabled
[2021.08.04-12.43.25:279][  0]SourceControl: Source control is disabled
[2021.08.04-12.43.25:289][  0]SourceControl: Source control is disabled
[2021.08.04-12.43.26:253][  0]LogAndroidPermission: UAndroidPermissionCallbackProxy::GetInstance
[2021.08.04-12.43.26:995][  0]LogOcInput: OculusInput pre-init called
[2021.08.04-12.43.29:824][  0]LogEngine: Initializing Engine...
[2021.08.04-12.43.29:953][  0]LogHMD: Failed to initialize OpenVR with code 103
[2021.08.04-12.43.30:311][  0]LogStats: UGameplayTagsManager::InitializeManager -  0.051 s
[2021.08.04-12.43.31:159][  0]LogInit: Initializing FReadOnlyCVARCache
[2021.08.04-12.43.31:839][  0]LogAIModule: Creating AISystem for world Untitled
[2021.08.04-12.43.32:160][  0]LogInit: XAudio2 using 'Speakers (Realtek(R) Audio)' : 2 channels at 48 kHz using 32 bits per sample (channel mask 0x3)
[2021.08.04-12.43.32:174][  0]LogInit: FAudioDevice initialized.
[2021.08.04-12.43.32:186][  0]LogNetVersion: Set ProjectVersion to 1.0.0.0. Version Checksum will be recalculated on next use.
[2021.08.04-12.43.32:244][  0]LogDerivedDataCache: Saved boot cache 0.06s 76MB C:/Users/CYUT-IM/AppData/Local/UnrealEngine/4.23/DerivedDataCache/Boot.ddc.
[2021.08.04-12.43.32:248][  0]LogInit: Texture streaming: Enabled
[2021.08.04-12.43.32:414][  0]LogEngineSessionManager: EngineSessionManager initialized
[2021.08.04-12.43.32:414][  0]LogEditorSessionSummary: Verbose: Initializing EditorSessionSummaryWriter for editor session tracking
[2021.08.04-12.43.32:416][  0]LogEditorSessionSummary: EditorSessionSummaryWriter initialized
[2021.08.04-12.43.32:743][  0]LogInit: Transaction tracking system initialized
[2021.08.04-12.43.33:195][  0]BlueprintLog: New page: Editor Load
[2021.08.04-12.43.34:218][  0]LocalizationService: Localization service is disabled
[2021.08.04-12.43.36:712][  0]LogFileCache: Scanning file cache for directory 'C:/Users/CYUT-IM/Documents/Unreal Projects/Unreal_HW_02_UI/HW_02_UI/Content/' took 0.01s
[2021.08.04-12.43.36:712][  0]LogCook: Display: Max memory allowance for cook 16384mb min free memory 0mb
[2021.08.04-12.43.36:712][  0]LogCook: Display: Mobile HDR setting 1
[2021.08.04-12.43.38:610][  0]SourceControl: Source control is disabled
[2021.08.04-12.43.38:670][  0]Cmd: MAP LOAD FILE="C:/Users/CYUT-IM/Documents/Unreal Projects/Unreal_HW_02_UI/HW_02_UI/Content/遊戲場景/遊戲場景.umap" TEMPLATE=0 SHOWPROGRESS=1 FEATURELEVEL=3
[2021.08.04-12.43.38:682][  0]LightingResults: New page: Lighting Build
[2021.08.04-12.43.38:852][  0]LogWorld: UWorld::CleanupWorld for Untitled, bSessionEnded=true, bCleanupResources=true
[2021.08.04-12.43.38:937][  0]MapCheck: New page: Map Check
[2021.08.04-12.43.38:937][  0]LightingResults: New page: Lighting Build
[2021.08.04-12.43.39:435][  0]LogUObjectHash: Compacting FUObjectHashTables data took   1.52ms
[2021.08.04-12.43.40:460][  0]LogBlueprint: Warning: [Compiler FirstPersonCharacter] InputAction Event references unknown Action 'Sprint' for  InputAction Sprint
[2021.08.04-12.43.45:904][  0]LogAIModule: Creating AISystem for world 遊戲場景
[2021.08.04-12.43.47:272][  0]LogEditorServer: Finished looking for orphan Actors (0.000 secs)
[2021.08.04-12.43.47:603][  0]LogUObjectHash: Compacting FUObjectHashTables data took   2.30ms
[2021.08.04-12.43.47:616][  0]Cmd: MAP CHECKDEP NOCLEARLOG
[2021.08.04-12.43.47:636][  0]MapCheck: Map check complete: 0 Error(s), 0 Warning(s), took 19.482ms to complete.
[2021.08.04-12.43.47:636][  0]LogFileHelpers: Loading map '遊戲場景' took 8.983
[2021.08.04-12.43.49:970][  0]LogSlate: Updating window title bar state: overlay mode, drag disabled, window buttons hidden, title bar hidden
[2021.08.04-12.43.49:986][  0]LogSlate: Updating window title bar state: overlay mode, drag disabled, window buttons hidden, title bar hidden
[2021.08.04-12.43.49:992][  0]LogSlate: Updating window title bar state: overlay mode, drag disabled, window buttons hidden, title bar hidden
[2021.08.04-12.43.49:998][  0]LogSlate: Updating window title bar state: overlay mode, drag disabled, window buttons hidden, title bar hidden
[2021.08.04-12.43.50:124][  0]LogCollectionManager: Loaded 0 collections in 0.000957 seconds
[2021.08.04-12.43.50:258][  0]LogFileCache: Scanning file cache for directory 'C:/Users/CYUT-IM/Documents/Unreal Projects/Unreal_HW_02_UI/HW_02_UI/Saved/Collections/' took 0.00s
[2021.08.04-12.43.50:258][  0]LogFileCache: Scanning file cache for directory 'C:/Users/CYUT-IM/Documents/Unreal Projects/Unreal_HW_02_UI/HW_02_UI/Content/Developers/CYUTIM/Collections/' took 0.00s
[2021.08.04-12.43.50:258][  0]LogFileCache: Scanning file cache for directory 'C:/Users/CYUT-IM/Documents/Unreal Projects/Unreal_HW_02_UI/HW_02_UI/Content/Collections/' took 0.00s
[2021.08.04-12.43.50:258][  0]LogCollectionManager: Rebuilt the GUID cache for 0 collections in 0.000003 seconds
[2021.08.04-12.43.50:272][  0]LogContentBrowser: Native class hierarchy populated in 0.0089 seconds. Added 2863 classes and 680 folders.
[2021.08.04-12.43.50:432][  0]LogContentBrowser: Native class hierarchy updated for 'WidgetCarousel' in 0.0002 seconds. Added 0 classes and 0 folders.
[2021.08.04-12.43.50:844][  0]LogContentBrowser: Native class hierarchy updated for 'AddContentDialog' in 0.0002 seconds. Added 0 classes and 0 folders.
[2021.08.04-12.43.50:930][  0]LogContentBrowser: Native class hierarchy updated for 'WorldBrowser' in 0.0003 seconds. Added 2 classes and 3 folders.
[2021.08.04-12.43.51:188][  0]LogContentBrowser: Native class hierarchy updated for 'SceneOutliner' in 0.0002 seconds. Added 1 classes and 2 folders.
[2021.08.04-12.43.51:825][  0]LogSlate: Took 0.014340 seconds to synchronously load lazily loaded font '../../../Engine/Content/Slate/Fonts/Roboto-Regular.ttf' (155K)
[2021.08.04-12.43.51:896][  0]LogSlate: Took 0.036765 seconds to synchronously load lazily loaded font '../../../Engine/Content/Slate/Fonts/DroidSansFallback.ttf' (3848K)
[2021.08.04-12.43.51:910][  0]LogSlate: Took 0.014332 seconds to synchronously load lazily loaded font '../../../Engine/Content/Slate/Fonts/Roboto-Bold.ttf' (160K)
[2021.08.04-12.43.51:999][  0]LogSlate: Took 0.014781 seconds to synchronously load lazily loaded font '../../../Engine/Content/Editor/Slate/Fonts/FontAwesome.ttf' (139K)
[2021.08.04-12.43.52:716][  0]LogRenderer: Reallocating scene render targets to support 1152x608 Format 10 NumSamples 1 (Frame:1).
[2021.08.04-12.43.54:274][  0]LogContentBrowser: Native class hierarchy updated for 'HierarchicalLODOutliner' in 0.0002 seconds. Added 0 classes and 0 folders.
[2021.08.04-12.43.54:274][  0]LogLoad: (Engine Initialization) Total time: 90.76 seconds
[2021.08.04-12.43.54:274][  0]LogLoad: (Engine Initialization) Total Blueprint compile time: 0.00 seconds
[2021.08.04-12.43.54:958][  0]LogContentStreaming: Texture pool size now 1000 MB
[2021.08.04-12.43.55:542][  0]LogSlate: Took 0.016568 seconds to synchronously load lazily loaded font '../../../Engine/Content/Slate/Fonts/Roboto-Light.ttf' (167K)
[2021.08.04-12.43.56:572][  2]LogSlate: Took 0.000117 seconds to synchronously load lazily loaded font '../../../Engine/Content/Slate/Fonts/Roboto-Light.ttf' (167K)
[2021.08.04-12.43.57:579][ 16]LogScript: Warning: Accessed None trying to read property CallFunc_TryGetPawnOwner_ReturnValue
	ba_玩家動畫_C /Engine/Transient.World_2:PersistentLevel.SkeletalMeshActor_0.SkeletalMeshComponent0.ba_玩家動畫_C_0
	Function /Game/ThirdPersonBP/Blueprints/ba_玩家動畫.ba_玩家動畫_C:ExecuteUbergraph_ba_玩家動畫:015E
[2021.08.04-12.43.57:579][ 16]LogScript: Warning: Accessed None trying to read property CallFunc_TryGetPawnOwner_ReturnValue
	ba_玩家動畫_C /Engine/Transient.World_2:PersistentLevel.SkeletalMeshActor_0.SkeletalMeshComponent0.ba_玩家動畫_C_0
	Function /Game/ThirdPersonBP/Blueprints/ba_玩家動畫.ba_玩家動畫_C:ExecuteUbergraph_ba_玩家動畫:01EE
[2021.08.04-12.43.57:579][ 16]LogScript: Warning: Accessed None trying to read property CallFunc_TryGetPawnOwner_ReturnValue
	ba_玩家動畫_C /Engine/Transient.World_2:PersistentLevel.SkeletalMeshActor_0.SkeletalMeshComponent0.ba_玩家動畫_C_0
	Function /Game/ThirdPersonBP/Blueprints/ba_玩家動畫.ba_玩家動畫_C:ExecuteUbergraph_ba_玩家動畫:0220
[2021.08.04-12.43.57:791][ 19]LogAssetRegistry: Asset discovery search completed in 65.8734 seconds
[2021.08.04-12.43.57:824][ 19]LogCollectionManager: Rebuilt the object cache for 0 collections in 0.011117 seconds (found 0 objects)
[2021.08.04-12.43.57:824][ 19]LogCollectionManager: Fixed up redirectors for 0 collections in 0.011186 seconds (updated 0 objects)
[2021.08.04-12.44.54:658][188]LogEditorSessionSummary: EditorSessionSummary sent report. Type=Shutdown, SessionId={FC30ED6F-4648-882C-C87C-3C90AD60807E}
[2021.08.04-13.06.21:292][ 36]LogHttp: Warning: 000001B4BE544F40: invalid HTTP response code received. URL: https://datarouter.ol.epicgames.com/datarouter/api/v1/public/data?SessionID=%7B107C745A-4AB1-C689-A8B7-C9A13BAC4288%7D&AppID=UEEditor.Rocket.Release&AppVersion=4.23.1-9631420%2B%2B%2BUE4%2BRelease-4.23&UserID=dee5b6624d5c02a4d29783a27550813b%7C42c4928ca7b748af970441078c6ae049%7Cadb76f7c-7150-4b1f-855f-0d155a95bcd4&AppEnvironment=datacollector-binary&UploadType=eteventstream, HTTP code: 0, content length: -1, actual payload size: 0
[2021.08.04-13.06.21:292][ 36]LogHttp: Warning: 000001B4BE544F40: request failed, libcurl error: 56 (Failure when receiving data from the peer)
[2021.08.04-13.06.21:292][ 36]LogHttp: Warning: 000001B4BE544F40: libcurl info message cache 0 (Found bundle for host datarouter.ol.epicgames.com: 0x1b48381ff70 [can pipeline])
[2021.08.04-13.06.21:292][ 36]LogHttp: Warning: 000001B4BE544F40: libcurl info message cache 1 (Re-using existing connection! (#8) with host datarouter.ol.epicgames.com)
[2021.08.04-13.06.21:292][ 36]LogHttp: Warning: 000001B4BE544F40: libcurl info message cache 2 (Connected to datarouter.ol.epicgames.com (52.200.103.207) port 443 (#8))
[2021.08.04-13.06.21:292][ 36]LogHttp: Warning: 000001B4BE544F40: libcurl info message cache 3 (We are completely uploaded and fine)
[2021.08.04-13.06.21:292][ 36]LogHttp: Warning: 000001B4BE544F40: libcurl info message cache 4 (OpenSSL SSL_read: SSL_ERROR_SYSCALL, errno 10054)
[2021.08.04-13.06.21:292][ 36]LogHttp: Warning: 000001B4BE544F40: libcurl info message cache 5 (Connection died, retrying a fresh connect)
[2021.08.04-13.06.21:292][ 36]LogHttp: Warning: 000001B4BE544F40: libcurl info message cache 6 (necessary data rewind wasn't possible)
[2021.08.04-13.06.21:292][ 36]LogHttp: Warning: 000001B4BE544F40: libcurl info message cache 7 (Closing connection 8)
[2021.08.04-13.06.21:292][ 36]LogHttp: Warning: Retry exhausted on https://datarouter.ol.epicgames.com/datarouter/api/v1/public/data?SessionID=%7B107C745A-4AB1-C689-A8B7-C9A13BAC4288%7D&AppID=UEEditor.Rocket.Release&AppVersion=4.23.1-9631420%2B%2B%2BUE4%2BRelease-4.23&UserID=dee5b6624d5c02a4d29783a27550813b%7C42c4928ca7b748af970441078c6ae049%7Cadb76f7c-7150-4b1f-855f-0d155a95bcd4&AppEnvironment=datacollector-binary&UploadType=eteventstream
[2021.08.04-13.08.21:673][396]LogHttp: Warning: 000001B4BE545940: invalid HTTP response code received. URL: https://datarouter.ol.epicgames.com/datarouter/api/v1/public/data?SessionID=%7B107C745A-4AB1-C689-A8B7-C9A13BAC4288%7D&AppID=UEEditor.Rocket.Release&AppVersion=4.23.1-9631420%2B%2B%2BUE4%2BRelease-4.23&UserID=dee5b6624d5c02a4d29783a27550813b%7C42c4928ca7b748af970441078c6ae049%7Cadb76f7c-7150-4b1f-855f-0d155a95bcd4&AppEnvironment=datacollector-binary&UploadType=eteventstream, HTTP code: 0, content length: -1, actual payload size: 0
[2021.08.04-13.08.21:673][396]LogHttp: Warning: 000001B4BE545940: request failed, libcurl error: 6 (Couldn't resolve host name)
[2021.08.04-13.08.21:673][396]LogHttp: Warning: 000001B4BE545940: libcurl info message cache 0 (Could not resolve host: datarouter.ol.epicgames.com)
[2021.08.04-13.08.21:673][396]LogHttp: Warning: 000001B4BE545940: libcurl info message cache 1 (Closing connection 9)
[2021.08.04-13.08.21:673][396]LogHttp: Warning: Retry exhausted on https://datarouter.ol.epicgames.com/datarouter/api/v1/public/data?SessionID=%7B107C745A-4AB1-C689-A8B7-C9A13BAC4288%7D&AppID=UEEditor.Rocket.Release&AppVersion=4.23.1-9631420%2B%2B%2BUE4%2BRelease-4.23&UserID=dee5b6624d5c02a4d29783a27550813b%7C42c4928ca7b748af970441078c6ae049%7Cadb76f7c-7150-4b1f-855f-0d155a95bcd4&AppEnvironment=datacollector-binary&UploadType=eteventstream
[2021.08.04-13.10.22:076][756]LogHttp: Warning: 000001B4BE5451C0: invalid HTTP response code received. URL: https://datarouter.ol.epicgames.com/datarouter/api/v1/public/data?SessionID=%7B107C745A-4AB1-C689-A8B7-C9A13BAC4288%7D&AppID=UEEditor.Rocket.Release&AppVersion=4.23.1-9631420%2B%2B%2BUE4%2BRelease-4.23&UserID=dee5b6624d5c02a4d29783a27550813b%7C42c4928ca7b748af970441078c6ae049%7Cadb76f7c-7150-4b1f-855f-0d155a95bcd4&AppEnvironment=datacollector-binary&UploadType=eteventstream, HTTP code: 0, content length: -1, actual payload size: 0
[2021.08.04-13.10.22:076][756]LogHttp: Warning: 000001B4BE5451C0: request failed, libcurl error: 6 (Couldn't resolve host name)
[2021.08.04-13.10.22:076][756]LogHttp: Warning: 000001B4BE5451C0: libcurl info message cache 0 (Could not resolve host: datarouter.ol.epicgames.com)
[2021.08.04-13.10.22:076][756]LogHttp: Warning: 000001B4BE5451C0: libcurl info message cache 1 (Closing connection 10)
[2021.08.04-13.10.22:076][756]LogHttp: Warning: Retry exhausted on https://datarouter.ol.epicgames.com/datarouter/api/v1/public/data?SessionID=%7B107C745A-4AB1-C689-A8B7-C9A13BAC4288%7D&AppID=UEEditor.Rocket.Release&AppVersion=4.23.1-9631420%2B%2B%2BUE4%2BRelease-4.23&UserID=dee5b6624d5c02a4d29783a27550813b%7C42c4928ca7b748af970441078c6ae049%7Cadb76f7c-7150-4b1f-855f-0d155a95bcd4&AppEnvironment=datacollector-binary&UploadType=eteventstream
[2021.08.04-13.12.22:489][116]LogHttp: Warning: 000001B4BE547740: invalid HTTP response code received. URL: https://datarouter.ol.epicgames.com/datarouter/api/v1/public/data?SessionID=%7B107C745A-4AB1-C689-A8B7-C9A13BAC4288%7D&AppID=UEEditor.Rocket.Release&AppVersion=4.23.1-9631420%2B%2B%2BUE4%2BRelease-4.23&UserID=dee5b6624d5c02a4d29783a27550813b%7C42c4928ca7b748af970441078c6ae049%7Cadb76f7c-7150-4b1f-855f-0d155a95bcd4&AppEnvironment=datacollector-binary&UploadType=eteventstream, HTTP code: 0, content length: -1, actual payload size: 0
[2021.08.04-13.12.22:489][116]LogHttp: Warning: 000001B4BE547740: request failed, libcurl error: 6 (Couldn't resolve host name)
[2021.08.04-13.12.22:489][116]LogHttp: Warning: 000001B4BE547740: libcurl info message cache 0 (Could not resolve host: datarouter.ol.epicgames.com)
[2021.08.04-13.12.22:489][116]LogHttp: Warning: 000001B4BE547740: libcurl info message cache 1 (Closing connection 11)
[2021.08.04-13.12.22:489][116]LogHttp: Warning: Retry exhausted on https://datarouter.ol.epicgames.com/datarouter/api/v1/public/data?SessionID=%7B107C745A-4AB1-C689-A8B7-C9A13BAC4288%7D&AppID=UEEditor.Rocket.Release&AppVersion=4.23.1-9631420%2B%2B%2BUE4%2BRelease-4.23&UserID=dee5b6624d5c02a4d29783a27550813b%7C42c4928ca7b748af970441078c6ae049%7Cadb76f7c-7150-4b1f-855f-0d155a95bcd4&AppEnvironment=datacollector-binary&UploadType=eteventstream
[2021.08.04-13.14.22:899][476]LogHttp: Warning: 000001B4BE546D40: invalid HTTP response code received. URL: https://datarouter.ol.epicgames.com/datarouter/api/v1/public/data?SessionID=%7B107C745A-4AB1-C689-A8B7-C9A13BAC4288%7D&AppID=UEEditor.Rocket.Release&AppVersion=4.23.1-9631420%2B%2B%2BUE4%2BRelease-4.23&UserID=dee5b6624d5c02a4d29783a27550813b%7C42c4928ca7b748af970441078c6ae049%7Cadb76f7c-7150-4b1f-855f-0d155a95bcd4&AppEnvironment=datacollector-binary&UploadType=eteventstream, HTTP code: 0, content length: -1, actual payload size: 0
[2021.08.04-13.14.22:899][476]LogHttp: Warning: 000001B4BE546D40: request failed, libcurl error: 6 (Couldn't resolve host name)
[2021.08.04-13.14.22:899][476]LogHttp: Warning: 000001B4BE546D40: libcurl info message cache 0 (Could not resolve host: datarouter.ol.epicgames.com)
[2021.08.04-13.14.22:899][476]LogHttp: Warning: 000001B4BE546D40: libcurl info message cache 1 (Closing connection 12)
[2021.08.04-13.14.22:899][476]LogHttp: Warning: Retry exhausted on https://datarouter.ol.epicgames.com/datarouter/api/v1/public/data?SessionID=%7B107C745A-4AB1-C689-A8B7-C9A13BAC4288%7D&AppID=UEEditor.Rocket.Release&AppVersion=4.23.1-9631420%2B%2B%2BUE4%2BRelease-4.23&UserID=dee5b6624d5c02a4d29783a27550813b%7C42c4928ca7b748af970441078c6ae049%7Cadb76f7c-7150-4b1f-855f-0d155a95bcd4&AppEnvironment=datacollector-binary&UploadType=eteventstream
[2021.08.04-13.16.23:264][836]LogHttp: Warning: 000001B4BE5456C0: invalid HTTP response code received. URL: https://datarouter.ol.epicgames.com/datarouter/api/v1/public/data?SessionID=%7B107C745A-4AB1-C689-A8B7-C9A13BAC4288%7D&AppID=UEEditor.Rocket.Release&AppVersion=4.23.1-9631420%2B%2B%2BUE4%2BRelease-4.23&UserID=dee5b6624d5c02a4d29783a27550813b%7C42c4928ca7b748af970441078c6ae049%7Cadb76f7c-7150-4b1f-855f-0d155a95bcd4&AppEnvironment=datacollector-binary&UploadType=eteventstream, HTTP code: 0, content length: -1, actual payload size: 0
[2021.08.04-13.16.23:264][836]LogHttp: Warning: 000001B4BE5456C0: request failed, libcurl error: 6 (Couldn't resolve host name)
[2021.08.04-13.16.23:264][836]LogHttp: Warning: 000001B4BE5456C0: libcurl info message cache 0 (Could not resolve host: datarouter.ol.epicgames.com)
[2021.08.04-13.16.23:264][836]LogHttp: Warning: 000001B4BE5456C0: libcurl info message cache 1 (Closing connection 13)
[2021.08.04-13.16.23:265][836]LogHttp: Warning: Retry exhausted on https://datarouter.ol.epicgames.com/datarouter/api/v1/public/data?SessionID=%7B107C745A-4AB1-C689-A8B7-C9A13BAC4288%7D&AppID=UEEditor.Rocket.Release&AppVersion=4.23.1-9631420%2B%2B%2BUE4%2BRelease-4.23&UserID=dee5b6624d5c02a4d29783a27550813b%7C42c4928ca7b748af970441078c6ae049%7Cadb76f7c-7150-4b1f-855f-0d155a95bcd4&AppEnvironment=datacollector-binary&UploadType=eteventstream
[2021.08.04-13.17.39:436][ 62]LogSlate: FSceneViewport::OnFocusLost() reason 0
[2021.08.04-15.29.05:983][846]LogUObjectHash: Compacting FUObjectHashTables data took   6.07ms
[2021.08.04-15.29.06:169][846]LogSlate: Window 'HW_02_UI - Unreal Editor' being destroyed
[2021.08.04-15.29.06:769][847]Cmd: QUIT_EDITOR
[2021.08.04-15.29.07:208][847]LogExit: Preparing to exit.
[2021.08.04-15.29.07:908][847]LogWorld: UWorld::CleanupWorld for World_1, bSessionEnded=true, bCleanupResources=true
[2021.08.04-15.29.07:928][847]LogWorld: UWorld::CleanupWorld for World_0, bSessionEnded=true, bCleanupResources=true
[2021.08.04-15.29.07:928][847]LogWorld: UWorld::CleanupWorld for World_2, bSessionEnded=true, bCleanupResources=true
[2021.08.04-15.29.08:591][847]LogWorld: UWorld::CleanupWorld for None, bSessionEnded=true, bCleanupResources=true
[2021.08.04-15.29.08:593][847]LogExit: Editor shut down
[2021.08.04-15.29.08:593][847]LogExit: Transaction tracking system shut down
[2021.08.04-15.29.08:661][847]LogDemo: Cleaned up 0 splitscreen connections with owner deletion
[2021.08.04-15.29.11:124][847]LogExit: Object subsystem successfully closed.
[2021.08.04-15.29.11:300][847]LogShaderCompilers: Display: Shaders left to compile 0
[2021.08.04-15.29.12:528][847]LogModuleManager: Shutting down and abandoning module HierarchicalLODOutliner (670)
[2021.08.04-15.29.12:528][847]LogModuleManager: Shutting down and abandoning module SceneOutliner (668)
[2021.08.04-15.29.12:528][847]LogModuleManager: Shutting down and abandoning module WorldBrowser (666)
[2021.08.04-15.29.12:528][847]LogModuleManager: Shutting down and abandoning module AddContentDialog (664)
[2021.08.04-15.29.12:553][847]LogModuleManager: Shutting down and abandoning module WidgetCarousel (663)
[2021.08.04-15.29.12:553][847]LogModuleManager: Shutting down and abandoning module EditorWidgets (660)
[2021.08.04-15.29.12:553][847]LogModuleManager: Shutting down and abandoning module CollectionManager (658)
[2021.08.04-15.29.12:564][847]LogModuleManager: Shutting down and abandoning module StatsViewer (656)
[2021.08.04-15.29.12:575][847]LogModuleManager: Shutting down and abandoning module VirtualTexturingEditor (654)
[2021.08.04-15.29.12:575][847]LogModuleManager: Shutting down and abandoning module FoliageEdit (652)
[2021.08.04-15.29.12:592][847]LogModuleManager: Shutting down and abandoning module LandscapeEditor (650)
[2021.08.04-15.29.12:642][847]LogModuleManager: Shutting down and abandoning module MeshPaintMode (648)
[2021.08.04-15.29.12:642][847]LogModuleManager: Shutting down and abandoning module SceneDepthPickerMode (646)
[2021.08.04-15.29.12:642][847]LogModuleManager: Shutting down and abandoning module ActorPickerMode (644)
[2021.08.04-15.29.12:642][847]LogModuleManager: Shutting down and abandoning module GeometryMode (642)
[2021.08.04-15.29.12:652][847]LogModuleManager: Shutting down and abandoning module TextureAlignMode (640)
[2021.08.04-15.29.12:652][847]LogModuleManager: Shutting down and abandoning module BspMode (638)
[2021.08.04-15.29.12:652][847]LogModuleManager: Shutting down and abandoning module PIEPreviewDeviceProfileSelector (636)
[2021.08.04-15.29.12:661][847]LogModuleManager: Shutting down and abandoning module SequenceRecorderSections (634)
[2021.08.04-15.29.12:671][847]LogModuleManager: Shutting down and abandoning module AutomationWorker (632)
[2021.08.04-15.29.12:671][847]LogModuleManager: Shutting down and abandoning module OculusMR (630)
[2021.08.04-15.29.12:671][847]LogModuleManager: Shutting down and abandoning module AudioCaptureEditor (628)
[2021.08.04-15.29.12:677][847]LogModuleManager: Shutting down and abandoning module MatineeToLevelSequence (626)
[2021.08.04-15.29.12:685][847]LogModuleManager: Shutting down and abandoning module LevelSequenceEditor (624)
[2021.08.04-15.29.12:733][847]LogModuleManager: Shutting down and abandoning module PlacementMode (623)
[2021.08.04-15.29.12:733][847]LogModuleManager: Shutting down and abandoning module MaterialEditor (622)
[2021.08.04-15.29.12:766][847]LogModuleManager: Shutting down and abandoning module ActorSequenceEditor (618)
[2021.08.04-15.29.12:770][847]LogModuleManager: Shutting down and abandoning module WmfMediaFactory (616)
[2021.08.04-15.29.12:770][847]LogModuleManager: Shutting down and abandoning module WmfMediaEditor (614)
[2021.08.04-15.29.12:771][847]LogModuleManager: Shutting down and abandoning module WebMMediaFactory (612)
[2021.08.04-15.29.12:771][847]LogModuleManager: Shutting down and abandoning module WebMMediaEditor (610)
[2021.08.04-15.29.12:771][847]LogModuleManager: Shutting down and abandoning module WebMMedia (608)
[2021.08.04-15.29.12:782][847]LogModuleManager: Shutting down and abandoning module MediaPlayerEditor (606)
[2021.08.04-15.29.12:798][847]LogModuleManager: Shutting down and abandoning module MediaCompositingEditor (604)
[2021.08.04-15.29.12:821][847]LogModuleManager: Shutting down and abandoning module SequenceRecorder (603)
[2021.08.04-15.29.12:821][847]LogModuleManager: Shutting down and abandoning module OpenExrWrapper (600)
[2021.08.04-15.29.12:821][847]LogModuleManager: Shutting down and abandoning module ImgMediaFactory (598)
[2021.08.04-15.29.12:821][847]LogModuleManager: Shutting down and abandoning module ImgMediaEditor (596)
[2021.08.04-15.29.12:821][847]LogModuleManager: Shutting down and abandoning module AvfMediaFactory (594)
[2021.08.04-15.29.12:821][847]LogModuleManager: Shutting down and abandoning module AvfMediaEditor (592)
[2021.08.04-15.29.12:821][847]LogModuleManager: Shutting down and abandoning module AndroidMediaFactory (590)
[2021.08.04-15.29.12:821][847]LogModuleManager: Shutting down and abandoning module AndroidMediaEditor (588)
[2021.08.04-15.29.12:821][847]LogModuleManager: Shutting down and abandoning module MagicLeapCameraPreviewFactory (586)
[2021.08.04-15.29.12:821][847]LogModuleManager: Shutting down and abandoning module MagicLeapMediaCodecFactory (584)
[2021.08.04-15.29.12:821][847]LogModuleManager: Shutting down and abandoning module MagicLeapMediaFactory (582)
[2021.08.04-15.29.12:821][847]LogModuleManager: Shutting down and abandoning module MagicLeapMediaEditor (580)
[2021.08.04-15.29.12:821][847]LogModuleManager: Shutting down and abandoning module CharacterAI (578)
[2021.08.04-15.29.12:821][847]LogModuleManager: Shutting down and abandoning module SmartSnapping (576)
[2021.08.04-15.29.12:821][847]LogModuleManager: Shutting down and abandoning module SessionServices (574)
[2021.08.04-15.29.12:821][847]LogModuleManager: Shutting down and abandoning module MeshPaint (572)
[2021.08.04-15.29.12:842][847]LogModuleManager: Shutting down and abandoning module ViewportSnapping (570)
[2021.08.04-15.29.12:842][847]LogModuleManager: Shutting down and abandoning module ViewportInteraction (568)
[2021.08.04-15.29.12:842][847]LogModuleManager: Shutting down and abandoning module ClothPainter (566)
[2021.08.04-15.29.12:865][847]LogModuleManager: Shutting down and abandoning module SkeletalMeshEditor (565)
[2021.08.04-15.29.12:882][847]LogModuleManager: Shutting down and abandoning module LogVisualizer (562)
[2021.08.04-15.29.12:900][847]LogModuleManager: Shutting down and abandoning module IntroTutorials (560)
[2021.08.04-15.29.12:900][847]LogModuleManager: Shutting down and abandoning module GameProjectGeneration (559)
[2021.08.04-15.29.12:912][847]LogModuleManager: Shutting down and abandoning module LuminPlatformEditor (556)
[2021.08.04-15.29.12:912][847]LogModuleManager: Shutting down and abandoning module IOSPlatformEditor (554)
[2021.08.04-15.29.12:925][847]LogModuleManager: Shutting down and abandoning module HTML5PlatformEditor (552)
[2021.08.04-15.29.12:925][847]LogModuleManager: Shutting down and abandoning module AndroidPlatformEditor (550)
[2021.08.04-15.29.12:925][847]LogModuleManager: Shutting down and abandoning module AndroidDeviceDetection (549)
[2021.08.04-15.29.13:451][847]LogModuleManager: Shutting down and abandoning module WindowsPlatformEditor (546)
[2021.08.04-15.29.13:451][847]LogModuleManager: Shutting down and abandoning module LuminRuntimeSettings (544)
[2021.08.04-15.29.13:451][847]LogModuleManager: Shutting down and abandoning module IOSRuntimeSettings (542)
[2021.08.04-15.29.13:451][847]LogModuleManager: Shutting down and abandoning module AndroidRuntimeSettings (540)
[2021.08.04-15.29.13:451][847]LogModuleManager: Shutting down and abandoning module TimeManagementEditor (538)
[2021.08.04-15.29.13:451][847]LogModuleManager: Shutting down and abandoning module InputBindingEditor (536)
[2021.08.04-15.29.13:471][847]LogModuleManager: Shutting down and abandoning module MergeActors (534)
[2021.08.04-15.29.13:487][847]LogModuleManager: Shutting down and abandoning module LocalizationDashboard (532)
[2021.08.04-15.29.13:500][847]LogModuleManager: Shutting down and abandoning module LocalizationService (531)
[2021.08.04-15.29.13:503][847]LogModuleManager: Shutting down and abandoning module HardwareTargeting (528)
[2021.08.04-15.29.13:503][847]LogModuleManager: Shutting down and abandoning module DeviceProfileEditor (526)
[2021.08.04-15.29.13:516][847]LogModuleManager: Shutting down and abandoning module UndoHistory (524)
[2021.08.04-15.29.13:525][847]LogModuleManager: Shutting down and abandoning module XmlParser (522)
[2021.08.04-15.29.13:533][847]LogModuleManager: Shutting down and abandoning module Blutility (520)
[2021.08.04-15.29.13:543][847]LogModuleManager: Shutting down and abandoning module ProjectSettingsViewer (518)
[2021.08.04-15.29.13:543][847]LogModuleManager: Shutting down and abandoning module ProjectTargetPlatformEditor (517)
[2021.08.04-15.29.13:544][847]LogModuleManager: Shutting down and abandoning module EditorSettingsViewer (514)
[2021.08.04-15.29.13:544][847]LogModuleManager: Shutting down and abandoning module SettingsEditor (512)
[2021.08.04-15.29.13:560][847]LogModuleManager: Shutting down and abandoning module ProjectLauncher (510)
[2021.08.04-15.29.13:576][847]LogModuleManager: Shutting down and abandoning module SessionFrontend (508)
[2021.08.04-15.29.13:585][847]LogModuleManager: Shutting down and abandoning module ProfilerClient (506)
[2021.08.04-15.29.13:596][847]LogModuleManager: Shutting down and abandoning module DeviceManager (504)
[2021.08.04-15.29.13:608][847]LogModuleManager: Shutting down and abandoning module TargetDeviceServices (503)
[2021.08.04-15.29.13:670][847]LogModuleManager: Shutting down and abandoning module AutomationController (500)
[2021.08.04-15.29.13:681][847]LogModuleManager: Shutting down and abandoning module AutomationWindow (498)
[2021.08.04-15.29.13:700][847]LogModuleManager: Shutting down and abandoning module Layers (496)
[2021.08.04-15.29.13:723][847]LogModuleManager: Shutting down and abandoning module ComponentVisualizers (494)
[2021.08.04-15.29.13:723][847]LogModuleManager: Shutting down and abandoning module DetailCustomizations (492)
[2021.08.04-15.29.13:743][847]LogModuleManager: Shutting down and abandoning module PackagesDialog (490)
[2021.08.04-15.29.13:744][847]LogModuleManager: Shutting down and abandoning module AnimationBlueprintEditor (488)
[2021.08.04-15.29.13:774][847]LogModuleManager: Shutting down and abandoning module Persona (486)
[2021.08.04-15.29.13:799][847]LogModuleManager: Shutting down and abandoning module AdvancedPreviewScene (485)
[2021.08.04-15.29.13:799][847]LogModuleManager: Shutting down and abandoning module AnimGraph (483)
[2021.08.04-15.29.13:799][847]LogModuleManager: Shutting down and abandoning module Kismet (480)
[2021.08.04-15.29.13:841][847]LogModuleManager: Shutting down and abandoning module KismetWidgets (479)
[2021.08.04-15.29.13:845][847]LogModuleManager: Shutting down and abandoning module GraphEditor (476)
[2021.08.04-15.29.13:877][847]LogModuleManager: Shutting down and abandoning module StructViewer (474)
[2021.08.04-15.29.13:877][847]LogModuleManager: Shutting down and abandoning module ClassViewer (472)
[2021.08.04-15.29.13:877][847]LogModuleManager: Shutting down and abandoning module Toolbox (470)
[2021.08.04-15.29.13:877][847]LogModuleManager: Shutting down and abandoning module ModuleUI (468)
[2021.08.04-15.29.13:885][847]LogModuleManager: Shutting down and abandoning module MovieSceneTools (466)
[2021.08.04-15.29.13:904][847]LogModuleManager: Shutting down and abandoning module OutputLog (464)
[2021.08.04-15.29.13:921][847]LogModuleManager: Shutting down and abandoning module GammaUI (462)
[2021.08.04-15.29.13:930][847]LogModuleManager: Shutting down and abandoning module Documentation (460)
[2021.08.04-15.29.13:930][847]LogModuleManager: Shutting down and abandoning module LiveCoding (458)
[2021.08.04-15.29.13:947][847]LogModuleManager: Shutting down and abandoning module LevelSequence (456)
[2021.08.04-15.29.13:947][847]LogModuleManager: Shutting down and abandoning module MovieSceneTracks (454)
[2021.08.04-15.29.13:947][847]LogModuleManager: Shutting down and abandoning module MovieScene (452)
[2021.08.04-15.29.13:958][847]LogModuleManager: Shutting down and abandoning module StreamingPauseRendering (450)
[2021.08.04-15.29.13:965][847]LogModuleManager: Shutting down and abandoning module LauncherPlatform (448)
[2021.08.04-15.29.13:965][847]LogModuleManager: Shutting down and abandoning module AnalyticsET (446)
[2021.08.04-15.29.13:965][847]LogModuleManager: Shutting down and abandoning module PortalServices (444)
[2021.08.04-15.29.13:965][847]LogModuleManager: Shutting down and abandoning module PortalRpc (442)
[2021.08.04-15.29.13:965][847]LogModuleManager: Shutting down and abandoning module MessagingRpc (440)
[2021.08.04-15.29.13:965][847]LogModuleManager: Shutting down and abandoning module AIModule (438)
[2021.08.04-15.29.13:973][847]LogModuleManager: Shutting down and abandoning module GameplayDebugger (437)
[2021.08.04-15.29.13:986][847]LogModuleManager: Shutting down and abandoning module AITestSuite (435)
[2021.08.04-15.29.13:986][847]LogModuleManager: Shutting down and abandoning module NavigationSystem (433)
[2021.08.04-15.29.13:986][847]LogModuleManager: Shutting down and abandoning module DesktopPlatform (430)
[2021.08.04-15.29.13:998][847]LogModuleManager: Shutting down and abandoning module ImageWriteQueue (428)
[2021.08.04-15.29.14:002][847]LogModuleManager: Shutting down and abandoning module ProfilerService (426)
[2021.08.04-15.29.14:265][847]LogModuleManager: Shutting down and abandoning module TaskGraph (424)
[2021.08.04-15.29.14:345][847]LogModuleManager: Shutting down and abandoning module ScreenshotTools (422)
[2021.08.04-15.29.14:345][847]LogModuleManager: Shutting down and abandoning module SteamVRController (420)
[2021.08.04-15.29.14:345][847]LogModuleManager: Shutting down and abandoning module ProceduralMeshComponentEditor (418)
[2021.08.04-15.29.14:345][847]LogModuleManager: Shutting down and abandoning module ProceduralMeshComponent (416)
[2021.08.04-15.29.14:359][847]LogModuleManager: Shutting down and abandoning module OculusEditor (414)
[2021.08.04-15.29.14:364][847]LogModuleManager: Shutting down and abandoning module OculusInput (412)
[2021.08.04-15.29.14:364][847]LogModuleManager: Shutting down and abandoning module MobilePatchingUtils (410)
[2021.08.04-15.29.14:364][847]LogModuleManager: Shutting down and abandoning module EditableMesh (408)
[2021.08.04-15.29.14:378][847]LogModuleManager: Shutting down and abandoning module CustomMeshComponent (406)
[2021.08.04-15.29.14:378][847]LogModuleManager: Shutting down and abandoning module CableComponent (404)
[2021.08.04-15.29.14:378][847]LogModuleManager: Shutting down and abandoning module AudioCapture (402)
[2021.08.04-15.29.14:378][847]LogModuleManager: Shutting down and abandoning module ArchVisCharacter (400)
[2021.08.04-15.29.14:378][847]LogModuleManager: Shutting down and abandoning module AppleImageUtilsBlueprintSupport (398)
[2021.08.04-15.29.14:378][847]LogModuleManager: Shutting down and abandoning module AppleImageUtils (396)
[2021.08.04-15.29.14:378][847]LogModuleManager: Shutting down and abandoning module AndroidPermission (394)
[2021.08.04-15.29.14:378][847]LogModuleManager: Shutting down and abandoning module NUTUnrealEngine4 (392)
[2021.08.04-15.29.14:381][847]LogModuleManager: Shutting down and abandoning module NetcodeUnitTest (390)
[2021.08.04-15.29.14:399][847]LogModuleManager: Shutting down and abandoning module MediaCompositing (388)
[2021.08.04-15.29.14:399][847]LogModuleManager: Shutting down and abandoning module ImgMedia (386)
[2021.08.04-15.29.14:409][847]LogModuleManager: Shutting down and abandoning module MagicLeapHelperVulkan (384)
[2021.08.04-15.29.14:409][847]LogModuleManager: Shutting down and abandoning module MagicLeapHelperOpenGL (382)
[2021.08.04-15.29.14:409][847]LogModuleManager: Shutting down and abandoning module MagicLeapAudio (380)
[2021.08.04-15.29.14:419][847]LogModuleManager: Shutting down and abandoning module HTML5Networking (378)
[2021.08.04-15.29.14:419][847]LogModuleManager: Shutting down and abandoning module GeometryCacheTracks (376)
[2021.08.04-15.29.14:419][847]LogModuleManager: Shutting down and abandoning module GeometryCacheSequencer (374)
[2021.08.04-15.29.14:419][847]LogModuleManager: Shutting down and abandoning module BackChannel (372)
[2021.08.04-15.29.14:430][847]LogModuleManager: Shutting down and abandoning module AutomationUtilsEditor (370)
[2021.08.04-15.29.14:430][847]LogModuleManager: Shutting down and abandoning module AutomationUtils (368)
[2021.08.04-15.29.14:430][847]LogModuleManager: Shutting down and abandoning module AlembicImporter (366)
[2021.08.04-15.29.14:441][847]LogModuleManager: Shutting down and abandoning module AlembicLibrary (365)
[2021.08.04-15.29.14:441][847]LogModuleManager: Shutting down and abandoning module GeometryCache (364)
[2021.08.04-15.29.14:441][847]LogModuleManager: Shutting down and abandoning module GeometryCacheEd (363)
[2021.08.04-15.29.14:441][847]LogModuleManager: Shutting down and abandoning module VariantManagerContent (358)
[2021.08.04-15.29.14:441][847]LogModuleManager: Shutting down and abandoning module DatasmithContentEditor (356)
[2021.08.04-15.29.14:441][847]LogModuleManager: Shutting down and abandoning module SpeedTreeImporter (354)
[2021.08.04-15.29.14:441][847]LogModuleManager: Shutting down and abandoning module PluginBrowser (352)
[2021.08.04-15.29.14:450][847]LogModuleManager: Shutting down and abandoning module MobileLauncherProfileWizard (350)
[2021.08.04-15.29.14:458][847]LogModuleManager: Shutting down and abandoning module MaterialAnalyzer (348)
[2021.08.04-15.29.14:467][847]LogModuleManager: Shutting down and abandoning module CurveEditorTools (346)
[2021.08.04-15.29.14:483][847]LogModuleManager: Shutting down and abandoning module CurveEditor (345)
[2021.08.04-15.29.14:495][847]LogModuleManager: Shutting down and abandoning module CryptoKeysOpenSSL (342)
[2021.08.04-15.29.14:495][847]LogModuleManager: Shutting down and abandoning module CryptoKeys (340)
[2021.08.04-15.29.14:495][847]LogModuleManager: Shutting down and abandoning module VisualStudioSourceCodeAccess (338)
[2021.08.04-15.29.14:509][847]LogModuleManager: Shutting down and abandoning module VisualStudioCodeSourceCodeAccess (336)
[2021.08.04-15.29.14:509][847]LogModuleManager: Shutting down and abandoning module UObjectPlugin (334)
[2021.08.04-15.29.14:509][847]LogModuleManager: Shutting down and abandoning module SubversionSourceControl (332)
[2021.08.04-15.29.14:517][847]LogModuleManager: Shutting down and abandoning module PerforceSourceControl (330)
[2021.08.04-15.29.14:527][847]LogModuleManager: Shutting down and abandoning module GitSourceControl (328)
[2021.08.04-15.29.14:536][847]LogModuleManager: Shutting down and abandoning module SourceControl (327)
[2021.08.04-15.29.14:536][847]LogModuleManager: Shutting down and abandoning module CLionSourceCodeAccess (324)
[2021.08.04-15.29.14:536][847]LogModuleManager: Shutting down and abandoning module AnimationSharingEd (322)
[2021.08.04-15.29.14:536][847]LogModuleManager: Shutting down and abandoning module ActorLayerUtilitiesEditor (320)
[2021.08.04-15.29.14:536][847]LogModuleManager: Shutting down and abandoning module ActorLayerUtilities (318)
[2021.08.04-15.29.14:536][847]LogModuleManager: Shutting down and abandoning module LightPropagationVolumeEditor (316)
[2021.08.04-15.29.14:536][847]LogModuleManager: Shutting down and abandoning module PaperTiledImporter (314)
[2021.08.04-15.29.14:536][847]LogModuleManager: Shutting down and abandoning module PaperSpriteSheetImporter (312)
[2021.08.04-15.29.14:536][847]LogModuleManager: Shutting down and abandoning module Paper2DEditor (310)
[2021.08.04-15.29.14:564][847]LogModuleManager: Shutting down and abandoning module SignificanceManager (308)
[2021.08.04-15.29.14:564][847]LogModuleManager: Shutting down and abandoning module RuntimePhysXCooking (306)
[2021.08.04-15.29.14:564][847]LogModuleManager: Shutting down and abandoning module PhysXVehiclesEditor (304)
[2021.08.04-15.29.14:564][847]LogModuleManager: Shutting down and abandoning module LocationServicesBPLibrary (300)
[2021.08.04-15.29.14:564][847]LogModuleManager: Shutting down and abandoning module ActorSequence (298)
[2021.08.04-15.29.14:564][847]LogModuleManager: Shutting down and abandoning module UdpMessaging (296)
[2021.08.04-15.29.14:666][847]LogModuleManager: Shutting down and abandoning module TcpMessaging (294)
[2021.08.04-15.29.14:772][847]LogModuleManager: Shutting down and abandoning module MagicLeapIdentity (292)
[2021.08.04-15.29.14:772][847]LogModuleManager: Shutting down and abandoning module MagicLeapSecureStorage (290)
[2021.08.04-15.29.14:772][847]LogModuleManager: Shutting down and abandoning module MagicLeapHandTracking (288)
[2021.08.04-15.29.14:776][847]LogModuleManager: Shutting down and abandoning module MagicLeapEyeTracker (286)
[2021.08.04-15.29.14:776][847]LogModuleManager: Shutting down and abandoning module MagicLeapController (284)
[2021.08.04-15.29.14:780][847]LogSlate: Slate User Destroyed.  User Index 0, Is Virtual User: 0
[2021.08.04-15.29.14:780][847]LogModuleManager: Shutting down and abandoning module MagicLeapAR (282)
[2021.08.04-15.29.14:781][847]LogModuleManager: Shutting down and abandoning module AugmentedReality (281)
[2021.08.04-15.29.14:781][847]LogModuleManager: Shutting down and abandoning module GameplayTagsEditor (278)
[2021.08.04-15.29.14:786][847]LogModuleManager: Shutting down and abandoning module FacialAnimationEditor (276)
[2021.08.04-15.29.14:786][847]LogModuleManager: Shutting down and abandoning module FacialAnimation (274)
[2021.08.04-15.29.14:786][847]LogModuleManager: Shutting down and abandoning module DataValidation (272)
[2021.08.04-15.29.14:794][847]LogModuleManager: Shutting down and abandoning module AssetManagerEditor (270)
[2021.08.04-15.29.14:801][847]LogModuleManager: Shutting down and abandoning module LevelEditor (269)
[2021.08.04-15.29.14:835][847]LogModuleManager: Shutting down and abandoning module PixelInspectorModule (268)
[2021.08.04-15.29.14:845][847]LogModuleManager: Shutting down and abandoning module CommonMenuExtensions (266)
[2021.08.04-15.29.14:845][847]LogModuleManager: Shutting down and abandoning module MainFrame (264)
[2021.08.04-15.29.14:845][847]LogModuleManager: Shutting down and abandoning module HotReload (263)
[2021.08.04-15.29.14:854][847]LogModuleManager: Shutting down and abandoning module ContentBrowser (259)
[2021.08.04-15.29.14:857][847]LogModuleManager: Shutting down and abandoning module TreeMap (257)
[2021.08.04-15.29.14:865][847]LogModuleManager: Shutting down and abandoning module AnimationSharing (254)
[2021.08.04-15.29.14:865][847]LogModuleManager: Shutting down and abandoning module LightPropagationVolumeRuntime (252)
[2021.08.04-15.29.14:865][847]LogModuleManager: Shutting down and abandoning module Paper2D (250)
[2021.08.04-15.29.14:876][847]LogModuleManager: Shutting down and abandoning module WindowsMoviePlayer (248)
[2021.08.04-15.29.14:884][847]LogModuleManager: Shutting down and abandoning module WebMMoviePlayer (246)
[2021.08.04-15.29.14:891][847]LogModuleManager: Shutting down and abandoning module NetworkReplayStreaming (244)
[2021.08.04-15.29.14:891][847]LogModuleManager: Shutting down and abandoning module PacketHandler (242)
[2021.08.04-15.29.14:891][847]LogModuleManager: Shutting down and abandoning module ClothingSystemEditor (240)
[2021.08.04-15.29.14:891][847]LogModuleManager: Shutting down and abandoning module ClothingSystemRuntime (238)
[2021.08.04-15.29.14:906][847]LogModuleManager: Shutting down and abandoning module MediaAssets (236)
[2021.08.04-15.29.14:906][847]LogModuleManager: Shutting down and abandoning module Overlay (234)
[2021.08.04-15.29.14:906][847]LogModuleManager: Shutting down and abandoning module OverlayEditor (233)
[2021.08.04-15.29.14:906][847]LogModuleManager: Shutting down and abandoning module VREditor (230)
[2021.08.04-15.29.14:919][847]LogModuleManager: Shutting down and abandoning module StringTableEditor (228)
[2021.08.04-15.29.14:936][847]LogModuleManager: Shutting down and abandoning module GameplayTasksEditor (226)
[2021.08.04-15.29.14:936][847]LogModuleManager: Shutting down and abandoning module BehaviorTreeEditor (224)
[2021.08.04-15.29.14:963][847]LogModuleManager: Shutting down and abandoning module FunctionalTesting (222)
[2021.08.04-15.29.14:973][847]LogModuleManager: Shutting down and abandoning module CollisionAnalyzer (220)
[2021.08.04-15.29.14:984][847]LogModuleManager: Shutting down and abandoning module WorkspaceMenuStructure (219)
[2021.08.04-15.29.14:993][847]LogModuleManager: Shutting down and abandoning module UMG (216)
[2021.08.04-15.29.15:006][847]LogModuleManager: Shutting down and abandoning module UMGEditor (215)
[2021.08.04-15.29.15:009][847]LogModuleManager: Shutting down and abandoning module Sequencer (214)
[2021.08.04-15.29.15:046][847]LogModuleManager: Shutting down and abandoning module MessageLog (211)
[2021.08.04-15.29.15:046][847]LogModuleManager: Shutting down and abandoning module SlateReflector (206)
[2021.08.04-15.29.15:068][847]LogModuleManager: Shutting down and abandoning module Slate (204)
[2021.08.04-15.29.15:068][847]LogModuleManager: Shutting down and abandoning module LandscapeEditorUtilities (202)
[2021.08.04-15.29.15:068][847]LogModuleManager: Shutting down and abandoning module EditorStyle (200)
[2021.08.04-15.29.15:070][847]LogModuleManager: Shutting down and abandoning module UnrealEd (198)
[2021.08.04-15.29.15:080][847]LogModuleManager: Shutting down and abandoning module MRMesh (196)
[2021.08.04-15.29.15:080][847]LogModuleManager: Shutting down and abandoning module SourceCodeAccess (194)
[2021.08.04-15.29.15:080][847]LogModuleManager: Shutting down and abandoning module HeadMountedDisplay (192)
[2021.08.04-15.29.15:080][847]LogModuleManager: Shutting down and abandoning module XAudio2 (190)
[2021.08.04-15.29.15:080][847]LogModuleManager: Shutting down and abandoning module Networking (188)
[2021.08.04-15.29.15:080][847]LogModuleManager: Shutting down and abandoning module Core (186)
[2021.08.04-15.29.15:080][847]LogModuleManager: Shutting down and abandoning module KismetCompiler (184)
[2021.08.04-15.29.15:080][847]LogModuleManager: Shutting down and abandoning module MeshUtilities (182)
[2021.08.04-15.29.15:081][847]LogModuleManager: Shutting down and abandoning module MeshMergeUtilities (181)
[2021.08.04-15.29.15:094][847]LogModuleManager: Shutting down and abandoning module MeshReductionInterface (180)
[2021.08.04-15.29.15:094][847]LogModuleManager: Shutting down and abandoning module SkeletalMeshReduction (179)
[2021.08.04-15.29.15:118][847]LogModuleManager: Shutting down and abandoning module ProxyLODMeshReduction (177)
[2021.08.04-15.29.15:133][847]LogModuleManager: Shutting down and abandoning module QuadricMeshReduction (175)
[2021.08.04-15.29.15:145][847]LogModuleManager: Shutting down and abandoning module MaterialBaking (171)
[2021.08.04-15.29.15:151][847]LogModuleManager: Shutting down and abandoning module NullInstallBundleManager (166)
[2021.08.04-15.29.15:151][847]LogModuleManager: Shutting down and abandoning module DerivedDataCache (164)
[2021.08.04-15.29.15:151][847]LogDerivedDataCache: Shutdown
[2021.08.04-15.29.15:156][847]LogModuleManager: Shutting down and abandoning module XGEController (162)
[2021.08.04-15.29.15:156][847]LogXGEController: Cleaning working directory: C:/Users/CYUT-IM/AppData/Local/Temp/UnrealXGEWorkingDir/
[2021.08.04-15.29.15:164][847]LogModuleManager: Shutting down and abandoning module TargetPlatform (160)
[2021.08.04-15.29.15:178][847]LogModuleManager: Shutting down and abandoning module VulkanShaderFormat (159)
[2021.08.04-15.29.15:186][847]LogModuleManager: Shutting down and abandoning module ShaderFormatVectorVM (157)
[2021.08.04-15.29.15:196][847]LogModuleManager: Shutting down and abandoning module ShaderFormatOpenGL (155)
[2021.08.04-15.29.15:207][847]LogModuleManager: Shutting down and abandoning module ShaderFormatD3D (153)
[2021.08.04-15.29.15:216][847]LogModuleManager: Shutting down and abandoning module MetalShaderFormat (151)
[2021.08.04-15.29.15:232][847]LogModuleManager: Shutting down and abandoning module TextureFormatUncompressed (149)
[2021.08.04-15.29.15:232][847]LogModuleManager: Shutting down and abandoning module TextureFormatPVR (147)
[2021.08.04-15.29.15:232][847]LogModuleManager: Shutting down and abandoning module TextureFormatDXT (145)
[2021.08.04-15.29.15:248][847]LogModuleManager: Shutting down and abandoning module TextureFormatIntelISPCTexComp (143)
[2021.08.04-15.29.15:256][847]LogModuleManager: Shutting down and abandoning module TextureFormatASTC (141)
[2021.08.04-15.29.15:256][847]LogModuleManager: Shutting down and abandoning module ImageWrapper (140)
[2021.08.04-15.29.15:256][847]LogModuleManager: Shutting down and abandoning module TextureFormatAndroid (137)
[2021.08.04-15.29.15:256][847]LogModuleManager: Shutting down and abandoning module AudioFormatOpus (135)
[2021.08.04-15.29.15:270][847]LogModuleManager: Shutting down and abandoning module AudioFormatOgg (133)
[2021.08.04-15.29.15:270][847]LogModuleManager: Shutting down and abandoning module AudioFormatADPCM (131)
[2021.08.04-15.29.15:270][847]LogModuleManager: Shutting down and abandoning module LuminTargetPlatform (129)
[2021.08.04-15.29.15:295][847]LogModuleManager: Shutting down and abandoning module LinuxTargetPlatform (127)
[2021.08.04-15.29.15:295][847]LogModuleManager: Shutting down and abandoning module LinuxServerTargetPlatform (125)
[2021.08.04-15.29.15:301][847]LogModuleManager: Shutting down and abandoning module LinuxNoEditorTargetPlatform (123)
[2021.08.04-15.29.15:307][847]LogModuleManager: Shutting down and abandoning module LinuxClientTargetPlatform (121)
[2021.08.04-15.29.15:313][847]LogModuleManager: Shutting down and abandoning module TVOSTargetPlatform (119)
[2021.08.04-15.29.15:318][847]LogModuleManager: Shutting down and abandoning module Messaging (117)
[2021.08.04-15.29.15:318][847]LogModuleManager: Shutting down and abandoning module IOSTargetPlatform (115)
[2021.08.04-15.29.15:321][847]LogModuleManager: Shutting down and abandoning module HTML5TargetPlatform (113)
[2021.08.04-15.29.15:321][847]LogModuleManager: Shutting down and abandoning module AndroidTargetPlatform (111)
[2021.08.04-15.29.15:355][847]LogModuleManager: Shutting down and abandoning module WindowsTargetPlatform (109)
[2021.08.04-15.29.15:355][847]LogModuleManager: Shutting down and abandoning module WindowsServerTargetPlatform (107)
[2021.08.04-15.29.15:355][847]LogModuleManager: Shutting down and abandoning module WindowsNoEditorTargetPlatform (105)
[2021.08.04-15.29.15:355][847]LogModuleManager: Shutting down and abandoning module WindowsClientTargetPlatform (103)
[2021.08.04-15.29.15:355][847]LogModuleManager: Shutting down and abandoning module MacTargetPlatform (101)
[2021.08.04-15.29.15:355][847]LogModuleManager: Shutting down and abandoning module MacServerTargetPlatform (99)
[2021.08.04-15.29.15:355][847]LogModuleManager: Shutting down and abandoning module MacNoEditorTargetPlatform (97)
[2021.08.04-15.29.15:355][847]LogModuleManager: Shutting down and abandoning module MacClientTargetPlatform (95)
[2021.08.04-15.29.15:355][847]LogModuleManager: Shutting down and abandoning module AllDesktopTargetPlatform (93)
[2021.08.04-15.29.15:355][847]LogModuleManager: Shutting down and abandoning module InputCore (90)
[2021.08.04-15.29.15:355][847]LogModuleManager: Shutting down and abandoning module Settings (88)
[2021.08.04-15.29.15:355][847]LogModuleManager: Shutting down and abandoning module DirectoryWatcher (86)
[2021.08.04-15.29.15:356][847]LogModuleManager: Shutting down and abandoning module PhysXCooking (84)
[2021.08.04-15.29.15:356][847]LogModuleManager: Shutting down and abandoning module WindowsPlatformFeatures (82)
[2021.08.04-15.29.15:356][847]LogModuleManager: Shutting down and abandoning module GameplayMediaEncoder (81)
[2021.08.04-15.29.15:368][847]LogModuleManager: Shutting down and abandoning module SteamVR (78)
[2021.08.04-15.29.15:376][847]LogHMD: Freeing OpenVRDLLHandle.
[2021.08.04-15.29.15:376][847]LogModuleManager: Shutting down and abandoning module OculusHMD (76)
[2021.08.04-15.29.15:386][847]LogModuleManager: Shutting down and abandoning module ExampleDeviceProfileSelector (74)
[2021.08.04-15.29.15:386][847]LogModuleManager: Shutting down and abandoning module LauncherChunkInstaller (72)
[2021.08.04-15.29.15:386][847]LogModuleManager: Shutting down and abandoning module OnlineBlueprintSupport (70)
[2021.08.04-15.29.15:386][847]LogModuleManager: Shutting down and abandoning module OnlineSubsystem (66)
[2021.08.04-15.29.15:413][847]LogModuleManager: Shutting down and abandoning module XMPP (61)
[2021.08.04-15.29.15:419][847]LogModuleManager: Shutting down and abandoning module WebSockets (60)
[2021.08.04-15.29.15:469][847]LogModuleManager: Shutting down and abandoning module HTTP (57)
[2021.08.04-15.29.15:469][847]LogHttp: Display: Http module shutting down, but needs to wait on 1 outstanding Http requests:
[2021.08.04-15.29.15:469][847]LogHttp: Display: 	verb=[POST] url=[https://datarouter.ol.epicgames.com/datarouter/api/v1/public/data?SessionID=%7B107C745A-4AB1-C689-A8B7-C9A13BAC4288%7D&AppID=UEEditor.Rocket.Release&AppVersion=4.23.1-9631420%2B%2B%2BUE4%2BRelease-4.23&UserID=dee5b6624d5c02a4d29783a27550813b%7C42c4928ca7b748af970441078c6ae049%7Cadb76f7c-7150-4b1f-855f-0d155a95bcd4&AppEnvironment=datacollector-binary&UploadType=eteventstream] status=Processing
[2021.08.04-15.29.15:481][847]LogModuleManager: Shutting down and abandoning module SSL (56)
[2021.08.04-15.29.15:483][847]LogModuleManager: Shutting down and abandoning module WmfMedia (52)
[2021.08.04-15.29.15:494][847]LogModuleManager: Shutting down and abandoning module Media (51)
[2021.08.04-15.29.15:495][847]LogModuleManager: Shutting down and abandoning module MagicLeap (48)
[2021.08.04-15.29.15:502][847]LogModuleManager: Shutting down and abandoning module DatasmithContent (46)
[2021.08.04-15.29.15:502][847]LogModuleManager: Shutting down and abandoning module AISupportModule (44)
[2021.08.04-15.29.15:502][847]LogModuleManager: Shutting down and abandoning module PlatformCryptoOpenSSL (42)
[2021.08.04-15.29.15:513][847]LogModuleManager: Shutting down and abandoning module PlatformCrypto (40)
[2021.08.04-15.29.15:513][847]LogModuleManager: Shutting down and abandoning module AnimationModifiers (38)
[2021.08.04-15.29.15:521][847]LogModuleManager: Shutting down and abandoning module PropertyEditor (37)
[2021.08.04-15.29.15:546][847]LogModuleManager: Shutting down and abandoning module AudioEditor (34)
[2021.08.04-15.29.15:576][847]LogModuleManager: Shutting down and abandoning module TextureCompressor (32)
[2021.08.04-15.29.15:586][847]LogModuleManager: Shutting down and abandoning module RenderCore (30)
[2021.08.04-15.29.15:586][847]LogModuleManager: Shutting down and abandoning module Landscape (28)
[2021.08.04-15.29.15:586][847]LogModuleManager: Shutting down and abandoning module SlateRHIRenderer (26)
[2021.08.04-15.29.15:603][847]LogModuleManager: Shutting down and abandoning module OpenGLDrv (24)
[2021.08.04-15.29.15:615][847]LogModuleManager: Shutting down and abandoning module D3D11RHI (22)
[2021.08.04-15.29.15:615][847]LogModuleManager: Shutting down and abandoning module AnimGraphRuntime (20)
[2021.08.04-15.29.15:626][847]LogModuleManager: Shutting down and abandoning module Renderer (18)
[2021.08.04-15.29.15:626][847]LogModuleManager: Shutting down and abandoning module Engine (16)
[2021.08.04-15.29.15:637][847]LogModuleManager: Shutting down and abandoning module CoreUObject (14)
[2021.08.04-15.29.15:637][847]LogModuleManager: Shutting down and abandoning module NetworkFile (12)
[2021.08.04-15.29.15:646][847]LogModuleManager: Shutting down and abandoning module CookedIterativeFile (10)
[2021.08.04-15.29.15:646][847]LogModuleManager: Shutting down and abandoning module StreamingFile (8)
[2021.08.04-15.29.15:654][847]LogModuleManager: Shutting down and abandoning module SandboxFile (6)
[2021.08.04-15.29.15:654][847]LogModuleManager: Shutting down and abandoning module PakFile (4)
[2021.08.04-15.29.15:659][847]LogModuleManager: Shutting down and abandoning module RSA (3)
[2021.08.04-15.29.15:669][847]LogD3D11RHI: Shutdown
[2021.08.04-15.29.15:679][847]LogD3D11RHI: CleanupD3DDevice
[2021.08.04-15.29.15:716][847]LogRendererCore: FGlobalDynamicReadBuffer::Cleanup()
[2021.08.04-15.29.15:720][847]LogRendererCore: FGlobalDynamicReadBuffer::Cleanup()
[2021.08.04-15.29.15:720][847]LogRendererCore: FGlobalDynamicReadBuffer::Cleanup()
[2021.08.04-15.29.15:865][847]LogD3D11RHI: ~FD3D11DynamicRHI
[2021.08.04-15.29.15:901][847]LogExit: Exiting.
[2021.08.04-15.29.15:923][847]Log file closed, 08/04/21 23:29:15
